<?xml version="1.0" encoding="UTF-8"?>
<coverage generated="1775192044904" clover="3.2.0">
  <project timestamp="1775192044905" name="All files">
    <metrics statements="424" coveredstatements="205" conditionals="232" coveredconditionals="138" methods="89" coveredmethods="58" elements="745" coveredelements="401" complexity="0" loc="424" ncloc="424" packages="1" files="10" classes="10"/>
    <file name="capitals.js" path="/Users/vijitkohli/UNI/seng3011/F14A_BRAVO/backend/src/capitals.js">
      <metrics statements="1" coveredstatements="0" conditionals="0" coveredconditionals="0" methods="0" coveredmethods="0"/>
      <line num="1" count="0" type="stmt"/>
    </file>
    <file name="checkQolCoverage.js" path="/Users/vijitkohli/UNI/seng3011/F14A_BRAVO/backend/src/checkQolCoverage.js">
      <metrics statements="25" coveredstatements="0" conditionals="8" coveredconditionals="0" methods="4" coveredmethods="0"/>
      <line num="3" count="0" type="stmt"/>
      <line num="4" count="0" type="stmt"/>
      <line num="5" count="0" type="stmt"/>
      <line num="6" count="0" type="stmt"/>
      <line num="8" count="0" type="stmt"/>
      <line num="9" count="0" type="stmt"/>
      <line num="11" count="0" type="stmt"/>
      <line num="12" count="0" type="stmt"/>
      <line num="13" count="0" type="cond" truecount="0" falsecount="2"/>
      <line num="14" count="0" type="stmt"/>
      <line num="15" count="0" type="stmt"/>
      <line num="16" count="0" type="stmt"/>
      <line num="18" count="0" type="stmt"/>
      <line num="19" count="0" type="cond" truecount="0" falsecount="2"/>
      <line num="20" count="0" type="stmt"/>
      <line num="21" count="0" type="cond" truecount="0" falsecount="2"/>
      <line num="22" count="0" type="stmt"/>
      <line num="24" count="0" type="stmt"/>
      <line num="25" count="0" type="stmt"/>
      <line num="29" count="0" type="stmt"/>
      <line num="30" count="0" type="stmt"/>
      <line num="31" count="0" type="stmt"/>
      <line num="32" count="0" type="cond" truecount="0" falsecount="2"/>
      <line num="33" count="0" type="stmt"/>
      <line num="34" count="0" type="stmt"/>
    </file>
    <file name="db.js" path="/Users/vijitkohli/UNI/seng3011/F14A_BRAVO/backend/src/db.js">
      <metrics statements="42" coveredstatements="0" conditionals="22" coveredconditionals="0" methods="7" coveredmethods="0"/>
      <line num="5" count="0" type="stmt"/>
      <line num="6" count="0" type="stmt"/>
      <line num="7" count="0" type="stmt"/>
      <line num="10" count="0" type="cond" truecount="0" falsecount="2"/>
      <line num="11" count="0" type="stmt"/>
      <line num="12" count="0" type="stmt"/>
      <line num="14" count="0" type="cond" truecount="0" falsecount="2"/>
      <line num="15" count="0" type="stmt"/>
      <line num="18" count="0" type="stmt"/>
      <line num="20" count="0" type="stmt"/>
      <line num="21" count="0" type="cond" truecount="0" falsecount="2"/>
      <line num="23" count="0" type="stmt"/>
      <line num="24" count="0" type="stmt"/>
      <line num="27" count="0" type="cond" truecount="0" falsecount="2"/>
      <line num="28" count="0" type="stmt"/>
      <line num="29" count="0" type="stmt"/>
      <line num="31" count="0" type="stmt"/>
      <line num="36" count="0" type="cond" truecount="0" falsecount="2"/>
      <line num="37" count="0" type="stmt"/>
      <line num="38" count="0" type="cond" truecount="0" falsecount="2"/>
      <line num="39" count="0" type="stmt"/>
      <line num="43" count="0" type="cond" truecount="0" falsecount="2"/>
      <line num="44" count="0" type="stmt"/>
      <line num="46" count="0" type="stmt"/>
      <line num="47" count="0" type="stmt"/>
      <line num="51" count="0" type="stmt"/>
      <line num="52" count="0" type="stmt"/>
      <line num="54" count="0" type="cond" truecount="0" falsecount="2"/>
      <line num="55" count="0" type="stmt"/>
      <line num="56" count="0" type="stmt"/>
      <line num="60" count="0" type="cond" truecount="0" falsecount="2"/>
      <line num="61" count="0" type="cond" truecount="0" falsecount="2"/>
      <line num="62" count="0" type="stmt"/>
      <line num="63" count="0" type="stmt"/>
      <line num="64" count="0" type="stmt"/>
      <line num="68" count="0" type="stmt"/>
      <line num="69" count="0" type="stmt"/>
      <line num="72" count="0" type="stmt"/>
      <line num="73" count="0" type="cond" truecount="0" falsecount="2"/>
      <line num="74" count="0" type="stmt"/>
      <line num="76" count="0" type="stmt"/>
      <line num="78" count="0" type="stmt"/>
    </file>
    <file name="error.js" path="/Users/vijitkohli/UNI/seng3011/F14A_BRAVO/backend/src/error.js">
      <metrics statements="4" coveredstatements="2" conditionals="0" coveredconditionals="0" methods="2" coveredmethods="1"/>
      <line num="3" count="28" type="stmt"/>
      <line num="4" count="28" type="stmt"/>
      <line num="10" count="0" type="stmt"/>
      <line num="11" count="0" type="stmt"/>
    </file>
    <file name="meteoScraper.js" path="/Users/vijitkohli/UNI/seng3011/F14A_BRAVO/backend/src/meteoScraper.js">
      <metrics statements="59" coveredstatements="0" conditionals="14" coveredconditionals="0" methods="4" coveredmethods="0"/>
      <line num="5" count="0" type="stmt"/>
      <line num="7" count="0" type="stmt"/>
      <line num="8" count="0" type="stmt"/>
      <line num="9" count="0" type="stmt"/>
      <line num="10" count="0" type="stmt"/>
      <line num="11" count="0" type="stmt"/>
      <line num="14" count="0" type="stmt"/>
      <line num="15" count="0" type="cond" truecount="0" falsecount="2"/>
      <line num="16" count="0" type="stmt"/>
      <line num="17" count="0" type="stmt"/>
      <line num="21" count="0" type="stmt"/>
      <line num="22" count="0" type="cond" truecount="0" falsecount="2"/>
      <line num="23" count="0" type="stmt"/>
      <line num="24" count="0" type="stmt"/>
      <line num="25" count="0" type="stmt"/>
      <line num="27" count="0" type="stmt"/>
      <line num="31" count="0" type="stmt"/>
      <line num="32" count="0" type="stmt"/>
      <line num="34" count="0" type="stmt"/>
      <line num="36" count="0" type="stmt"/>
      <line num="37" count="0" type="stmt"/>
      <line num="39" count="0" type="stmt"/>
      <line num="41" count="0" type="cond" truecount="0" falsecount="2"/>
      <line num="42" count="0" type="stmt"/>
      <line num="43" count="0" type="stmt"/>
      <line num="44" count="0" type="cond" truecount="0" falsecount="2"/>
      <line num="45" count="0" type="stmt"/>
      <line num="46" count="0" type="stmt"/>
      <line num="48" count="0" type="stmt"/>
      <line num="49" count="0" type="stmt"/>
      <line num="52" count="0" type="stmt"/>
      <line num="53" count="0" type="stmt"/>
      <line num="55" count="0" type="stmt"/>
      <line num="62" count="0" type="stmt"/>
      <line num="65" count="0" type="stmt"/>
      <line num="66" count="0" type="stmt"/>
      <line num="68" count="0" type="stmt"/>
      <line num="69" count="0" type="stmt"/>
      <line num="70" count="0" type="stmt"/>
      <line num="73" count="0" type="stmt"/>
      <line num="74" count="0" type="stmt"/>
      <line num="76" count="0" type="stmt"/>
      <line num="77" count="0" type="stmt"/>
      <line num="78" count="0" type="stmt"/>
      <line num="79" count="0" type="stmt"/>
      <line num="81" count="0" type="stmt"/>
      <line num="91" count="0" type="stmt"/>
      <line num="92" count="0" type="stmt"/>
      <line num="103" count="0" type="stmt"/>
      <line num="104" count="0" type="stmt"/>
      <line num="105" count="0" type="stmt"/>
      <line num="108" count="0" type="stmt"/>
      <line num="109" count="0" type="stmt"/>
      <line num="111" count="0" type="stmt"/>
      <line num="113" count="0" type="cond" truecount="0" falsecount="4"/>
      <line num="114" count="0" type="stmt"/>
      <line num="118" count="0" type="stmt"/>
      <line num="119" count="0" type="cond" truecount="0" falsecount="2"/>
      <line num="120" count="0" type="stmt"/>
    </file>
    <file name="observability.js" path="/Users/vijitkohli/UNI/seng3011/F14A_BRAVO/backend/src/observability.js">
      <metrics statements="51" coveredstatements="28" conditionals="37" coveredconditionals="11" methods="13" coveredmethods="5"/>
      <line num="13" count="2" type="stmt"/>
      <line num="14" count="2" type="stmt"/>
      <line num="15" count="2" type="stmt"/>
      <line num="16" count="2" type="cond" truecount="1" falsecount="1"/>
      <line num="23" count="0" type="stmt"/>
      <line num="24" count="0" type="stmt"/>
      <line num="38" count="92" type="stmt"/>
      <line num="46" count="92" type="stmt"/>
      <line num="47" count="92" type="cond" truecount="2" falsecount="2"/>
      <line num="50" count="2" type="stmt"/>
      <line num="51" count="92" type="stmt"/>
      <line num="52" count="0" type="stmt"/>
      <line num="53" count="0" type="stmt"/>
      <line num="60" count="2" type="stmt"/>
      <line num="83" count="92" type="stmt"/>
      <line num="84" count="92" type="stmt"/>
      <line num="85" count="92" type="stmt"/>
      <line num="86" count="92" type="cond" truecount="1" falsecount="1"/>
      <line num="88" count="0" type="stmt"/>
      <line num="96" count="0" type="cond" truecount="0" falsecount="2"/>
      <line num="97" count="0" type="cond" truecount="0" falsecount="2"/>
      <line num="98" count="0" type="stmt"/>
      <line num="99" count="0" type="stmt"/>
      <line num="103" count="0" type="stmt"/>
      <line num="104" count="0" type="cond" truecount="0" falsecount="2"/>
      <line num="105" count="0" type="cond" truecount="0" falsecount="2"/>
      <line num="106" count="0" type="cond" truecount="0" falsecount="2"/>
      <line num="107" count="0" type="cond" truecount="0" falsecount="2"/>
      <line num="108" count="0" type="stmt"/>
      <line num="109" count="0" type="stmt"/>
      <line num="117" count="92" type="stmt"/>
      <line num="118" count="92" type="stmt"/>
      <line num="119" count="92" type="stmt"/>
      <line num="121" count="92" type="stmt"/>
      <line num="122" count="92" type="stmt"/>
      <line num="123" count="92" type="stmt"/>
      <line num="124" count="92" type="stmt"/>
      <line num="126" count="92" type="stmt"/>
      <line num="127" count="92" type="cond" truecount="2" falsecount="0"/>
      <line num="128" count="92" type="cond" truecount="2" falsecount="0"/>
      <line num="129" count="92" type="cond" truecount="2" falsecount="0"/>
      <line num="130" count="92" type="stmt"/>
      <line num="132" count="92" type="stmt"/>
      <line num="144" count="92" type="stmt"/>
      <line num="148" count="0" type="stmt"/>
      <line num="156" count="0" type="stmt"/>
      <line num="164" count="0" type="stmt"/>
      <line num="165" count="0" type="stmt"/>
      <line num="175" count="0" type="cond" truecount="0" falsecount="2"/>
      <line num="178" count="0" type="cond" truecount="0" falsecount="2"/>
      <line num="182" count="0" type="stmt"/>
    </file>
    <file name="processing.js" path="/Users/vijitkohli/UNI/seng3011/F14A_BRAVO/backend/src/processing.js">
      <metrics statements="151" coveredstatements="143" conditionals="103" coveredconditionals="93" methods="43" coveredmethods="40"/>
      <line num="7" count="2" type="stmt"/>
      <line num="13" count="2" type="stmt"/>
      <line num="14" count="2" type="stmt"/>
      <line num="15" count="2" type="stmt"/>
      <line num="16" count="2" type="stmt"/>
      <line num="17" count="2" type="stmt"/>
      <line num="18" count="0" type="stmt"/>
      <line num="19" count="2" type="stmt"/>
      <line num="20" count="2" type="stmt"/>
      <line num="21" count="0" type="stmt"/>
      <line num="22" count="2" type="stmt"/>
      <line num="23" count="2" type="stmt"/>
      <line num="26" count="0" type="stmt"/>
      <line num="36" count="55959" type="stmt"/>
      <line num="38" count="2" type="stmt"/>
      <line num="39" count="222" type="cond" truecount="2" falsecount="0"/>
      <line num="40" count="18628" type="stmt"/>
      <line num="41" count="205" type="stmt"/>
      <line num="42" count="205" type="stmt"/>
      <line num="43" count="205" type="stmt"/>
      <line num="44" count="18628" type="cond" truecount="2" falsecount="0"/>
      <line num="47" count="2" type="stmt"/>
      <line num="48" count="46" type="stmt"/>
      <line num="49" count="46" type="stmt"/>
      <line num="51" count="46" type="stmt"/>
      <line num="52" count="46" type="stmt"/>
      <line num="61" count="46" type="stmt"/>
      <line num="62" count="46" type="stmt"/>
      <line num="63" count="276" type="stmt"/>
      <line num="64" count="276" type="stmt"/>
      <line num="65" count="276" type="cond" truecount="2" falsecount="0"/>
      <line num="66" count="222" type="stmt"/>
      <line num="67" count="18675" type="stmt"/>
      <line num="68" count="18675" type="cond" truecount="5" falsecount="0"/>
      <line num="69" count="18653" type="stmt"/>
      <line num="72" count="222" type="stmt"/>
      <line num="75" count="46" type="stmt"/>
      <line num="82" count="644" type="stmt"/>
      <line num="83" count="1679" type="stmt"/>
      <line num="86" count="130" type="stmt"/>
      <line num="87" count="130" type="stmt"/>
      <line num="88" count="104" type="stmt"/>
      <line num="89" count="130" type="stmt"/>
      <line num="90" count="2" type="stmt"/>
      <line num="91" count="130" type="cond" truecount="1" falsecount="1"/>
      <line num="92" count="130" type="cond" truecount="1" falsecount="1"/>
      <line num="93" count="0" type="stmt"/>
      <line num="97" count="2" type="stmt"/>
      <line num="98" count="0" type="stmt"/>
      <line num="99" count="0" type="stmt"/>
      <line num="102" count="2" type="stmt"/>
      <line num="103" count="104" type="cond" truecount="2" falsecount="0"/>
      <line num="104" count="102" type="cond" truecount="2" falsecount="0"/>
      <line num="105" count="100" type="cond" truecount="2" falsecount="0"/>
      <line num="106" count="98" type="cond" truecount="2" falsecount="0"/>
      <line num="107" count="2" type="stmt"/>
      <line num="111" count="2" type="stmt"/>
      <line num="112" count="130" type="stmt"/>
      <line num="113" count="130" type="stmt"/>
      <line num="114" count="130" type="stmt"/>
      <line num="116" count="130" type="cond" truecount="3" falsecount="0"/>
      <line num="117" count="130" type="cond" truecount="1" falsecount="2"/>
      <line num="120" count="130" type="cond" truecount="2" falsecount="0"/>
      <line num="121" count="130" type="cond" truecount="1" falsecount="1"/>
      <line num="122" count="130" type="stmt"/>
      <line num="123" count="130" type="stmt"/>
      <line num="124" count="130" type="stmt"/>
      <line num="126" count="130" type="stmt"/>
      <line num="138" count="130" type="stmt"/>
      <line num="155" count="2" type="stmt"/>
      <line num="156" count="46" type="stmt"/>
      <line num="157" count="46" type="stmt"/>
      <line num="159" count="552" type="stmt"/>
      <line num="161" count="46" type="stmt"/>
      <line num="162" count="276" type="stmt"/>
      <line num="163" count="18653" type="stmt"/>
      <line num="164" count="18653" type="stmt"/>
      <line num="168" count="552" type="stmt"/>
      <line num="183" count="93265" type="stmt"/>
      <line num="185" count="2" type="stmt"/>
      <line num="190" count="2" type="stmt"/>
      <line num="191" count="46" type="cond" truecount="2" falsecount="0"/>
      <line num="192" count="46" type="stmt"/>
      <line num="193" count="46" type="stmt"/>
      <line num="195" count="46" type="stmt"/>
      <line num="196" count="74612" type="stmt"/>
      <line num="197" count="184" type="stmt"/>
      <line num="205" count="436" type="stmt"/>
      <line num="206" count="184" type="cond" truecount="2" falsecount="0"/>
      <line num="207" count="100" type="stmt"/>
      <line num="208" count="100" type="stmt"/>
      <line num="210" count="84" type="stmt"/>
      <line num="211" count="3810" type="stmt"/>
      <line num="212" count="3811" type="stmt"/>
      <line num="213" count="3811" type="stmt"/>
      <line num="214" count="3811" type="stmt"/>
      <line num="215" count="3410" type="cond" truecount="2" falsecount="0"/>
      <line num="216" count="0" type="cond" truecount="1" falsecount="1"/>
      <line num="219" count="84" type="stmt"/>
      <line num="222" count="46" type="stmt"/>
      <line num="229" count="2" type="stmt"/>
      <line num="230" count="46" type="cond" truecount="2" falsecount="0"/>
      <line num="231" count="46" type="cond" truecount="2" falsecount="0"/>
      <line num="234" count="46" type="cond" truecount="2" falsecount="0"/>
      <line num="237" count="46" type="cond" truecount="2" falsecount="0"/>
      <line num="238" count="46" type="cond" truecount="2" falsecount="0"/>
      <line num="241" count="46" type="cond" truecount="2" falsecount="0"/>
      <line num="242" count="46" type="cond" truecount="2" falsecount="0"/>
      <line num="245" count="46" type="cond" truecount="2" falsecount="0"/>
      <line num="246" count="46" type="cond" truecount="2" falsecount="0"/>
      <line num="249" count="46" type="cond" truecount="2" falsecount="0"/>
      <line num="250" count="46" type="cond" truecount="2" falsecount="0"/>
      <line num="254" count="46" type="stmt"/>
      <line num="262" count="230" type="stmt"/>
      <line num="263" count="46" type="stmt"/>
      <line num="264" count="46" type="cond" truecount="2" falsecount="0"/>
      <line num="265" count="20" type="stmt"/>
      <line num="266" count="20" type="stmt"/>
      <line num="269" count="46" type="stmt"/>
      <line num="295" count="2" type="stmt"/>
      <line num="307" count="2" type="stmt"/>
      <line num="308" count="46" type="cond" truecount="2" falsecount="0"/>
      <line num="309" count="46" type="cond" truecount="2" falsecount="0"/>
      <line num="310" count="4" type="stmt"/>
      <line num="311" count="4" type="stmt"/>
      <line num="318" count="2" type="stmt"/>
      <line num="319" count="64" type="stmt"/>
      <line num="320" count="64" type="stmt"/>
      <line num="321" count="296" type="cond" truecount="2" falsecount="0"/>
      <line num="324" count="53" type="stmt"/>
      <line num="331" count="53" type="stmt"/>
      <line num="332" count="248" type="cond" truecount="2" falsecount="0"/>
      <line num="335" count="46" type="stmt"/>
      <line num="337" count="46" type="stmt"/>
      <line num="338" count="3810" type="stmt"/>
      <line num="339" count="3811" type="stmt"/>
      <line num="340" count="3811" type="stmt"/>
      <line num="341" count="3811" type="stmt"/>
      <line num="342" count="3410" type="cond" truecount="2" falsecount="0"/>
      <line num="343" count="0" type="cond" truecount="1" falsecount="1"/>
      <line num="347" count="46" type="stmt"/>
      <line num="348" count="46" type="stmt"/>
      <line num="349" count="46" type="stmt"/>
      <line num="351" count="46" type="stmt"/>
      <line num="352" count="46" type="cond" truecount="2" falsecount="0"/>
      <line num="353" count="4" type="stmt"/>
      <line num="356" count="46" type="stmt"/>
      <line num="363" count="46" type="stmt"/>
      <line num="364" count="46" type="stmt"/>
      <line num="366" count="46" type="stmt"/>
      <line num="378" count="46" type="stmt"/>
    </file>
    <file name="s3.js" path="/Users/vijitkohli/UNI/seng3011/F14A_BRAVO/backend/src/s3.js">
      <metrics statements="26" coveredstatements="0" conditionals="4" coveredconditionals="0" methods="4" coveredmethods="0"/>
      <line num="8" count="0" type="stmt"/>
      <line num="17" count="0" type="stmt"/>
      <line num="19" count="0" type="stmt"/>
      <line num="21" count="0" type="stmt"/>
      <line num="22" count="0" type="stmt"/>
      <line num="23" count="0" type="stmt"/>
      <line num="24" count="0" type="stmt"/>
      <line num="25" count="0" type="stmt"/>
      <line num="26" count="0" type="stmt"/>
      <line num="28" count="0" type="stmt"/>
      <line num="29" count="0" type="stmt"/>
      <line num="34" count="0" type="stmt"/>
      <line num="36" count="0" type="stmt"/>
      <line num="37" count="0" type="stmt"/>
      <line num="38" count="0" type="stmt"/>
      <line num="46" count="0" type="stmt"/>
      <line num="48" count="0" type="stmt"/>
      <line num="49" count="0" type="stmt"/>
      <line num="54" count="0" type="stmt"/>
      <line num="56" count="0" type="stmt"/>
      <line num="57" count="0" type="stmt"/>
      <line num="58" count="0" type="stmt"/>
      <line num="59" count="0" type="stmt"/>
      <line num="60" count="0" type="cond" truecount="0" falsecount="2"/>
      <line num="62" count="0" type="stmt"/>
      <line num="63" count="0" type="stmt"/>
    </file>
    <file name="score.js" path="/Users/vijitkohli/UNI/seng3011/F14A_BRAVO/backend/src/score.js">
      <metrics statements="32" coveredstatements="32" conditionals="34" coveredconditionals="34" methods="12" coveredmethods="12"/>
      <line num="8" count="2" type="stmt"/>
      <line num="9" count="25" type="cond" truecount="2" falsecount="0"/>
      <line num="10" count="24" type="stmt"/>
      <line num="11" count="24" type="cond" truecount="2" falsecount="0"/>
      <line num="12" count="22" type="stmt"/>
      <line num="23" count="2" type="stmt"/>
      <line num="24" count="12" type="cond" truecount="4" falsecount="0"/>
      <line num="25" count="10" type="cond" truecount="2" falsecount="0"/>
      <line num="26" count="9" type="stmt"/>
      <line num="28" count="35" type="stmt"/>
      <line num="29" count="35" type="cond" truecount="2" falsecount="0"/>
      <line num="30" count="32" type="stmt"/>
      <line num="33" count="26" type="cond" truecount="4" falsecount="0"/>
      <line num="36" count="2" type="stmt"/>
      <line num="37" count="40" type="stmt"/>
      <line num="45" count="20" type="cond" truecount="2" falsecount="0"/>
      <line num="46" count="20" type="cond" truecount="2" falsecount="0"/>
      <line num="47" count="20" type="cond" truecount="2" falsecount="0"/>
      <line num="48" count="2" type="stmt"/>
      <line num="49" count="2" type="stmt"/>
      <line num="50" count="4" type="cond" truecount="4" falsecount="0"/>
      <line num="53" count="20" type="stmt"/>
      <line num="56" count="2" type="stmt"/>
      <line num="57" count="7" type="cond" truecount="2" falsecount="0"/>
      <line num="58" count="6" type="stmt"/>
      <line num="59" count="6" type="cond" truecount="2" falsecount="0"/>
      <line num="60" count="5" type="stmt"/>
      <line num="63" count="2" type="stmt"/>
      <line num="64" count="10" type="cond" truecount="2" falsecount="0"/>
      <line num="65" count="9" type="stmt"/>
      <line num="66" count="9" type="cond" truecount="2" falsecount="0"/>
      <line num="67" count="8" type="stmt"/>
    </file>
    <file name="supplementaryQol.js" path="/Users/vijitkohli/UNI/seng3011/F14A_BRAVO/backend/src/supplementaryQol.js">
      <metrics statements="33" coveredstatements="0" conditionals="10" coveredconditionals="0" methods="0" coveredmethods="0"/>
      <line num="3" count="0" type="stmt"/>
      <line num="10" count="0" type="stmt"/>
      <line num="11" count="0" type="stmt"/>
      <line num="14" count="0" type="stmt"/>
      <line num="15" count="0" type="stmt"/>
      <line num="16" count="0" type="stmt"/>
      <line num="17" count="0" type="stmt"/>
      <line num="18" count="0" type="stmt"/>
      <line num="19" count="0" type="stmt"/>
      <line num="21" count="0" type="stmt"/>
      <line num="23" count="0" type="stmt"/>
      <line num="25" count="0" type="stmt"/>
      <line num="27" count="0" type="stmt"/>
      <line num="28" count="0" type="stmt"/>
      <line num="30" count="0" type="stmt"/>
      <line num="31" count="0" type="stmt"/>
      <line num="32" count="0" type="stmt"/>
      <line num="34" count="0" type="cond" truecount="0" falsecount="2"/>
      <line num="35" count="0" type="stmt"/>
      <line num="36" count="0" type="stmt"/>
      <line num="40" count="0" type="stmt"/>
      <line num="41" count="0" type="stmt"/>
      <line num="42" count="0" type="stmt"/>
      <line num="43" count="0" type="stmt"/>
      <line num="44" count="0" type="cond" truecount="0" falsecount="4"/>
      <line num="46" count="0" type="cond" truecount="0" falsecount="2"/>
      <line num="47" count="0" type="stmt"/>
      <line num="50" count="0" type="cond" truecount="0" falsecount="2"/>
      <line num="51" count="0" type="stmt"/>
      <line num="52" count="0" type="stmt"/>
      <line num="55" count="0" type="stmt"/>
      <line num="58" count="0" type="stmt"/>
      <line num="59" count="0" type="stmt"/>
    </file>
  </project>
</coverage>
