<?xml version="1.0" encoding="UTF-8"?>
<coverage generated="1774961721304" clover="3.2.0">
  <project timestamp="1774961721304" name="All files">
    <metrics statements="161" coveredstatements="130" conditionals="96" coveredconditionals="88" methods="57" coveredmethods="48" elements="314" coveredelements="266" complexity="0" loc="161" ncloc="161" packages="1" files="5" classes="5"/>
    <file name="db.js" path="/home/huzaifa/F14A_BRAVO/backend/src/db.js">
      <metrics statements="17" coveredstatements="0" conditionals="2" coveredconditionals="0" methods="4" coveredmethods="0"/>
      <line num="3" count="0" type="stmt"/>
      <line num="5" count="0" type="stmt"/>
      <line num="6" count="0" type="cond" truecount="0" falsecount="2"/>
      <line num="7" count="0" type="stmt"/>
      <line num="8" count="0" type="stmt"/>
      <line num="9" count="0" type="stmt"/>
      <line num="10" count="0" type="stmt"/>
      <line num="12" count="0" type="stmt"/>
      <line num="16" count="0" type="stmt"/>
      <line num="17" count="0" type="stmt"/>
      <line num="18" count="0" type="stmt"/>
      <line num="20" count="0" type="stmt"/>
      <line num="21" count="0" type="stmt"/>
      <line num="24" count="0" type="stmt"/>
      <line num="27" count="0" type="stmt"/>
      <line num="28" count="0" type="stmt"/>
      <line num="29" count="0" type="stmt"/>
    </file>
    <file name="error.js" path="/home/huzaifa/F14A_BRAVO/backend/src/error.js">
      <metrics statements="4" coveredstatements="2" conditionals="0" coveredconditionals="0" methods="2" coveredmethods="1"/>
      <line num="3" count="29" type="stmt"/>
      <line num="4" count="29" type="stmt"/>
      <line num="10" count="0" type="stmt"/>
      <line num="11" count="0" type="stmt"/>
    </file>
    <file name="processing.js" path="/home/huzaifa/F14A_BRAVO/backend/src/processing.js">
      <metrics statements="97" coveredstatements="96" conditionals="56" coveredconditionals="54" methods="35" coveredmethods="35"/>
      <line num="8" count="51399" type="stmt"/>
      <line num="10" count="1" type="stmt"/>
      <line num="11" count="190" type="cond" truecount="2" falsecount="0"/>
      <line num="12" count="17108" type="stmt"/>
      <line num="13" count="173" type="stmt"/>
      <line num="14" count="173" type="stmt"/>
      <line num="15" count="173" type="stmt"/>
      <line num="16" count="17108" type="cond" truecount="2" falsecount="0"/>
      <line num="19" count="1" type="stmt"/>
      <line num="20" count="38" type="stmt"/>
      <line num="21" count="38" type="stmt"/>
      <line num="23" count="38" type="stmt"/>
      <line num="24" count="38" type="stmt"/>
      <line num="32" count="38" type="stmt"/>
      <line num="33" count="38" type="stmt"/>
      <line num="34" count="190" type="stmt"/>
      <line num="35" count="190" type="stmt"/>
      <line num="36" count="17155" type="stmt"/>
      <line num="37" count="17155" type="cond" truecount="5" falsecount="0"/>
      <line num="38" count="17133" type="stmt"/>
      <line num="41" count="190" type="stmt"/>
      <line num="44" count="38" type="stmt"/>
      <line num="51" count="536" type="stmt"/>
      <line num="52" count="1435" type="stmt"/>
      <line num="54" count="108" type="stmt"/>
      <line num="55" count="108" type="stmt"/>
      <line num="56" count="104" type="stmt"/>
      <line num="57" count="108" type="stmt"/>
      <line num="58" count="1" type="stmt"/>
      <line num="59" count="108" type="cond" truecount="1" falsecount="1"/>
      <line num="60" count="108" type="cond" truecount="1" falsecount="1"/>
      <line num="61" count="0" type="stmt"/>
      <line num="64" count="1" type="stmt"/>
      <line num="65" count="104" type="cond" truecount="2" falsecount="0"/>
      <line num="66" count="102" type="cond" truecount="2" falsecount="0"/>
      <line num="67" count="100" type="cond" truecount="2" falsecount="0"/>
      <line num="68" count="98" type="cond" truecount="2" falsecount="0"/>
      <line num="69" count="2" type="stmt"/>
      <line num="72" count="1" type="stmt"/>
      <line num="73" count="108" type="stmt"/>
      <line num="74" count="108" type="stmt"/>
      <line num="75" count="108" type="stmt"/>
      <line num="77" count="108" type="cond" truecount="3" falsecount="0"/>
      <line num="78" count="108" type="cond" truecount="2" falsecount="0"/>
      <line num="79" count="108" type="stmt"/>
      <line num="80" count="108" type="stmt"/>
      <line num="82" count="108" type="stmt"/>
      <line num="89" count="108" type="stmt"/>
      <line num="105" count="1" type="stmt"/>
      <line num="106" count="38" type="stmt"/>
      <line num="107" count="38" type="stmt"/>
      <line num="109" count="456" type="stmt"/>
      <line num="111" count="38" type="stmt"/>
      <line num="112" count="190" type="stmt"/>
      <line num="113" count="17133" type="stmt"/>
      <line num="114" count="17133" type="stmt"/>
      <line num="118" count="456" type="stmt"/>
      <line num="132" count="85665" type="stmt"/>
      <line num="134" count="1" type="stmt"/>
      <line num="139" count="1" type="stmt"/>
      <line num="140" count="38" type="cond" truecount="2" falsecount="0"/>
      <line num="141" count="38" type="stmt"/>
      <line num="142" count="38" type="stmt"/>
      <line num="144" count="38" type="stmt"/>
      <line num="145" count="68532" type="stmt"/>
      <line num="146" count="152" type="stmt"/>
      <line num="153" count="362" type="stmt"/>
      <line num="154" count="152" type="cond" truecount="2" falsecount="0"/>
      <line num="155" count="82" type="stmt"/>
      <line num="156" count="82" type="stmt"/>
      <line num="158" count="70" type="stmt"/>
      <line num="159" count="3430" type="stmt"/>
      <line num="160" count="3431" type="stmt"/>
      <line num="161" count="3431" type="stmt"/>
      <line num="162" count="3431" type="stmt"/>
      <line num="163" count="3410" type="cond" truecount="2" falsecount="0"/>
      <line num="165" count="70" type="stmt"/>
      <line num="168" count="38" type="stmt"/>
      <line num="175" count="1" type="stmt"/>
      <line num="176" count="58" type="stmt"/>
      <line num="177" count="58" type="stmt"/>
      <line num="178" count="266" type="cond" truecount="2" falsecount="0"/>
      <line num="181" count="47" type="stmt"/>
      <line num="189" count="47" type="stmt"/>
      <line num="190" count="258" type="cond" truecount="2" falsecount="0"/>
      <line num="193" count="38" type="stmt"/>
      <line num="195" count="38" type="stmt"/>
      <line num="196" count="3430" type="stmt"/>
      <line num="197" count="3431" type="stmt"/>
      <line num="198" count="3431" type="stmt"/>
      <line num="199" count="3431" type="stmt"/>
      <line num="200" count="3410" type="cond" truecount="2" falsecount="0"/>
      <line num="203" count="38" type="stmt"/>
      <line num="204" count="38" type="stmt"/>
      <line num="205" count="38" type="stmt"/>
      <line num="207" count="38" type="stmt"/>
      <line num="219" count="38" type="stmt"/>
    </file>
    <file name="s3.js" path="/home/huzaifa/F14A_BRAVO/backend/src/s3.js">
      <metrics statements="11" coveredstatements="0" conditionals="4" coveredconditionals="0" methods="4" coveredmethods="0"/>
      <line num="4" count="0" type="stmt"/>
      <line num="13" count="0" type="stmt"/>
      <line num="15" count="0" type="stmt"/>
      <line num="16" count="0" type="stmt"/>
      <line num="17" count="0" type="stmt"/>
      <line num="18" count="0" type="stmt"/>
      <line num="21" count="0" type="stmt"/>
      <line num="22" count="0" type="stmt"/>
      <line num="32" count="0" type="stmt"/>
      <line num="33" count="0" type="stmt"/>
      <line num="34" count="0" type="cond" truecount="0" falsecount="2"/>
    </file>
    <file name="score.js" path="/home/huzaifa/F14A_BRAVO/backend/src/score.js">
      <metrics statements="32" coveredstatements="32" conditionals="34" coveredconditionals="34" methods="12" coveredmethods="12"/>
      <line num="8" count="1" type="stmt"/>
      <line num="9" count="9" type="cond" truecount="2" falsecount="0"/>
      <line num="10" count="8" type="stmt"/>
      <line num="11" count="8" type="cond" truecount="2" falsecount="0"/>
      <line num="12" count="7" type="stmt"/>
      <line num="23" count="1" type="stmt"/>
      <line num="24" count="12" type="cond" truecount="4" falsecount="0"/>
      <line num="25" count="10" type="cond" truecount="2" falsecount="0"/>
      <line num="26" count="9" type="stmt"/>
      <line num="28" count="35" type="stmt"/>
      <line num="29" count="35" type="cond" truecount="2" falsecount="0"/>
      <line num="30" count="32" type="stmt"/>
      <line num="33" count="26" type="cond" truecount="4" falsecount="0"/>
      <line num="36" count="1" type="stmt"/>
      <line num="37" count="24" type="stmt"/>
      <line num="45" count="12" type="cond" truecount="2" falsecount="0"/>
      <line num="46" count="12" type="cond" truecount="2" falsecount="0"/>
      <line num="47" count="12" type="cond" truecount="2" falsecount="0"/>
      <line num="48" count="2" type="stmt"/>
      <line num="49" count="2" type="stmt"/>
      <line num="50" count="4" type="cond" truecount="4" falsecount="0"/>
      <line num="53" count="12" type="stmt"/>
      <line num="56" count="1" type="stmt"/>
      <line num="57" count="7" type="cond" truecount="2" falsecount="0"/>
      <line num="58" count="6" type="stmt"/>
      <line num="59" count="6" type="cond" truecount="2" falsecount="0"/>
      <line num="60" count="5" type="stmt"/>
      <line num="63" count="1" type="stmt"/>
      <line num="64" count="10" type="cond" truecount="2" falsecount="0"/>
      <line num="65" count="9" type="stmt"/>
      <line num="66" count="9" type="cond" truecount="2" falsecount="0"/>
      <line num="67" count="8" type="stmt"/>
    </file>
  </project>
</coverage>
