{"/Users/vijitkohli/UNI/seng3011/F14A_BRAVO/backend/src/capitals.js": {"path":"/Users/vijitkohli/UNI/seng3011/F14A_BRAVO/backend/src/capitals.js","statementMap":{"0":{"start":{"line":1,"column":24},"end":{"line":197,"column":1}}},"fnMap":{},"branchMap":{},"s":{"0":0},"f":{},"b":{},"inputSourceMap":null}
,"/Users/vijitkohli/UNI/seng3011/F14A_BRAVO/backend/src/checkQolCoverage.js": {"path":"/Users/vijitkohli/UNI/seng3011/F14A_BRAVO/backend/src/checkQolCoverage.js","statementMap":{"0":{"start":{"line":3,"column":12},"end":{"line":3,"column":65}},"1":{"start":{"line":4,"column":16},"end":{"line":4,"column":86}},"2":{"start":{"line":5,"column":12},"end":{"line":5,"column":31}},"3":{"start":{"line":6,"column":14},"end":{"line":6,"column":42}},"4":{"start":{"line":6,"column":27},"end":{"line":6,"column":41}},"5":{"start":{"line":8,"column":11},"end":{"line":8,"column":12}},"6":{"start":{"line":8,"column":24},"end":{"line":8,"column":25}},"7":{"start":{"line":8,"column":37},"end":{"line":8,"column":38}},"8":{"start":{"line":9,"column":13},"end":{"line":9,"column":15}},"9":{"start":{"line":11,"column":0},"end":{"line":27,"column":1}},"10":{"start":{"line":12,"column":11},"end":{"line":12,"column":20}},"11":{"start":{"line":13,"column":1},"end":{"line":17,"column":2}},"12":{"start":{"line":14,"column":2},"end":{"line":14,"column":12}},"13":{"start":{"line":15,"column":2},"end":{"line":15,"column":33}},"14":{"start":{"line":16,"column":2},"end":{"line":16,"column":11}},"15":{"start":{"line":18,"column":18},"end":{"line":20,"column":18}},"16":{"start":{"line":19,"column":23},"end":{"line":19,"column":52}},"17":{"start":{"line":20,"column":16},"end":{"line":20,"column":17}},"18":{"start":{"line":21,"column":1},"end":{"line":26,"column":2}},"19":{"start":{"line":22,"column":2},"end":{"line":22,"column":9}},"20":{"start":{"line":24,"column":2},"end":{"line":24,"column":12}},"21":{"start":{"line":25,"column":2},"end":{"line":25,"column":55}},"22":{"start":{"line":29,"column":0},"end":{"line":29,"column":54}},"23":{"start":{"line":30,"column":0},"end":{"line":30,"column":35}},"24":{"start":{"line":31,"column":0},"end":{"line":31,"column":44}},"25":{"start":{"line":32,"column":0},"end":{"line":35,"column":1}},"26":{"start":{"line":33,"column":1},"end":{"line":33,"column":24}},"27":{"start":{"line":34,"column":1},"end":{"line":34,"column":42}},"28":{"start":{"line":34,"column":19},"end":{"line":34,"column":40}}},"fnMap":{"0":{"name":"(anonymous_0)","decl":{"start":{"line":6,"column":22},"end":{"line":6,"column":23}},"loc":{"start":{"line":6,"column":27},"end":{"line":6,"column":41}},"line":6},"1":{"name":"(anonymous_1)","decl":{"start":{"line":19,"column":10},"end":{"line":19,"column":11}},"loc":{"start":{"line":19,"column":23},"end":{"line":19,"column":52}},"line":19},"2":{"name":"(anonymous_2)","decl":{"start":{"line":20,"column":7},"end":{"line":20,"column":8}},"loc":{"start":{"line":20,"column":16},"end":{"line":20,"column":17}},"line":20},"3":{"name":"(anonymous_3)","decl":{"start":{"line":34,"column":14},"end":{"line":34,"column":15}},"loc":{"start":{"line":34,"column":19},"end":{"line":34,"column":40}},"line":34}},"branchMap":{"0":{"loc":{"start":{"line":13,"column":1},"end":{"line":17,"column":2}},"type":"if","locations":[{"start":{"line":13,"column":1},"end":{"line":17,"column":2}},{"start":{},"end":{}}],"line":13},"1":{"loc":{"start":{"line":19,"column":23},"end":{"line":19,"column":52}},"type":"binary-expr","locations":[{"start":{"line":19,"column":23},"end":{"line":19,"column":33}},{"start":{"line":19,"column":37},"end":{"line":19,"column":52}}],"line":19},"2":{"loc":{"start":{"line":21,"column":1},"end":{"line":26,"column":2}},"type":"if","locations":[{"start":{"line":21,"column":1},"end":{"line":26,"column":2}},{"start":{"line":23,"column":8},"end":{"line":26,"column":2}}],"line":21},"3":{"loc":{"start":{"line":32,"column":0},"end":{"line":35,"column":1}},"type":"if","locations":[{"start":{"line":32,"column":0},"end":{"line":35,"column":1}},{"start":{},"end":{}}],"line":32}},"s":{"0":0,"1":0,"2":0,"3":0,"4":0,"5":0,"6":0,"7":0,"8":0,"9":0,"10":0,"11":0,"12":0,"13":0,"14":0,"15":0,"16":0,"17":0,"18":0,"19":0,"20":0,"21":0,"22":0,"23":0,"24":0,"25":0,"26":0,"27":0,"28":0},"f":{"0":0,"1":0,"2":0,"3":0},"b":{"0":[0,0],"1":[0,0],"2":[0,0],"3":[0,0]},"inputSourceMap":null}
,"/Users/vijitkohli/UNI/seng3011/F14A_BRAVO/backend/src/db.js": {"path":"/Users/vijitkohli/UNI/seng3011/F14A_BRAVO/backend/src/db.js","statementMap":{"0":{"start":{"line":5,"column":18},"end":{"line":5,"column":57}},"1":{"start":{"line":6,"column":18},"end":{"line":6,"column":52}},"2":{"start":{"line":7,"column":14},"end":{"line":7,"column":42}},"3":{"start":{"line":10,"column":0},"end":{"line":16,"column":1}},"4":{"start":{"line":11,"column":2},"end":{"line":11,"column":55}},"5":{"start":{"line":12,"column":2},"end":{"line":12,"column":34}},"6":{"start":{"line":14,"column":2},"end":{"line":14,"column":72}},"7":{"start":{"line":14,"column":30},"end":{"line":14,"column":72}},"8":{"start":{"line":15,"column":2},"end":{"line":15,"column":51}},"9":{"start":{"line":18,"column":14},"end":{"line":18,"column":16}},"10":{"start":{"line":20,"column":27},"end":{"line":49,"column":1}},"11":{"start":{"line":21,"column":2},"end":{"line":21,"column":38}},"12":{"start":{"line":21,"column":19},"end":{"line":21,"column":38}},"13":{"start":{"line":23,"column":2},"end":{"line":48,"column":3}},"14":{"start":{"line":24,"column":15},"end":{"line":24,"column":19}},"15":{"start":{"line":27,"column":4},"end":{"line":33,"column":5}},"16":{"start":{"line":28,"column":6},"end":{"line":32,"column":7}},"17":{"start":{"line":29,"column":8},"end":{"line":29,"column":53}},"18":{"start":{"line":31,"column":8},"end":{"line":31,"column":71}},"19":{"start":{"line":36,"column":4},"end":{"line":41,"column":5}},"20":{"start":{"line":37,"column":19},"end":{"line":37,"column":50}},"21":{"start":{"line":38,"column":6},"end":{"line":40,"column":7}},"22":{"start":{"line":39,"column":8},"end":{"line":39,"column":55}},"23":{"start":{"line":43,"column":4},"end":{"line":43,"column":33}},"24":{"start":{"line":43,"column":14},"end":{"line":43,"column":33}},"25":{"start":{"line":44,"column":4},"end":{"line":44,"column":16}},"26":{"start":{"line":46,"column":4},"end":{"line":46,"column":60}},"27":{"start":{"line":47,"column":4},"end":{"line":47,"column":16}},"28":{"start":{"line":51,"column":31},"end":{"line":70,"column":1}},"29":{"start":{"line":52,"column":13},"end":{"line":52,"column":15}},"30":{"start":{"line":54,"column":2},"end":{"line":57,"column":3}},"31":{"start":{"line":55,"column":4},"end":{"line":55,"column":38}},"32":{"start":{"line":56,"column":4},"end":{"line":56,"column":81}},"33":{"start":{"line":56,"column":29},"end":{"line":56,"column":79}},"34":{"start":{"line":60,"column":2},"end":{"line":66,"column":3}},"35":{"start":{"line":61,"column":4},"end":{"line":65,"column":5}},"36":{"start":{"line":62,"column":6},"end":{"line":64,"column":44}},"37":{"start":{"line":63,"column":23},"end":{"line":63,"column":42}},"38":{"start":{"line":64,"column":20},"end":{"line":64,"column":42}},"39":{"start":{"line":68,"column":18},"end":{"line":68,"column":74}},"40":{"start":{"line":68,"column":55},"end":{"line":68,"column":72}},"41":{"start":{"line":69,"column":2},"end":{"line":69,"column":33}},"42":{"start":{"line":72,"column":27},"end":{"line":79,"column":1}},"43":{"start":{"line":73,"column":2},"end":{"line":77,"column":3}},"44":{"start":{"line":74,"column":4},"end":{"line":74,"column":48}},"45":{"start":{"line":76,"column":4},"end":{"line":76,"column":82}},"46":{"start":{"line":78,"column":2},"end":{"line":78,"column":21}}},"fnMap":{"0":{"name":"(anonymous_0)","decl":{"start":{"line":20,"column":27},"end":{"line":20,"column":28}},"loc":{"start":{"line":20,"column":43},"end":{"line":49,"column":1}},"line":20},"1":{"name":"(anonymous_1)","decl":{"start":{"line":51,"column":31},"end":{"line":51,"column":32}},"loc":{"start":{"line":51,"column":43},"end":{"line":70,"column":1}},"line":51},"2":{"name":"(anonymous_2)","decl":{"start":{"line":56,"column":20},"end":{"line":56,"column":21}},"loc":{"start":{"line":56,"column":29},"end":{"line":56,"column":79}},"line":56},"3":{"name":"(anonymous_3)","decl":{"start":{"line":63,"column":16},"end":{"line":63,"column":17}},"loc":{"start":{"line":63,"column":23},"end":{"line":63,"column":42}},"line":63},"4":{"name":"(anonymous_4)","decl":{"start":{"line":64,"column":13},"end":{"line":64,"column":14}},"loc":{"start":{"line":64,"column":20},"end":{"line":64,"column":42}},"line":64},"5":{"name":"(anonymous_5)","decl":{"start":{"line":68,"column":45},"end":{"line":68,"column":46}},"loc":{"start":{"line":68,"column":55},"end":{"line":68,"column":72}},"line":68},"6":{"name":"(anonymous_6)","decl":{"start":{"line":72,"column":27},"end":{"line":72,"column":28}},"loc":{"start":{"line":72,"column":49},"end":{"line":79,"column":1}},"line":72}},"branchMap":{"0":{"loc":{"start":{"line":10,"column":0},"end":{"line":16,"column":1}},"type":"if","locations":[{"start":{"line":10,"column":0},"end":{"line":16,"column":1}},{"start":{"line":13,"column":7},"end":{"line":16,"column":1}}],"line":10},"1":{"loc":{"start":{"line":14,"column":2},"end":{"line":14,"column":72}},"type":"if","locations":[{"start":{"line":14,"column":2},"end":{"line":14,"column":72}},{"start":{},"end":{}}],"line":14},"2":{"loc":{"start":{"line":21,"column":2},"end":{"line":21,"column":38}},"type":"if","locations":[{"start":{"line":21,"column":2},"end":{"line":21,"column":38}},{"start":{},"end":{}}],"line":21},"3":{"loc":{"start":{"line":27,"column":4},"end":{"line":33,"column":5}},"type":"if","locations":[{"start":{"line":27,"column":4},"end":{"line":33,"column":5}},{"start":{},"end":{}}],"line":27},"4":{"loc":{"start":{"line":36,"column":4},"end":{"line":41,"column":5}},"type":"if","locations":[{"start":{"line":36,"column":4},"end":{"line":41,"column":5}},{"start":{},"end":{}}],"line":36},"5":{"loc":{"start":{"line":38,"column":6},"end":{"line":40,"column":7}},"type":"if","locations":[{"start":{"line":38,"column":6},"end":{"line":40,"column":7}},{"start":{},"end":{}}],"line":38},"6":{"loc":{"start":{"line":43,"column":4},"end":{"line":43,"column":33}},"type":"if","locations":[{"start":{"line":43,"column":4},"end":{"line":43,"column":33}},{"start":{},"end":{}}],"line":43},"7":{"loc":{"start":{"line":54,"column":2},"end":{"line":57,"column":3}},"type":"if","locations":[{"start":{"line":54,"column":2},"end":{"line":57,"column":3}},{"start":{},"end":{}}],"line":54},"8":{"loc":{"start":{"line":60,"column":2},"end":{"line":66,"column":3}},"type":"if","locations":[{"start":{"line":60,"column":2},"end":{"line":66,"column":3}},{"start":{},"end":{}}],"line":60},"9":{"loc":{"start":{"line":61,"column":4},"end":{"line":65,"column":5}},"type":"if","locations":[{"start":{"line":61,"column":4},"end":{"line":65,"column":5}},{"start":{},"end":{}}],"line":61},"10":{"loc":{"start":{"line":73,"column":2},"end":{"line":77,"column":3}},"type":"if","locations":[{"start":{"line":73,"column":2},"end":{"line":77,"column":3}},{"start":{"line":75,"column":9},"end":{"line":77,"column":3}}],"line":73}},"s":{"0":0,"1":0,"2":0,"3":0,"4":0,"5":0,"6":0,"7":0,"8":0,"9":0,"10":0,"11":0,"12":0,"13":0,"14":0,"15":0,"16":0,"17":0,"18":0,"19":0,"20":0,"21":0,"22":0,"23":0,"24":0,"25":0,"26":0,"27":0,"28":0,"29":0,"30":0,"31":0,"32":0,"33":0,"34":0,"35":0,"36":0,"37":0,"38":0,"39":0,"40":0,"41":0,"42":0,"43":0,"44":0,"45":0,"46":0},"f":{"0":0,"1":0,"2":0,"3":0,"4":0,"5":0,"6":0},"b":{"0":[0,0],"1":[0,0],"2":[0,0],"3":[0,0],"4":[0,0],"5":[0,0],"6":[0,0],"7":[0,0],"8":[0,0],"9":[0,0],"10":[0,0]},"inputSourceMap":null}
,"/Users/vijitkohli/UNI/seng3011/F14A_BRAVO/backend/src/error.js": {"path":"/Users/vijitkohli/UNI/seng3011/F14A_BRAVO/backend/src/error.js","statementMap":{"0":{"start":{"line":3,"column":4},"end":{"line":3,"column":19}},"1":{"start":{"line":4,"column":4},"end":{"line":4,"column":29}},"2":{"start":{"line":10,"column":4},"end":{"line":10,"column":19}},"3":{"start":{"line":11,"column":4},"end":{"line":11,"column":30}}},"fnMap":{"0":{"name":"(anonymous_0)","decl":{"start":{"line":2,"column":2},"end":{"line":2,"column":3}},"loc":{"start":{"line":2,"column":23},"end":{"line":5,"column":3}},"line":2},"1":{"name":"(anonymous_1)","decl":{"start":{"line":9,"column":2},"end":{"line":9,"column":3}},"loc":{"start":{"line":9,"column":23},"end":{"line":12,"column":3}},"line":9}},"branchMap":{},"s":{"0":28,"1":28,"2":0,"3":0},"f":{"0":28,"1":0},"b":{},"inputSourceMap":null,"_coverageSchema":"1a1c01bbd47fc00a2c39e90264f33305004495a9","hash":"5edbcfa4f9d13794da247f40cde0eaabfb562cb8"}
,"/Users/vijitkohli/UNI/seng3011/F14A_BRAVO/backend/src/meteoScraper.js": {"path":"/Users/vijitkohli/UNI/seng3011/F14A_BRAVO/backend/src/meteoScraper.js","statementMap":{"0":{"start":{"line":5,"column":14},"end":{"line":5,"column":69}},"1":{"start":{"line":5,"column":22},"end":{"line":5,"column":69}},"2":{"start":{"line":5,"column":45},"end":{"line":5,"column":68}},"3":{"start":{"line":7,"column":22},"end":{"line":7,"column":45}},"4":{"start":{"line":8,"column":20},"end":{"line":8,"column":35}},"5":{"start":{"line":9,"column":18},"end":{"line":9,"column":20}},"6":{"start":{"line":10,"column":19},"end":{"line":10,"column":21}},"7":{"start":{"line":11,"column":17},"end":{"line":11,"column":23}},"8":{"start":{"line":14,"column":15},"end":{"line":14,"column":24}},"9":{"start":{"line":15,"column":0},"end":{"line":18,"column":1}},"10":{"start":{"line":16,"column":1},"end":{"line":16,"column":73}},"11":{"start":{"line":17,"column":1},"end":{"line":17,"column":115}},"12":{"start":{"line":21,"column":14},"end":{"line":21,"column":16}},"13":{"start":{"line":22,"column":0},"end":{"line":29,"column":1}},"14":{"start":{"line":23,"column":1},"end":{"line":28,"column":2}},"15":{"start":{"line":24,"column":2},"end":{"line":24,"column":62}},"16":{"start":{"line":25,"column":2},"end":{"line":25,"column":79}},"17":{"start":{"line":27,"column":2},"end":{"line":27,"column":74}},"18":{"start":{"line":31,"column":18},"end":{"line":31,"column":68}},"19":{"start":{"line":31,"column":39},"end":{"line":31,"column":67}},"20":{"start":{"line":32,"column":14},"end":{"line":32,"column":43}},"21":{"start":{"line":34,"column":0},"end":{"line":34,"column":84}},"22":{"start":{"line":36,"column":18},"end":{"line":36,"column":19}},"23":{"start":{"line":37,"column":16},"end":{"line":37,"column":26}},"24":{"start":{"line":39,"column":0},"end":{"line":116,"column":1}},"25":{"start":{"line":39,"column":13},"end":{"line":39,"column":14}},"26":{"start":{"line":41,"column":1},"end":{"line":50,"column":2}},"27":{"start":{"line":42,"column":18},"end":{"line":42,"column":40}},"28":{"start":{"line":43,"column":17},"end":{"line":43,"column":44}},"29":{"start":{"line":44,"column":2},"end":{"line":47,"column":3}},"30":{"start":{"line":45,"column":3},"end":{"line":45,"column":113}},"31":{"start":{"line":46,"column":3},"end":{"line":46,"column":23}},"32":{"start":{"line":48,"column":2},"end":{"line":48,"column":18}},"33":{"start":{"line":49,"column":2},"end":{"line":49,"column":25}},"34":{"start":{"line":52,"column":53},"end":{"line":52,"column":61}},"35":{"start":{"line":53,"column":1},"end":{"line":53,"column":71}},"36":{"start":{"line":55,"column":16},"end":{"line":61,"column":2}},"37":{"start":{"line":62,"column":13},"end":{"line":62,"column":60}},"38":{"start":{"line":65,"column":1},"end":{"line":71,"column":2}},"39":{"start":{"line":66,"column":2},"end":{"line":66,"column":49}},"40":{"start":{"line":68,"column":2},"end":{"line":68,"column":57}},"41":{"start":{"line":69,"column":2},"end":{"line":69,"column":62}},"42":{"start":{"line":70,"column":2},"end":{"line":70,"column":8}},"43":{"start":{"line":73,"column":18},"end":{"line":73,"column":30}},"44":{"start":{"line":74,"column":15},"end":{"line":74,"column":31}},"45":{"start":{"line":76,"column":19},"end":{"line":76,"column":39}},"46":{"start":{"line":77,"column":17},"end":{"line":77,"column":40}},"47":{"start":{"line":78,"column":18},"end":{"line":78,"column":34}},"48":{"start":{"line":79,"column":15},"end":{"line":79,"column":47}},"49":{"start":{"line":81,"column":16},"end":{"line":101,"column":2}},"50":{"start":{"line":91,"column":15},"end":{"line":91,"column":58}},"51":{"start":{"line":92,"column":5},"end":{"line":92,"column":42}},"52":{"start":{"line":103,"column":1},"end":{"line":103,"column":22}},"53":{"start":{"line":104,"column":1},"end":{"line":104,"column":27}},"54":{"start":{"line":105,"column":1},"end":{"line":105,"column":15}},"55":{"start":{"line":108,"column":1},"end":{"line":108,"column":65}},"56":{"start":{"line":109,"column":1},"end":{"line":109,"column":64}},"57":{"start":{"line":111,"column":1},"end":{"line":111,"column":111}},"58":{"start":{"line":113,"column":1},"end":{"line":115,"column":2}},"59":{"start":{"line":114,"column":2},"end":{"line":114,"column":24}},"60":{"start":{"line":118,"column":0},"end":{"line":118,"column":84}},"61":{"start":{"line":119,"column":0},"end":{"line":121,"column":1}},"62":{"start":{"line":120,"column":1},"end":{"line":120,"column":63}}},"fnMap":{"0":{"name":"(anonymous_0)","decl":{"start":{"line":5,"column":14},"end":{"line":5,"column":15}},"loc":{"start":{"line":5,"column":22},"end":{"line":5,"column":69}},"line":5},"1":{"name":"(anonymous_1)","decl":{"start":{"line":5,"column":34},"end":{"line":5,"column":35}},"loc":{"start":{"line":5,"column":45},"end":{"line":5,"column":68}},"line":5},"2":{"name":"(anonymous_2)","decl":{"start":{"line":31,"column":34},"end":{"line":31,"column":35}},"loc":{"start":{"line":31,"column":39},"end":{"line":31,"column":67}},"line":31},"3":{"name":"(anonymous_3)","decl":{"start":{"line":90,"column":4},"end":{"line":90,"column":5}},"loc":{"start":{"line":90,"column":14},"end":{"line":93,"column":5}},"line":90}},"branchMap":{"0":{"loc":{"start":{"line":15,"column":0},"end":{"line":18,"column":1}},"type":"if","locations":[{"start":{"line":15,"column":0},"end":{"line":18,"column":1}},{"start":{},"end":{}}],"line":15},"1":{"loc":{"start":{"line":22,"column":0},"end":{"line":29,"column":1}},"type":"if","locations":[{"start":{"line":22,"column":0},"end":{"line":29,"column":1}},{"start":{},"end":{}}],"line":22},"2":{"loc":{"start":{"line":41,"column":1},"end":{"line":50,"column":2}},"type":"if","locations":[{"start":{"line":41,"column":1},"end":{"line":50,"column":2}},{"start":{},"end":{}}],"line":41},"3":{"loc":{"start":{"line":44,"column":2},"end":{"line":47,"column":3}},"type":"if","locations":[{"start":{"line":44,"column":2},"end":{"line":47,"column":3}},{"start":{},"end":{}}],"line":44},"4":{"loc":{"start":{"line":113,"column":1},"end":{"line":115,"column":2}},"type":"if","locations":[{"start":{"line":113,"column":1},"end":{"line":115,"column":2}},{"start":{},"end":{}}],"line":113},"5":{"loc":{"start":{"line":113,"column":5},"end":{"line":113,"column":53}},"type":"binary-expr","locations":[{"start":{"line":113,"column":5},"end":{"line":113,"column":25}},{"start":{"line":113,"column":29},"end":{"line":113,"column":53}}],"line":113},"6":{"loc":{"start":{"line":119,"column":0},"end":{"line":121,"column":1}},"type":"if","locations":[{"start":{"line":119,"column":0},"end":{"line":121,"column":1}},{"start":{},"end":{}}],"line":119}},"s":{"0":0,"1":0,"2":0,"3":0,"4":0,"5":0,"6":0,"7":0,"8":0,"9":0,"10":0,"11":0,"12":0,"13":0,"14":0,"15":0,"16":0,"17":0,"18":0,"19":0,"20":0,"21":0,"22":0,"23":0,"24":0,"25":0,"26":0,"27":0,"28":0,"29":0,"30":0,"31":0,"32":0,"33":0,"34":0,"35":0,"36":0,"37":0,"38":0,"39":0,"40":0,"41":0,"42":0,"43":0,"44":0,"45":0,"46":0,"47":0,"48":0,"49":0,"50":0,"51":0,"52":0,"53":0,"54":0,"55":0,"56":0,"57":0,"58":0,"59":0,"60":0,"61":0,"62":0},"f":{"0":0,"1":0,"2":0,"3":0},"b":{"0":[0,0],"1":[0,0],"2":[0,0],"3":[0,0],"4":[0,0],"5":[0,0],"6":[0,0]},"inputSourceMap":null}
,"/Users/vijitkohli/UNI/seng3011/F14A_BRAVO/backend/src/observability.js": {"path":"/Users/vijitkohli/UNI/seng3011/F14A_BRAVO/backend/src/observability.js","statementMap":{"0":{"start":{"line":13,"column":22},"end":{"line":13,"column":47}},"1":{"start":{"line":14,"column":22},"end":{"line":14,"column":47}},"2":{"start":{"line":15,"column":21},"end":{"line":15,"column":46}},"3":{"start":{"line":16,"column":21},"end":{"line":16,"column":58}},"4":{"start":{"line":23,"column":2},"end":{"line":34,"column":3}},"5":{"start":{"line":24,"column":4},"end":{"line":31,"column":7}},"6":{"start":{"line":38,"column":16},"end":{"line":45,"column":3}},"7":{"start":{"line":46,"column":2},"end":{"line":46,"column":37}},"8":{"start":{"line":47,"column":2},"end":{"line":47,"column":57}},"9":{"start":{"line":47,"column":38},"end":{"line":47,"column":57}},"10":{"start":{"line":50,"column":22},"end":{"line":54,"column":1}},"11":{"start":{"line":51,"column":28},"end":{"line":51,"column":55}},"12":{"start":{"line":52,"column":28},"end":{"line":52,"column":55}},"13":{"start":{"line":53,"column":28},"end":{"line":53,"column":55}},"14":{"start":{"line":60,"column":16},"end":{"line":80,"column":1}},"15":{"start":{"line":83,"column":2},"end":{"line":83,"column":28}},"16":{"start":{"line":84,"column":2},"end":{"line":84,"column":29}},"17":{"start":{"line":85,"column":2},"end":{"line":87,"column":3}},"18":{"start":{"line":86,"column":4},"end":{"line":86,"column":69}},"19":{"start":{"line":86,"column":19},"end":{"line":86,"column":59}},"20":{"start":{"line":86,"column":60},"end":{"line":86,"column":67}},"21":{"start":{"line":88,"column":2},"end":{"line":88,"column":38}},"22":{"start":{"line":96,"column":2},"end":{"line":96,"column":97}},"23":{"start":{"line":96,"column":33},"end":{"line":96,"column":97}},"24":{"start":{"line":97,"column":2},"end":{"line":97,"column":63}},"25":{"start":{"line":98,"column":2},"end":{"line":98,"column":49}},"26":{"start":{"line":99,"column":2},"end":{"line":99,"column":75}},"27":{"start":{"line":103,"column":2},"end":{"line":103,"column":31}},"28":{"start":{"line":104,"column":2},"end":{"line":108,"column":63}},"29":{"start":{"line":104,"column":23},"end":{"line":104,"column":63}},"30":{"start":{"line":105,"column":7},"end":{"line":108,"column":63}},"31":{"start":{"line":105,"column":23},"end":{"line":105,"column":63}},"32":{"start":{"line":106,"column":7},"end":{"line":108,"column":63}},"33":{"start":{"line":106,"column":23},"end":{"line":106,"column":63}},"34":{"start":{"line":107,"column":7},"end":{"line":108,"column":63}},"35":{"start":{"line":107,"column":23},"end":{"line":107,"column":63}},"36":{"start":{"line":108,"column":23},"end":{"line":108,"column":63}},"37":{"start":{"line":109,"column":2},"end":{"line":109,"column":56}},"38":{"start":{"line":117,"column":20},"end":{"line":117,"column":51}},"39":{"start":{"line":118,"column":20},"end":{"line":118,"column":30}},"40":{"start":{"line":119,"column":2},"end":{"line":119,"column":28}},"41":{"start":{"line":121,"column":2},"end":{"line":142,"column":5}},"42":{"start":{"line":122,"column":23},"end":{"line":122,"column":45}},"43":{"start":{"line":123,"column":27},"end":{"line":123,"column":30}},"44":{"start":{"line":124,"column":16},"end":{"line":124,"column":43}},"45":{"start":{"line":126,"column":4},"end":{"line":126,"column":32}},"46":{"start":{"line":127,"column":4},"end":{"line":127,"column":83}},"47":{"start":{"line":128,"column":4},"end":{"line":128,"column":109}},"48":{"start":{"line":129,"column":4},"end":{"line":129,"column":56}},"49":{"start":{"line":129,"column":27},"end":{"line":129,"column":56}},"50":{"start":{"line":130,"column":4},"end":{"line":130,"column":30}},"51":{"start":{"line":132,"column":4},"end":{"line":141,"column":7}},"52":{"start":{"line":144,"column":2},"end":{"line":144,"column":9}},"53":{"start":{"line":148,"column":2},"end":{"line":155,"column":5}},"54":{"start":{"line":156,"column":2},"end":{"line":156,"column":12}},"55":{"start":{"line":164,"column":2},"end":{"line":164,"column":34}},"56":{"start":{"line":165,"column":2},"end":{"line":171,"column":5}},"57":{"start":{"line":175,"column":21},"end":{"line":177,"column":7}},"58":{"start":{"line":178,"column":23},"end":{"line":180,"column":7}},"59":{"start":{"line":182,"column":2},"end":{"line":200,"column":5}}},"fnMap":{"0":{"name":"shipToAxiom","decl":{"start":{"line":22,"column":15},"end":{"line":22,"column":26}},"loc":{"start":{"line":22,"column":34},"end":{"line":35,"column":1}},"line":22},"1":{"name":"log","decl":{"start":{"line":37,"column":9},"end":{"line":37,"column":12}},"loc":{"start":{"line":37,"column":40},"end":{"line":48,"column":1}},"line":37},"2":{"name":"(anonymous_2)","decl":{"start":{"line":51,"column":9},"end":{"line":51,"column":10}},"loc":{"start":{"line":51,"column":28},"end":{"line":51,"column":55}},"line":51},"3":{"name":"(anonymous_3)","decl":{"start":{"line":52,"column":9},"end":{"line":52,"column":10}},"loc":{"start":{"line":52,"column":28},"end":{"line":52,"column":55}},"line":52},"4":{"name":"(anonymous_4)","decl":{"start":{"line":53,"column":9},"end":{"line":53,"column":10}},"loc":{"start":{"line":53,"column":28},"end":{"line":53,"column":55}},"line":53},"5":{"name":"recordLatency","decl":{"start":{"line":82,"column":9},"end":{"line":82,"column":22}},"loc":{"start":{"line":82,"column":27},"end":{"line":89,"column":1}},"line":82},"6":{"name":"recordUpstream","decl":{"start":{"line":95,"column":16},"end":{"line":95,"column":30}},"loc":{"start":{"line":95,"column":71},"end":{"line":100,"column":1}},"line":95},"7":{"name":"recordScoreComputed","decl":{"start":{"line":102,"column":16},"end":{"line":102,"column":35}},"loc":{"start":{"line":102,"column":56},"end":{"line":110,"column":1}},"line":102},"8":{"name":"requestLogger","decl":{"start":{"line":116,"column":16},"end":{"line":116,"column":29}},"loc":{"start":{"line":116,"column":46},"end":{"line":145,"column":1}},"line":116},"9":{"name":"(anonymous_9)","decl":{"start":{"line":121,"column":19},"end":{"line":121,"column":20}},"loc":{"start":{"line":121,"column":25},"end":{"line":142,"column":3}},"line":121},"10":{"name":"errorLogger","decl":{"start":{"line":147,"column":16},"end":{"line":147,"column":27}},"loc":{"start":{"line":147,"column":49},"end":{"line":157,"column":1}},"line":147},"11":{"name":"healthHandler","decl":{"start":{"line":163,"column":16},"end":{"line":163,"column":29}},"loc":{"start":{"line":163,"column":40},"end":{"line":172,"column":1}},"line":163},"12":{"name":"metricsHandler","decl":{"start":{"line":174,"column":16},"end":{"line":174,"column":30}},"loc":{"start":{"line":174,"column":41},"end":{"line":201,"column":1}},"line":174}},"branchMap":{"0":{"loc":{"start":{"line":16,"column":21},"end":{"line":16,"column":58}},"type":"binary-expr","locations":[{"start":{"line":16,"column":21},"end":{"line":16,"column":41}},{"start":{"line":16,"column":45},"end":{"line":16,"column":58}}],"line":16},"1":{"loc":{"start":{"line":37,"column":27},"end":{"line":37,"column":38}},"type":"default-arg","locations":[{"start":{"line":37,"column":36},"end":{"line":37,"column":38}}],"line":37},"2":{"loc":{"start":{"line":47,"column":2},"end":{"line":47,"column":57}},"type":"if","locations":[{"start":{"line":47,"column":2},"end":{"line":47,"column":57}},{"start":{},"end":{}}],"line":47},"3":{"loc":{"start":{"line":47,"column":6},"end":{"line":47,"column":36}},"type":"binary-expr","locations":[{"start":{"line":47,"column":6},"end":{"line":47,"column":19}},{"start":{"line":47,"column":23},"end":{"line":47,"column":36}}],"line":47},"4":{"loc":{"start":{"line":86,"column":4},"end":{"line":86,"column":69}},"type":"if","locations":[{"start":{"line":86,"column":4},"end":{"line":86,"column":69}},{"start":{},"end":{}}],"line":86},"5":{"loc":{"start":{"line":96,"column":2},"end":{"line":96,"column":97}},"type":"if","locations":[{"start":{"line":96,"column":2},"end":{"line":96,"column":97}},{"start":{},"end":{}}],"line":96},"6":{"loc":{"start":{"line":97,"column":27},"end":{"line":97,"column":56}},"type":"cond-expr","locations":[{"start":{"line":97,"column":37},"end":{"line":97,"column":46}},{"start":{"line":97,"column":49},"end":{"line":97,"column":56}}],"line":97},"7":{"loc":{"start":{"line":104,"column":2},"end":{"line":108,"column":63}},"type":"if","locations":[{"start":{"line":104,"column":2},"end":{"line":108,"column":63}},{"start":{"line":105,"column":7},"end":{"line":108,"column":63}}],"line":104},"8":{"loc":{"start":{"line":105,"column":7},"end":{"line":108,"column":63}},"type":"if","locations":[{"start":{"line":105,"column":7},"end":{"line":108,"column":63}},{"start":{"line":106,"column":7},"end":{"line":108,"column":63}}],"line":105},"9":{"loc":{"start":{"line":106,"column":7},"end":{"line":108,"column":63}},"type":"if","locations":[{"start":{"line":106,"column":7},"end":{"line":108,"column":63}},{"start":{"line":107,"column":7},"end":{"line":108,"column":63}}],"line":106},"10":{"loc":{"start":{"line":107,"column":7},"end":{"line":108,"column":63}},"type":"if","locations":[{"start":{"line":107,"column":7},"end":{"line":108,"column":63}},{"start":{"line":108,"column":23},"end":{"line":108,"column":63}}],"line":107},"11":{"loc":{"start":{"line":127,"column":40},"end":{"line":127,"column":77}},"type":"binary-expr","locations":[{"start":{"line":127,"column":40},"end":{"line":127,"column":72}},{"start":{"line":127,"column":76},"end":{"line":127,"column":77}}],"line":127},"12":{"loc":{"start":{"line":128,"column":53},"end":{"line":128,"column":103}},"type":"binary-expr","locations":[{"start":{"line":128,"column":53},"end":{"line":128,"column":98}},{"start":{"line":128,"column":102},"end":{"line":128,"column":103}}],"line":128},"13":{"loc":{"start":{"line":129,"column":4},"end":{"line":129,"column":56}},"type":"if","locations":[{"start":{"line":129,"column":4},"end":{"line":129,"column":56}},{"start":{},"end":{}}],"line":129},"14":{"loc":{"start":{"line":140,"column":10},"end":{"line":140,"column":50}},"type":"binary-expr","locations":[{"start":{"line":140,"column":10},"end":{"line":140,"column":16}},{"start":{"line":140,"column":20},"end":{"line":140,"column":50}}],"line":140},"15":{"loc":{"start":{"line":153,"column":11},"end":{"line":153,"column":56}},"type":"cond-expr","locations":[{"start":{"line":153,"column":35},"end":{"line":153,"column":44}},{"start":{"line":153,"column":47},"end":{"line":153,"column":56}}],"line":153},"16":{"loc":{"start":{"line":154,"column":16},"end":{"line":154,"column":33}},"type":"binary-expr","locations":[{"start":{"line":154,"column":16},"end":{"line":154,"column":26}},{"start":{"line":154,"column":30},"end":{"line":154,"column":33}}],"line":154},"17":{"loc":{"start":{"line":175,"column":21},"end":{"line":177,"column":7}},"type":"cond-expr","locations":[{"start":{"line":176,"column":6},"end":{"line":176,"column":61}},{"start":{"line":177,"column":6},"end":{"line":177,"column":7}}],"line":175},"18":{"loc":{"start":{"line":178,"column":23},"end":{"line":180,"column":7}},"type":"cond-expr","locations":[{"start":{"line":179,"column":6},"end":{"line":179,"column":76}},{"start":{"line":180,"column":6},"end":{"line":180,"column":7}}],"line":178}},"s":{"0":2,"1":2,"2":2,"3":2,"4":0,"5":0,"6":92,"7":92,"8":92,"9":0,"10":2,"11":92,"12":0,"13":0,"14":2,"15":92,"16":92,"17":92,"18":92,"19":92,"20":92,"21":0,"22":0,"23":0,"24":0,"25":0,"26":0,"27":0,"28":0,"29":0,"30":0,"31":0,"32":0,"33":0,"34":0,"35":0,"36":0,"37":0,"38":92,"39":92,"40":92,"41":92,"42":92,"43":92,"44":92,"45":92,"46":92,"47":92,"48":92,"49":18,"50":92,"51":92,"52":92,"53":0,"54":0,"55":0,"56":0,"57":0,"58":0,"59":0},"f":{"0":0,"1":92,"2":92,"3":0,"4":0,"5":92,"6":0,"7":0,"8":92,"9":92,"10":0,"11":0,"12":0},"b":{"0":[2,0],"1":[0],"2":[0,92],"3":[92,0],"4":[92,0],"5":[0,0],"6":[0,0],"7":[0,0],"8":[0,0],"9":[0,0],"10":[0,0],"11":[92,8],"12":[92,4],"13":[18,74],"14":[92,0],"15":[0,0],"16":[0,0],"17":[0,0],"18":[0,0]},"inputSourceMap":null,"_coverageSchema":"1a1c01bbd47fc00a2c39e90264f33305004495a9","hash":"8612f44b9a9a1de93831a283332e99b074da2d23"}
,"/Users/vijitkohli/UNI/seng3011/F14A_BRAVO/backend/src/processing.js": {"path":"/Users/vijitkohli/UNI/seng3011/F14A_BRAVO/backend/src/processing.js","statementMap":{"0":{"start":{"line":7,"column":18},"end":{"line":7,"column":57}},"1":{"start":{"line":13,"column":14},"end":{"line":13,"column":16}},"2":{"start":{"line":14,"column":14},"end":{"line":14,"column":16}},"3":{"start":{"line":15,"column":15},"end":{"line":15,"column":17}},"4":{"start":{"line":16,"column":0},"end":{"line":18,"column":78}},"5":{"start":{"line":17,"column":2},"end":{"line":17,"column":80}},"6":{"start":{"line":18,"column":10},"end":{"line":18,"column":76}},"7":{"start":{"line":19,"column":0},"end":{"line":21,"column":92}},"8":{"start":{"line":20,"column":2},"end":{"line":20,"column":80}},"9":{"start":{"line":21,"column":10},"end":{"line":21,"column":90}},"10":{"start":{"line":22,"column":0},"end":{"line":26,"column":89}},"11":{"start":{"line":23,"column":2},"end":{"line":23,"column":82}},"12":{"start":{"line":26,"column":10},"end":{"line":26,"column":87}},"13":{"start":{"line":36,"column":13},"end":{"line":36,"column":65}},"14":{"start":{"line":36,"column":22},"end":{"line":36,"column":65}},"15":{"start":{"line":36,"column":43},"end":{"line":36,"column":48}},"16":{"start":{"line":38,"column":23},"end":{"line":45,"column":1}},"17":{"start":{"line":39,"column":2},"end":{"line":39,"column":37}},"18":{"start":{"line":39,"column":24},"end":{"line":39,"column":37}},"19":{"start":{"line":40,"column":17},"end":{"line":40,"column":69}},"20":{"start":{"line":40,"column":38},"end":{"line":40,"column":45}},"21":{"start":{"line":40,"column":63},"end":{"line":40,"column":68}},"22":{"start":{"line":41,"column":13},"end":{"line":41,"column":53}},"23":{"start":{"line":42,"column":13},"end":{"line":42,"column":53}},"24":{"start":{"line":43,"column":14},"end":{"line":43,"column":21}},"25":{"start":{"line":44,"column":2},"end":{"line":44,"column":85}},"26":{"start":{"line":44,"column":29},"end":{"line":44,"column":83}},"27":{"start":{"line":47,"column":18},"end":{"line":76,"column":1}},"28":{"start":{"line":48,"column":20},"end":{"line":48,"column":23}},"29":{"start":{"line":49,"column":12},"end":{"line":49,"column":29}},"30":{"start":{"line":51,"column":17},"end":{"line":51,"column":80}},"31":{"start":{"line":52,"column":18},"end":{"line":59,"column":3}},"32":{"start":{"line":61,"column":18},"end":{"line":61,"column":20}},"33":{"start":{"line":62,"column":2},"end":{"line":73,"column":3}},"34":{"start":{"line":62,"column":15},"end":{"line":62,"column":16}},"35":{"start":{"line":63,"column":18},"end":{"line":63,"column":20}},"36":{"start":{"line":64,"column":16},"end":{"line":64,"column":33}},"37":{"start":{"line":65,"column":4},"end":{"line":65,"column":52}},"38":{"start":{"line":65,"column":16},"end":{"line":65,"column":40}},"39":{"start":{"line":65,"column":41},"end":{"line":65,"column":50}},"40":{"start":{"line":66,"column":4},"end":{"line":71,"column":5}},"41":{"start":{"line":66,"column":17},"end":{"line":66,"column":18}},"42":{"start":{"line":67,"column":18},"end":{"line":67,"column":24}},"43":{"start":{"line":68,"column":6},"end":{"line":70,"column":7}},"44":{"start":{"line":69,"column":8},"end":{"line":69,"column":56}},"45":{"start":{"line":72,"column":4},"end":{"line":72,"column":47}},"46":{"start":{"line":75,"column":2},"end":{"line":75,"column":17}},"47":{"start":{"line":82,"column":14},"end":{"line":82,"column":66}},"48":{"start":{"line":82,"column":33},"end":{"line":82,"column":66}},"49":{"start":{"line":83,"column":14},"end":{"line":83,"column":48}},"50":{"start":{"line":83,"column":23},"end":{"line":83,"column":48}},"51":{"start":{"line":86,"column":18},"end":{"line":86,"column":66}},"52":{"start":{"line":86,"column":25},"end":{"line":86,"column":66}},"53":{"start":{"line":87,"column":22},"end":{"line":87,"column":72}},"54":{"start":{"line":87,"column":29},"end":{"line":87,"column":72}},"55":{"start":{"line":88,"column":16},"end":{"line":88,"column":49}},"56":{"start":{"line":88,"column":23},"end":{"line":88,"column":49}},"57":{"start":{"line":89,"column":18},"end":{"line":89,"column":69}},"58":{"start":{"line":89,"column":25},"end":{"line":89,"column":69}},"59":{"start":{"line":90,"column":20},"end":{"line":94,"column":1}},"60":{"start":{"line":91,"column":2},"end":{"line":91,"column":42}},"61":{"start":{"line":91,"column":13},"end":{"line":91,"column":42}},"62":{"start":{"line":92,"column":2},"end":{"line":92,"column":59}},"63":{"start":{"line":92,"column":14},"end":{"line":92,"column":59}},"64":{"start":{"line":93,"column":2},"end":{"line":93,"column":42}},"65":{"start":{"line":97,"column":22},"end":{"line":100,"column":1}},"66":{"start":{"line":98,"column":16},"end":{"line":98,"column":24}},"67":{"start":{"line":99,"column":2},"end":{"line":99,"column":55}},"68":{"start":{"line":102,"column":25},"end":{"line":108,"column":1}},"69":{"start":{"line":103,"column":2},"end":{"line":103,"column":26}},"70":{"start":{"line":103,"column":13},"end":{"line":103,"column":26}},"71":{"start":{"line":104,"column":2},"end":{"line":104,"column":31}},"72":{"start":{"line":104,"column":13},"end":{"line":104,"column":31}},"73":{"start":{"line":105,"column":2},"end":{"line":105,"column":27}},"74":{"start":{"line":105,"column":13},"end":{"line":105,"column":27}},"75":{"start":{"line":106,"column":2},"end":{"line":106,"column":33}},"76":{"start":{"line":106,"column":14},"end":{"line":106,"column":33}},"77":{"start":{"line":107,"column":2},"end":{"line":107,"column":19}},"78":{"start":{"line":111,"column":31},"end":{"line":149,"column":1}},"79":{"start":{"line":112,"column":13},"end":{"line":112,"column":34}},"80":{"start":{"line":113,"column":13},"end":{"line":113,"column":42}},"81":{"start":{"line":114,"column":23},"end":{"line":114,"column":49}},"82":{"start":{"line":116,"column":16},"end":{"line":116,"column":79}},"83":{"start":{"line":117,"column":22},"end":{"line":117,"column":103}},"84":{"start":{"line":120,"column":19},"end":{"line":120,"column":35}},"85":{"start":{"line":121,"column":19},"end":{"line":121,"column":41}},"86":{"start":{"line":122,"column":20},"end":{"line":122,"column":45}},"87":{"start":{"line":123,"column":23},"end":{"line":123,"column":36}},"88":{"start":{"line":124,"column":21},"end":{"line":124,"column":34}},"89":{"start":{"line":126,"column":23},"end":{"line":132,"column":3}},"90":{"start":{"line":138,"column":2},"end":{"line":148,"column":4}},"91":{"start":{"line":155,"column":31},"end":{"line":177,"column":1}},"92":{"start":{"line":156,"column":22},"end":{"line":156,"column":106}},"93":{"start":{"line":157,"column":17},"end":{"line":157,"column":80}},"94":{"start":{"line":159,"column":18},"end":{"line":159,"column":131}},"95":{"start":{"line":159,"column":52},"end":{"line":159,"column":129}},"96":{"start":{"line":161,"column":2},"end":{"line":166,"column":3}},"97":{"start":{"line":162,"column":4},"end":{"line":165,"column":5}},"98":{"start":{"line":163,"column":20},"end":{"line":163,"column":38}},"99":{"start":{"line":164,"column":6},"end":{"line":164,"column":40}},"100":{"start":{"line":168,"column":2},"end":{"line":176,"column":6}},"101":{"start":{"line":168,"column":32},"end":{"line":176,"column":3}},"102":{"start":{"line":183,"column":17},"end":{"line":183,"column":65}},"103":{"start":{"line":183,"column":30},"end":{"line":183,"column":65}},"104":{"start":{"line":185,"column":22},"end":{"line":188,"column":1}},"105":{"start":{"line":190,"column":30},"end":{"line":223,"column":1}},"106":{"start":{"line":191,"column":21},"end":{"line":191,"column":60}},"107":{"start":{"line":192,"column":18},"end":{"line":192,"column":43}},"108":{"start":{"line":193,"column":19},"end":{"line":193,"column":21}},"109":{"start":{"line":195,"column":2},"end":{"line":220,"column":3}},"110":{"start":{"line":196,"column":19},"end":{"line":196,"column":84}},"111":{"start":{"line":196,"column":30},"end":{"line":196,"column":84}},"112":{"start":{"line":196,"column":50},"end":{"line":196,"column":83}},"113":{"start":{"line":197,"column":17},"end":{"line":204,"column":5}},"114":{"start":{"line":205,"column":20},"end":{"line":205,"column":98}},"115":{"start":{"line":205,"column":79},"end":{"line":205,"column":97}},"116":{"start":{"line":206,"column":4},"end":{"line":209,"column":5}},"117":{"start":{"line":207,"column":6},"end":{"line":207,"column":30}},"118":{"start":{"line":208,"column":6},"end":{"line":208,"column":15}},"119":{"start":{"line":210,"column":18},"end":{"line":217,"column":5}},"120":{"start":{"line":211,"column":38},"end":{"line":211,"column":45}},"121":{"start":{"line":212,"column":46},"end":{"line":212,"column":53}},"122":{"start":{"line":213,"column":56},"end":{"line":213,"column":63}},"123":{"start":{"line":214,"column":38},"end":{"line":214,"column":45}},"124":{"start":{"line":215,"column":55},"end":{"line":215,"column":62}},"125":{"start":{"line":216,"column":73},"end":{"line":216,"column":80}},"126":{"start":{"line":219,"column":4},"end":{"line":219,"column":66}},"127":{"start":{"line":222,"column":2},"end":{"line":222,"column":18}},"128":{"start":{"line":229,"column":25},"end":{"line":283,"column":1}},"129":{"start":{"line":230,"column":14},"end":{"line":230,"column":42}},"130":{"start":{"line":231,"column":15},"end":{"line":231,"column":41}},"131":{"start":{"line":234,"column":19},"end":{"line":234,"column":57}},"132":{"start":{"line":237,"column":23},"end":{"line":237,"column":49}},"133":{"start":{"line":238,"column":22},"end":{"line":238,"column":106}},"134":{"start":{"line":241,"column":22},"end":{"line":241,"column":49}},"135":{"start":{"line":242,"column":24},"end":{"line":242,"column":87}},"136":{"start":{"line":245,"column":24},"end":{"line":245,"column":47}},"137":{"start":{"line":246,"column":26},"end":{"line":246,"column":93}},"138":{"start":{"line":249,"column":22},"end":{"line":249,"column":47}},"139":{"start":{"line":250,"column":28},"end":{"line":250,"column":110}},"140":{"start":{"line":254,"column":21},"end":{"line":260,"column":3}},"141":{"start":{"line":262,"column":20},"end":{"line":262,"column":60}},"142":{"start":{"line":262,"column":43},"end":{"line":262,"column":59}},"143":{"start":{"line":263,"column":17},"end":{"line":263,"column":21}},"144":{"start":{"line":264,"column":2},"end":{"line":267,"column":3}},"145":{"start":{"line":265,"column":24},"end":{"line":265,"column":67}},"146":{"start":{"line":265,"column":51},"end":{"line":265,"column":63}},"147":{"start":{"line":266,"column":4},"end":{"line":266,"column":92}},"148":{"start":{"line":266,"column":48},"end":{"line":266,"column":86}},"149":{"start":{"line":269,"column":2},"end":{"line":282,"column":4}},"150":{"start":{"line":295,"column":17},"end":{"line":295,"column":22}},"151":{"start":{"line":307,"column":34},"end":{"line":312,"column":1}},"152":{"start":{"line":308,"column":14},"end":{"line":308,"column":43}},"153":{"start":{"line":309,"column":2},"end":{"line":309,"column":80}},"154":{"start":{"line":309,"column":20},"end":{"line":309,"column":80}},"155":{"start":{"line":310,"column":16},"end":{"line":310,"column":66}},"156":{"start":{"line":311,"column":2},"end":{"line":311,"column":62}},"157":{"start":{"line":318,"column":31},"end":{"line":379,"column":1}},"158":{"start":{"line":319,"column":19},"end":{"line":319,"column":80}},"159":{"start":{"line":320,"column":2},"end":{"line":322,"column":3}},"160":{"start":{"line":321,"column":4},"end":{"line":321,"column":95}},"161":{"start":{"line":321,"column":38},"end":{"line":321,"column":95}},"162":{"start":{"line":324,"column":24},"end":{"line":330,"column":3}},"163":{"start":{"line":331,"column":2},"end":{"line":333,"column":3}},"164":{"start":{"line":332,"column":4},"end":{"line":332,"column":109}},"165":{"start":{"line":332,"column":46},"end":{"line":332,"column":109}},"166":{"start":{"line":335,"column":18},"end":{"line":335,"column":36}},"167":{"start":{"line":337,"column":23},"end":{"line":344,"column":3}},"168":{"start":{"line":338,"column":39},"end":{"line":338,"column":46}},"169":{"start":{"line":339,"column":47},"end":{"line":339,"column":54}},"170":{"start":{"line":340,"column":57},"end":{"line":340,"column":64}},"171":{"start":{"line":341,"column":39},"end":{"line":341,"column":46}},"172":{"start":{"line":342,"column":59},"end":{"line":342,"column":66}},"173":{"start":{"line":343,"column":77},"end":{"line":343,"column":84}},"174":{"start":{"line":347,"column":29},"end":{"line":347,"column":87}},"175":{"start":{"line":348,"column":29},"end":{"line":348,"column":67}},"176":{"start":{"line":349,"column":30},"end":{"line":349,"column":77}},"177":{"start":{"line":351,"column":20},"end":{"line":351,"column":47}},"178":{"start":{"line":352,"column":2},"end":{"line":354,"column":3}},"179":{"start":{"line":353,"column":4},"end":{"line":353,"column":87}},"180":{"start":{"line":356,"column":17},"end":{"line":361,"column":3}},"181":{"start":{"line":363,"column":19},"end":{"line":363,"column":89}},"182":{"start":{"line":364,"column":18},"end":{"line":364,"column":49}},"183":{"start":{"line":366,"column":2},"end":{"line":376,"column":5}},"184":{"start":{"line":378,"column":2},"end":{"line":378,"column":59}}},"fnMap":{"0":{"name":"(anonymous_0)","decl":{"start":{"line":36,"column":13},"end":{"line":36,"column":14}},"loc":{"start":{"line":36,"column":22},"end":{"line":36,"column":65}},"line":36},"1":{"name":"(anonymous_1)","decl":{"start":{"line":36,"column":33},"end":{"line":36,"column":34}},"loc":{"start":{"line":36,"column":43},"end":{"line":36,"column":48}},"line":36},"2":{"name":"(anonymous_2)","decl":{"start":{"line":38,"column":23},"end":{"line":38,"column":24}},"loc":{"start":{"line":38,"column":34},"end":{"line":45,"column":1}},"line":38},"3":{"name":"(anonymous_3)","decl":{"start":{"line":40,"column":31},"end":{"line":40,"column":32}},"loc":{"start":{"line":40,"column":38},"end":{"line":40,"column":45}},"line":40},"4":{"name":"(anonymous_4)","decl":{"start":{"line":40,"column":53},"end":{"line":40,"column":54}},"loc":{"start":{"line":40,"column":63},"end":{"line":40,"column":68}},"line":40},"5":{"name":"(anonymous_5)","decl":{"start":{"line":44,"column":22},"end":{"line":44,"column":23}},"loc":{"start":{"line":44,"column":29},"end":{"line":44,"column":83}},"line":44},"6":{"name":"(anonymous_6)","decl":{"start":{"line":47,"column":18},"end":{"line":47,"column":19}},"loc":{"start":{"line":47,"column":27},"end":{"line":76,"column":1}},"line":47},"7":{"name":"(anonymous_7)","decl":{"start":{"line":82,"column":14},"end":{"line":82,"column":15}},"loc":{"start":{"line":82,"column":33},"end":{"line":82,"column":66}},"line":82},"8":{"name":"(anonymous_8)","decl":{"start":{"line":83,"column":14},"end":{"line":83,"column":15}},"loc":{"start":{"line":83,"column":23},"end":{"line":83,"column":48}},"line":83},"9":{"name":"(anonymous_9)","decl":{"start":{"line":86,"column":18},"end":{"line":86,"column":19}},"loc":{"start":{"line":86,"column":25},"end":{"line":86,"column":66}},"line":86},"10":{"name":"(anonymous_10)","decl":{"start":{"line":87,"column":22},"end":{"line":87,"column":23}},"loc":{"start":{"line":87,"column":29},"end":{"line":87,"column":72}},"line":87},"11":{"name":"(anonymous_11)","decl":{"start":{"line":88,"column":16},"end":{"line":88,"column":17}},"loc":{"start":{"line":88,"column":23},"end":{"line":88,"column":49}},"line":88},"12":{"name":"(anonymous_12)","decl":{"start":{"line":89,"column":18},"end":{"line":89,"column":19}},"loc":{"start":{"line":89,"column":25},"end":{"line":89,"column":69}},"line":89},"13":{"name":"(anonymous_13)","decl":{"start":{"line":90,"column":20},"end":{"line":90,"column":21}},"loc":{"start":{"line":90,"column":27},"end":{"line":94,"column":1}},"line":90},"14":{"name":"(anonymous_14)","decl":{"start":{"line":97,"column":22},"end":{"line":97,"column":23}},"loc":{"start":{"line":97,"column":29},"end":{"line":100,"column":1}},"line":97},"15":{"name":"(anonymous_15)","decl":{"start":{"line":102,"column":25},"end":{"line":102,"column":26}},"loc":{"start":{"line":102,"column":32},"end":{"line":108,"column":1}},"line":102},"16":{"name":"(anonymous_16)","decl":{"start":{"line":111,"column":31},"end":{"line":111,"column":32}},"loc":{"start":{"line":111,"column":42},"end":{"line":149,"column":1}},"line":111},"17":{"name":"(anonymous_17)","decl":{"start":{"line":155,"column":31},"end":{"line":155,"column":32}},"loc":{"start":{"line":155,"column":44},"end":{"line":177,"column":1}},"line":155},"18":{"name":"(anonymous_18)","decl":{"start":{"line":159,"column":45},"end":{"line":159,"column":46}},"loc":{"start":{"line":159,"column":52},"end":{"line":159,"column":129}},"line":159},"19":{"name":"(anonymous_19)","decl":{"start":{"line":168,"column":21},"end":{"line":168,"column":22}},"loc":{"start":{"line":168,"column":32},"end":{"line":176,"column":3}},"line":168},"20":{"name":"(anonymous_20)","decl":{"start":{"line":183,"column":17},"end":{"line":183,"column":18}},"loc":{"start":{"line":183,"column":30},"end":{"line":183,"column":65}},"line":183},"21":{"name":"(anonymous_21)","decl":{"start":{"line":190,"column":30},"end":{"line":190,"column":31}},"loc":{"start":{"line":190,"column":66},"end":{"line":223,"column":1}},"line":190},"22":{"name":"(anonymous_22)","decl":{"start":{"line":196,"column":19},"end":{"line":196,"column":20}},"loc":{"start":{"line":196,"column":30},"end":{"line":196,"column":84}},"line":196},"23":{"name":"(anonymous_23)","decl":{"start":{"line":196,"column":43},"end":{"line":196,"column":44}},"loc":{"start":{"line":196,"column":50},"end":{"line":196,"column":83}},"line":196},"24":{"name":"(anonymous_24)","decl":{"start":{"line":205,"column":72},"end":{"line":205,"column":73}},"loc":{"start":{"line":205,"column":79},"end":{"line":205,"column":97}},"line":205},"25":{"name":"(anonymous_25)","decl":{"start":{"line":211,"column":31},"end":{"line":211,"column":32}},"loc":{"start":{"line":211,"column":38},"end":{"line":211,"column":45}},"line":211},"26":{"name":"(anonymous_26)","decl":{"start":{"line":212,"column":39},"end":{"line":212,"column":40}},"loc":{"start":{"line":212,"column":46},"end":{"line":212,"column":53}},"line":212},"27":{"name":"(anonymous_27)","decl":{"start":{"line":213,"column":49},"end":{"line":213,"column":50}},"loc":{"start":{"line":213,"column":56},"end":{"line":213,"column":63}},"line":213},"28":{"name":"(anonymous_28)","decl":{"start":{"line":214,"column":31},"end":{"line":214,"column":32}},"loc":{"start":{"line":214,"column":38},"end":{"line":214,"column":45}},"line":214},"29":{"name":"(anonymous_29)","decl":{"start":{"line":215,"column":48},"end":{"line":215,"column":49}},"loc":{"start":{"line":215,"column":55},"end":{"line":215,"column":62}},"line":215},"30":{"name":"(anonymous_30)","decl":{"start":{"line":216,"column":66},"end":{"line":216,"column":67}},"loc":{"start":{"line":216,"column":73},"end":{"line":216,"column":80}},"line":216},"31":{"name":"(anonymous_31)","decl":{"start":{"line":229,"column":25},"end":{"line":229,"column":26}},"loc":{"start":{"line":229,"column":42},"end":{"line":283,"column":1}},"line":229},"32":{"name":"(anonymous_32)","decl":{"start":{"line":262,"column":38},"end":{"line":262,"column":39}},"loc":{"start":{"line":262,"column":43},"end":{"line":262,"column":59}},"line":262},"33":{"name":"(anonymous_33)","decl":{"start":{"line":265,"column":41},"end":{"line":265,"column":42}},"loc":{"start":{"line":265,"column":51},"end":{"line":265,"column":63}},"line":265},"34":{"name":"(anonymous_34)","decl":{"start":{"line":266,"column":38},"end":{"line":266,"column":39}},"loc":{"start":{"line":266,"column":48},"end":{"line":266,"column":86}},"line":266},"35":{"name":"(anonymous_35)","decl":{"start":{"line":307,"column":34},"end":{"line":307,"column":35}},"loc":{"start":{"line":307,"column":51},"end":{"line":312,"column":1}},"line":307},"36":{"name":"(anonymous_36)","decl":{"start":{"line":318,"column":31},"end":{"line":318,"column":32}},"loc":{"start":{"line":318,"column":50},"end":{"line":379,"column":1}},"line":318},"37":{"name":"(anonymous_37)","decl":{"start":{"line":338,"column":32},"end":{"line":338,"column":33}},"loc":{"start":{"line":338,"column":39},"end":{"line":338,"column":46}},"line":338},"38":{"name":"(anonymous_38)","decl":{"start":{"line":339,"column":40},"end":{"line":339,"column":41}},"loc":{"start":{"line":339,"column":47},"end":{"line":339,"column":54}},"line":339},"39":{"name":"(anonymous_39)","decl":{"start":{"line":340,"column":50},"end":{"line":340,"column":51}},"loc":{"start":{"line":340,"column":57},"end":{"line":340,"column":64}},"line":340},"40":{"name":"(anonymous_40)","decl":{"start":{"line":341,"column":32},"end":{"line":341,"column":33}},"loc":{"start":{"line":341,"column":39},"end":{"line":341,"column":46}},"line":341},"41":{"name":"(anonymous_41)","decl":{"start":{"line":342,"column":52},"end":{"line":342,"column":53}},"loc":{"start":{"line":342,"column":59},"end":{"line":342,"column":66}},"line":342},"42":{"name":"(anonymous_42)","decl":{"start":{"line":343,"column":70},"end":{"line":343,"column":71}},"loc":{"start":{"line":343,"column":77},"end":{"line":343,"column":84}},"line":343}},"branchMap":{"0":{"loc":{"start":{"line":39,"column":2},"end":{"line":39,"column":37}},"type":"if","locations":[{"start":{"line":39,"column":2},"end":{"line":39,"column":37}},{"start":{},"end":{}}],"line":39},"1":{"loc":{"start":{"line":44,"column":29},"end":{"line":44,"column":83}},"type":"binary-expr","locations":[{"start":{"line":44,"column":29},"end":{"line":44,"column":54}},{"start":{"line":44,"column":58},"end":{"line":44,"column":83}}],"line":44},"2":{"loc":{"start":{"line":65,"column":4},"end":{"line":65,"column":52}},"type":"if","locations":[{"start":{"line":65,"column":4},"end":{"line":65,"column":52}},{"start":{},"end":{}}],"line":65},"3":{"loc":{"start":{"line":68,"column":6},"end":{"line":70,"column":7}},"type":"if","locations":[{"start":{"line":68,"column":6},"end":{"line":70,"column":7}},{"start":{},"end":{}}],"line":68},"4":{"loc":{"start":{"line":68,"column":10},"end":{"line":68,"column":58}},"type":"binary-expr","locations":[{"start":{"line":68,"column":10},"end":{"line":68,"column":22}},{"start":{"line":68,"column":26},"end":{"line":68,"column":43}},{"start":{"line":68,"column":47},"end":{"line":68,"column":58}}],"line":68},"5":{"loc":{"start":{"line":91,"column":2},"end":{"line":91,"column":42}},"type":"if","locations":[{"start":{"line":91,"column":2},"end":{"line":91,"column":42}},{"start":{},"end":{}}],"line":91},"6":{"loc":{"start":{"line":92,"column":2},"end":{"line":92,"column":59}},"type":"if","locations":[{"start":{"line":92,"column":2},"end":{"line":92,"column":59}},{"start":{},"end":{}}],"line":92},"7":{"loc":{"start":{"line":103,"column":2},"end":{"line":103,"column":26}},"type":"if","locations":[{"start":{"line":103,"column":2},"end":{"line":103,"column":26}},{"start":{},"end":{}}],"line":103},"8":{"loc":{"start":{"line":104,"column":2},"end":{"line":104,"column":31}},"type":"if","locations":[{"start":{"line":104,"column":2},"end":{"line":104,"column":31}},{"start":{},"end":{}}],"line":104},"9":{"loc":{"start":{"line":105,"column":2},"end":{"line":105,"column":27}},"type":"if","locations":[{"start":{"line":105,"column":2},"end":{"line":105,"column":27}},{"start":{},"end":{}}],"line":105},"10":{"loc":{"start":{"line":106,"column":2},"end":{"line":106,"column":33}},"type":"if","locations":[{"start":{"line":106,"column":2},"end":{"line":106,"column":33}},{"start":{},"end":{}}],"line":106},"11":{"loc":{"start":{"line":116,"column":16},"end":{"line":116,"column":79}},"type":"binary-expr","locations":[{"start":{"line":116,"column":16},"end":{"line":116,"column":33}},{"start":{"line":116,"column":37},"end":{"line":116,"column":59}},{"start":{"line":116,"column":63},"end":{"line":116,"column":79}}],"line":116},"12":{"loc":{"start":{"line":117,"column":22},"end":{"line":117,"column":103}},"type":"binary-expr","locations":[{"start":{"line":117,"column":22},"end":{"line":117,"column":45}},{"start":{"line":117,"column":49},"end":{"line":117,"column":77}},{"start":{"line":117,"column":81},"end":{"line":117,"column":103}}],"line":117},"13":{"loc":{"start":{"line":120,"column":19},"end":{"line":120,"column":35}},"type":"cond-expr","locations":[{"start":{"line":120,"column":27},"end":{"line":120,"column":31}},{"start":{"line":120,"column":34},"end":{"line":120,"column":35}}],"line":120},"14":{"loc":{"start":{"line":121,"column":19},"end":{"line":121,"column":41}},"type":"cond-expr","locations":[{"start":{"line":121,"column":33},"end":{"line":121,"column":37}},{"start":{"line":121,"column":40},"end":{"line":121,"column":41}}],"line":121},"15":{"loc":{"start":{"line":128,"column":5},"end":{"line":128,"column":45}},"type":"cond-expr","locations":[{"start":{"line":128,"column":13},"end":{"line":128,"column":41}},{"start":{"line":128,"column":44},"end":{"line":128,"column":45}}],"line":128},"16":{"loc":{"start":{"line":129,"column":5},"end":{"line":129,"column":63}},"type":"cond-expr","locations":[{"start":{"line":129,"column":19},"end":{"line":129,"column":59}},{"start":{"line":129,"column":62},"end":{"line":129,"column":63}}],"line":129},"17":{"loc":{"start":{"line":141,"column":13},"end":{"line":141,"column":54}},"type":"cond-expr","locations":[{"start":{"line":141,"column":21},"end":{"line":141,"column":47}},{"start":{"line":141,"column":50},"end":{"line":141,"column":54}}],"line":141},"18":{"loc":{"start":{"line":142,"column":19},"end":{"line":142,"column":49}},"type":"cond-expr","locations":[{"start":{"line":142,"column":27},"end":{"line":142,"column":42}},{"start":{"line":142,"column":45},"end":{"line":142,"column":49}}],"line":142},"19":{"loc":{"start":{"line":143,"column":20},"end":{"line":143,"column":69}},"type":"cond-expr","locations":[{"start":{"line":143,"column":34},"end":{"line":143,"column":62}},{"start":{"line":143,"column":65},"end":{"line":143,"column":69}}],"line":143},"20":{"loc":{"start":{"line":170,"column":10},"end":{"line":170,"column":56}},"type":"cond-expr","locations":[{"start":{"line":170,"column":30},"end":{"line":170,"column":49}},{"start":{"line":170,"column":52},"end":{"line":170,"column":56}}],"line":170},"21":{"loc":{"start":{"line":171,"column":14},"end":{"line":171,"column":68}},"type":"cond-expr","locations":[{"start":{"line":171,"column":38},"end":{"line":171,"column":61}},{"start":{"line":171,"column":64},"end":{"line":171,"column":68}}],"line":171},"22":{"loc":{"start":{"line":172,"column":19},"end":{"line":172,"column":83}},"type":"cond-expr","locations":[{"start":{"line":172,"column":48},"end":{"line":172,"column":76}},{"start":{"line":172,"column":79},"end":{"line":172,"column":83}}],"line":172},"23":{"loc":{"start":{"line":173,"column":10},"end":{"line":173,"column":56}},"type":"cond-expr","locations":[{"start":{"line":173,"column":30},"end":{"line":173,"column":49}},{"start":{"line":173,"column":52},"end":{"line":173,"column":56}}],"line":173},"24":{"loc":{"start":{"line":174,"column":8},"end":{"line":174,"column":50}},"type":"cond-expr","locations":[{"start":{"line":174,"column":26},"end":{"line":174,"column":43}},{"start":{"line":174,"column":46},"end":{"line":174,"column":50}}],"line":174},"25":{"loc":{"start":{"line":175,"column":20},"end":{"line":175,"column":81}},"type":"cond-expr","locations":[{"start":{"line":175,"column":44},"end":{"line":175,"column":74}},{"start":{"line":175,"column":77},"end":{"line":175,"column":81}}],"line":175},"26":{"loc":{"start":{"line":191,"column":21},"end":{"line":191,"column":60}},"type":"cond-expr","locations":[{"start":{"line":191,"column":37},"end":{"line":191,"column":47}},{"start":{"line":191,"column":50},"end":{"line":191,"column":60}}],"line":191},"27":{"loc":{"start":{"line":206,"column":4},"end":{"line":209,"column":5}},"type":"if","locations":[{"start":{"line":206,"column":4},"end":{"line":209,"column":5}},{"start":{},"end":{}}],"line":206},"28":{"loc":{"start":{"line":215,"column":10},"end":{"line":215,"column":71}},"type":"cond-expr","locations":[{"start":{"line":215,"column":31},"end":{"line":215,"column":64}},{"start":{"line":215,"column":67},"end":{"line":215,"column":71}}],"line":215},"29":{"loc":{"start":{"line":216,"column":16},"end":{"line":216,"column":89}},"type":"cond-expr","locations":[{"start":{"line":216,"column":43},"end":{"line":216,"column":82}},{"start":{"line":216,"column":85},"end":{"line":216,"column":89}}],"line":216},"30":{"loc":{"start":{"line":230,"column":14},"end":{"line":230,"column":42}},"type":"binary-expr","locations":[{"start":{"line":230,"column":14},"end":{"line":230,"column":34}},{"start":{"line":230,"column":38},"end":{"line":230,"column":42}}],"line":230},"31":{"loc":{"start":{"line":231,"column":15},"end":{"line":231,"column":41}},"type":"binary-expr","locations":[{"start":{"line":231,"column":15},"end":{"line":231,"column":35}},{"start":{"line":231,"column":39},"end":{"line":231,"column":41}}],"line":231},"32":{"loc":{"start":{"line":234,"column":19},"end":{"line":234,"column":57}},"type":"cond-expr","locations":[{"start":{"line":234,"column":34},"end":{"line":234,"column":50}},{"start":{"line":234,"column":53},"end":{"line":234,"column":57}}],"line":234},"33":{"loc":{"start":{"line":237,"column":23},"end":{"line":237,"column":49}},"type":"binary-expr","locations":[{"start":{"line":237,"column":23},"end":{"line":237,"column":41}},{"start":{"line":237,"column":45},"end":{"line":237,"column":49}}],"line":237},"34":{"loc":{"start":{"line":238,"column":22},"end":{"line":238,"column":106}},"type":"cond-expr","locations":[{"start":{"line":238,"column":46},"end":{"line":238,"column":99}},{"start":{"line":238,"column":102},"end":{"line":238,"column":106}}],"line":238},"35":{"loc":{"start":{"line":241,"column":22},"end":{"line":241,"column":49}},"type":"binary-expr","locations":[{"start":{"line":241,"column":22},"end":{"line":241,"column":41}},{"start":{"line":241,"column":45},"end":{"line":241,"column":49}}],"line":241},"36":{"loc":{"start":{"line":242,"column":24},"end":{"line":242,"column":87}},"type":"cond-expr","locations":[{"start":{"line":242,"column":47},"end":{"line":242,"column":80}},{"start":{"line":242,"column":83},"end":{"line":242,"column":87}}],"line":242},"37":{"loc":{"start":{"line":245,"column":24},"end":{"line":245,"column":47}},"type":"binary-expr","locations":[{"start":{"line":245,"column":24},"end":{"line":245,"column":39}},{"start":{"line":245,"column":43},"end":{"line":245,"column":47}}],"line":245},"38":{"loc":{"start":{"line":246,"column":26},"end":{"line":246,"column":93}},"type":"cond-expr","locations":[{"start":{"line":246,"column":51},"end":{"line":246,"column":86}},{"start":{"line":246,"column":89},"end":{"line":246,"column":93}}],"line":246},"39":{"loc":{"start":{"line":249,"column":22},"end":{"line":249,"column":47}},"type":"binary-expr","locations":[{"start":{"line":249,"column":22},"end":{"line":249,"column":39}},{"start":{"line":249,"column":43},"end":{"line":249,"column":47}}],"line":249},"40":{"loc":{"start":{"line":250,"column":28},"end":{"line":250,"column":110}},"type":"cond-expr","locations":[{"start":{"line":250,"column":51},"end":{"line":250,"column":103}},{"start":{"line":250,"column":106},"end":{"line":250,"column":110}}],"line":250},"41":{"loc":{"start":{"line":264,"column":2},"end":{"line":267,"column":3}},"type":"if","locations":[{"start":{"line":264,"column":2},"end":{"line":267,"column":3}},{"start":{},"end":{}}],"line":264},"42":{"loc":{"start":{"line":308,"column":14},"end":{"line":308,"column":43}},"type":"binary-expr","locations":[{"start":{"line":308,"column":14},"end":{"line":308,"column":35}},{"start":{"line":308,"column":39},"end":{"line":308,"column":43}}],"line":308},"43":{"loc":{"start":{"line":309,"column":2},"end":{"line":309,"column":80}},"type":"if","locations":[{"start":{"line":309,"column":2},"end":{"line":309,"column":80}},{"start":{},"end":{}}],"line":309},"44":{"loc":{"start":{"line":321,"column":4},"end":{"line":321,"column":95}},"type":"if","locations":[{"start":{"line":321,"column":4},"end":{"line":321,"column":95}},{"start":{},"end":{}}],"line":321},"45":{"loc":{"start":{"line":332,"column":4},"end":{"line":332,"column":109}},"type":"if","locations":[{"start":{"line":332,"column":4},"end":{"line":332,"column":109}},{"start":{},"end":{}}],"line":332},"46":{"loc":{"start":{"line":342,"column":8},"end":{"line":342,"column":75}},"type":"cond-expr","locations":[{"start":{"line":342,"column":32},"end":{"line":342,"column":68}},{"start":{"line":342,"column":71},"end":{"line":342,"column":75}}],"line":342},"47":{"loc":{"start":{"line":343,"column":14},"end":{"line":343,"column":93}},"type":"cond-expr","locations":[{"start":{"line":343,"column":44},"end":{"line":343,"column":86}},{"start":{"line":343,"column":89},"end":{"line":343,"column":93}}],"line":343},"48":{"loc":{"start":{"line":352,"column":2},"end":{"line":354,"column":3}},"type":"if","locations":[{"start":{"line":352,"column":2},"end":{"line":354,"column":3}},{"start":{},"end":{}}],"line":352},"49":{"loc":{"start":{"line":369,"column":13},"end":{"line":369,"column":36}},"type":"binary-expr","locations":[{"start":{"line":369,"column":13},"end":{"line":369,"column":28}},{"start":{"line":369,"column":32},"end":{"line":369,"column":36}}],"line":369}},"s":{"0":2,"1":2,"2":2,"3":2,"4":2,"5":2,"6":0,"7":2,"8":2,"9":0,"10":2,"11":2,"12":0,"13":2,"14":1387,"15":55959,"16":2,"17":222,"18":17,"19":205,"20":18628,"21":18423,"22":205,"23":205,"24":205,"25":205,"26":18628,"27":2,"28":46,"29":46,"30":46,"31":46,"32":46,"33":46,"34":46,"35":276,"36":276,"37":276,"38":54,"39":54,"40":222,"41":222,"42":18675,"43":18675,"44":18653,"45":222,"46":46,"47":2,"48":644,"49":2,"50":1679,"51":2,"52":130,"53":2,"54":130,"55":2,"56":104,"57":2,"58":130,"59":2,"60":130,"61":0,"62":130,"63":130,"64":0,"65":2,"66":0,"67":0,"68":2,"69":104,"70":2,"71":102,"72":2,"73":100,"74":2,"75":98,"76":96,"77":2,"78":2,"79":130,"80":130,"81":130,"82":130,"83":130,"84":130,"85":130,"86":130,"87":130,"88":130,"89":130,"90":130,"91":2,"92":46,"93":46,"94":46,"95":552,"96":46,"97":276,"98":18653,"99":18653,"100":46,"101":552,"102":2,"103":93265,"104":2,"105":2,"106":46,"107":46,"108":46,"109":46,"110":184,"111":1104,"112":74612,"113":184,"114":184,"115":436,"116":184,"117":100,"118":100,"119":84,"120":3810,"121":3811,"122":3811,"123":3811,"124":3410,"125":0,"126":84,"127":46,"128":2,"129":46,"130":46,"131":46,"132":46,"133":46,"134":46,"135":46,"136":46,"137":46,"138":46,"139":46,"140":46,"141":46,"142":230,"143":46,"144":46,"145":4,"146":20,"147":4,"148":20,"149":46,"150":2,"151":2,"152":46,"153":46,"154":42,"155":4,"156":4,"157":2,"158":64,"159":64,"160":296,"161":11,"162":53,"163":53,"164":248,"165":7,"166":46,"167":46,"168":3810,"169":3811,"170":3811,"171":3811,"172":3410,"173":0,"174":46,"175":46,"176":46,"177":46,"178":46,"179":4,"180":46,"181":46,"182":46,"183":46,"184":46},"f":{"0":1387,"1":55959,"2":222,"3":18628,"4":18423,"5":18628,"6":46,"7":644,"8":1679,"9":130,"10":130,"11":104,"12":130,"13":130,"14":0,"15":104,"16":130,"17":46,"18":552,"19":552,"20":93265,"21":46,"22":1104,"23":74612,"24":436,"25":3810,"26":3811,"27":3811,"28":3811,"29":3410,"30":0,"31":46,"32":230,"33":20,"34":20,"35":46,"36":64,"37":3810,"38":3811,"39":3811,"40":3811,"41":3410,"42":0},"b":{"0":[17,205],"1":[18628,18628],"2":[54,222],"3":[18653,22],"4":[18675,18653,18653],"5":[0,130],"6":[130,0],"7":[2,102],"8":[2,100],"9":[2,98],"10":[96,2],"11":[130,104,104],"12":[130,0,0],"13":[104,26],"14":[0,130],"15":[104,26],"16":[0,130],"17":[104,26],"18":[104,26],"19":[0,130],"20":[157,395],"21":[157,395],"22":[157,395],"23":[157,395],"24":[135,417],"25":[0,552],"26":[2,44],"27":[100,84],"28":[68,16],"29":[0,84],"30":[46,42],"31":[46,42],"32":[4,42],"33":[46,42],"34":[4,42],"35":[46,42],"36":[4,42],"37":[46,42],"38":[4,42],"39":[46,42],"40":[4,42],"41":[4,42],"42":[46,42],"43":[42,4],"44":[11,285],"45":[7,241],"46":[36,10],"47":[0,46],"48":[4,42],"49":[46,44]},"inputSourceMap":null,"_coverageSchema":"1a1c01bbd47fc00a2c39e90264f33305004495a9","hash":"0748b5a0ff9f02105258cb4b0d378247a39d367c"}
,"/Users/vijitkohli/UNI/seng3011/F14A_BRAVO/backend/src/s3.js": {"path":"/Users/vijitkohli/UNI/seng3011/F14A_BRAVO/backend/src/s3.js","statementMap":{"0":{"start":{"line":8,"column":11},"end":{"line":15,"column":2}},"1":{"start":{"line":17,"column":22},"end":{"line":17,"column":48}},"2":{"start":{"line":19,"column":21},"end":{"line":32,"column":1}},"3":{"start":{"line":21,"column":16},"end":{"line":21,"column":26}},"4":{"start":{"line":22,"column":2},"end":{"line":30,"column":3}},"5":{"start":{"line":23,"column":16},"end":{"line":23,"column":81}},"6":{"start":{"line":24,"column":17},"end":{"line":24,"column":51}},"7":{"start":{"line":25,"column":4},"end":{"line":25,"column":58}},"8":{"start":{"line":26,"column":4},"end":{"line":26,"column":28}},"9":{"start":{"line":28,"column":4},"end":{"line":28,"column":59}},"10":{"start":{"line":29,"column":4},"end":{"line":29,"column":14}},"11":{"start":{"line":34,"column":21},"end":{"line":52,"column":1}},"12":{"start":{"line":36,"column":16},"end":{"line":36,"column":26}},"13":{"start":{"line":37,"column":2},"end":{"line":50,"column":3}},"14":{"start":{"line":38,"column":4},"end":{"line":45,"column":6}},"15":{"start":{"line":46,"column":4},"end":{"line":46,"column":58}},"16":{"start":{"line":48,"column":4},"end":{"line":48,"column":59}},"17":{"start":{"line":49,"column":4},"end":{"line":49,"column":14}},"18":{"start":{"line":54,"column":22},"end":{"line":66,"column":1}},"19":{"start":{"line":56,"column":16},"end":{"line":56,"column":26}},"20":{"start":{"line":57,"column":2},"end":{"line":64,"column":3}},"21":{"start":{"line":58,"column":16},"end":{"line":58,"column":91}},"22":{"start":{"line":59,"column":4},"end":{"line":59,"column":59}},"23":{"start":{"line":60,"column":4},"end":{"line":60,"column":54}},"24":{"start":{"line":60,"column":45},"end":{"line":60,"column":52}},"25":{"start":{"line":62,"column":4},"end":{"line":62,"column":60}},"26":{"start":{"line":63,"column":4},"end":{"line":63,"column":14}}},"fnMap":{"0":{"name":"(anonymous_0)","decl":{"start":{"line":19,"column":21},"end":{"line":19,"column":22}},"loc":{"start":{"line":19,"column":36},"end":{"line":32,"column":1}},"line":19},"1":{"name":"(anonymous_1)","decl":{"start":{"line":34,"column":21},"end":{"line":34,"column":22}},"loc":{"start":{"line":34,"column":42},"end":{"line":52,"column":1}},"line":34},"2":{"name":"(anonymous_2)","decl":{"start":{"line":54,"column":22},"end":{"line":54,"column":23}},"loc":{"start":{"line":54,"column":40},"end":{"line":66,"column":1}},"line":54},"3":{"name":"(anonymous_3)","decl":{"start":{"line":60,"column":36},"end":{"line":60,"column":37}},"loc":{"start":{"line":60,"column":45},"end":{"line":60,"column":52}},"line":60}},"branchMap":{"0":{"loc":{"start":{"line":9,"column":10},"end":{"line":9,"column":47}},"type":"binary-expr","locations":[{"start":{"line":9,"column":10},"end":{"line":9,"column":32}},{"start":{"line":9,"column":36},"end":{"line":9,"column":47}}],"line":9},"1":{"loc":{"start":{"line":60,"column":12},"end":{"line":60,"column":30}},"type":"binary-expr","locations":[{"start":{"line":60,"column":12},"end":{"line":60,"column":24}},{"start":{"line":60,"column":28},"end":{"line":60,"column":30}}],"line":60}},"s":{"0":0,"1":0,"2":0,"3":0,"4":0,"5":0,"6":0,"7":0,"8":0,"9":0,"10":0,"11":0,"12":0,"13":0,"14":0,"15":0,"16":0,"17":0,"18":0,"19":0,"20":0,"21":0,"22":0,"23":0,"24":0,"25":0,"26":0},"f":{"0":0,"1":0,"2":0,"3":0},"b":{"0":[0,0],"1":[0,0]},"inputSourceMap":null}
,"/Users/vijitkohli/UNI/seng3011/F14A_BRAVO/backend/src/score.js": {"path":"/Users/vijitkohli/UNI/seng3011/F14A_BRAVO/backend/src/score.js","statementMap":{"0":{"start":{"line":8,"column":24},"end":{"line":21,"column":1}},"1":{"start":{"line":9,"column":2},"end":{"line":9,"column":72}},"2":{"start":{"line":9,"column":20},"end":{"line":9,"column":72}},"3":{"start":{"line":10,"column":14},"end":{"line":10,"column":44}},"4":{"start":{"line":11,"column":2},"end":{"line":11,"column":83}},"5":{"start":{"line":11,"column":12},"end":{"line":11,"column":83}},"6":{"start":{"line":12,"column":2},"end":{"line":20,"column":4}},"7":{"start":{"line":23,"column":29},"end":{"line":34,"column":1}},"8":{"start":{"line":24,"column":2},"end":{"line":24,"column":95}},"9":{"start":{"line":24,"column":36},"end":{"line":24,"column":95}},"10":{"start":{"line":25,"column":2},"end":{"line":25,"column":82}},"11":{"start":{"line":25,"column":25},"end":{"line":25,"column":82}},"12":{"start":{"line":26,"column":18},"end":{"line":32,"column":3}},"13":{"start":{"line":28,"column":18},"end":{"line":28,"column":41}},"14":{"start":{"line":29,"column":6},"end":{"line":29,"column":70}},"15":{"start":{"line":29,"column":16},"end":{"line":29,"column":70}},"16":{"start":{"line":30,"column":6},"end":{"line":30,"column":95}},"17":{"start":{"line":33,"column":2},"end":{"line":33,"column":77}},"18":{"start":{"line":33,"column":32},"end":{"line":33,"column":75}},"19":{"start":{"line":36,"column":26},"end":{"line":54,"column":1}},"20":{"start":{"line":37,"column":16},"end":{"line":44,"column":5}},"21":{"start":{"line":37,"column":56},"end":{"line":44,"column":3}},"22":{"start":{"line":45,"column":2},"end":{"line":45,"column":89}},"23":{"start":{"line":45,"column":30},"end":{"line":45,"column":89}},"24":{"start":{"line":45,"column":62},"end":{"line":45,"column":87}},"25":{"start":{"line":46,"column":2},"end":{"line":46,"column":89}},"26":{"start":{"line":46,"column":30},"end":{"line":46,"column":89}},"27":{"start":{"line":46,"column":62},"end":{"line":46,"column":87}},"28":{"start":{"line":47,"column":2},"end":{"line":52,"column":3}},"29":{"start":{"line":48,"column":47},"end":{"line":48,"column":53}},"30":{"start":{"line":49,"column":4},"end":{"line":51,"column":6}},"31":{"start":{"line":50,"column":13},"end":{"line":50,"column":107}},"32":{"start":{"line":53,"column":2},"end":{"line":53,"column":63}},"33":{"start":{"line":53,"column":32},"end":{"line":53,"column":61}},"34":{"start":{"line":56,"column":32},"end":{"line":61,"column":1}},"35":{"start":{"line":57,"column":2},"end":{"line":57,"column":72}},"36":{"start":{"line":57,"column":20},"end":{"line":57,"column":72}},"37":{"start":{"line":58,"column":14},"end":{"line":58,"column":44}},"38":{"start":{"line":59,"column":2},"end":{"line":59,"column":83}},"39":{"start":{"line":59,"column":12},"end":{"line":59,"column":83}},"40":{"start":{"line":60,"column":2},"end":{"line":60,"column":107}},"41":{"start":{"line":63,"column":34},"end":{"line":68,"column":1}},"42":{"start":{"line":64,"column":2},"end":{"line":64,"column":72}},"43":{"start":{"line":64,"column":20},"end":{"line":64,"column":72}},"44":{"start":{"line":65,"column":14},"end":{"line":65,"column":44}},"45":{"start":{"line":66,"column":2},"end":{"line":66,"column":83}},"46":{"start":{"line":66,"column":12},"end":{"line":66,"column":83}},"47":{"start":{"line":67,"column":2},"end":{"line":67,"column":105}}},"fnMap":{"0":{"name":"(anonymous_0)","decl":{"start":{"line":8,"column":24},"end":{"line":8,"column":25}},"loc":{"start":{"line":8,"column":47},"end":{"line":21,"column":1}},"line":8},"1":{"name":"(anonymous_1)","decl":{"start":{"line":23,"column":29},"end":{"line":23,"column":30}},"loc":{"start":{"line":23,"column":46},"end":{"line":34,"column":1}},"line":23},"2":{"name":"(anonymous_2)","decl":{"start":{"line":27,"column":14},"end":{"line":27,"column":15}},"loc":{"start":{"line":27,"column":30},"end":{"line":31,"column":5}},"line":27},"3":{"name":"(anonymous_3)","decl":{"start":{"line":33,"column":22},"end":{"line":33,"column":23}},"loc":{"start":{"line":33,"column":32},"end":{"line":33,"column":75}},"line":33},"4":{"name":"(anonymous_4)","decl":{"start":{"line":36,"column":26},"end":{"line":36,"column":27}},"loc":{"start":{"line":36,"column":64},"end":{"line":54,"column":1}},"line":36},"5":{"name":"(anonymous_5)","decl":{"start":{"line":37,"column":46},"end":{"line":37,"column":47}},"loc":{"start":{"line":37,"column":56},"end":{"line":44,"column":3}},"line":37},"6":{"name":"(anonymous_6)","decl":{"start":{"line":45,"column":55},"end":{"line":45,"column":56}},"loc":{"start":{"line":45,"column":62},"end":{"line":45,"column":87}},"line":45},"7":{"name":"(anonymous_7)","decl":{"start":{"line":46,"column":55},"end":{"line":46,"column":56}},"loc":{"start":{"line":46,"column":62},"end":{"line":46,"column":87}},"line":46},"8":{"name":"(anonymous_8)","decl":{"start":{"line":50,"column":6},"end":{"line":50,"column":7}},"loc":{"start":{"line":50,"column":13},"end":{"line":50,"column":107}},"line":50},"9":{"name":"(anonymous_9)","decl":{"start":{"line":53,"column":22},"end":{"line":53,"column":23}},"loc":{"start":{"line":53,"column":32},"end":{"line":53,"column":61}},"line":53},"10":{"name":"(anonymous_10)","decl":{"start":{"line":56,"column":32},"end":{"line":56,"column":33}},"loc":{"start":{"line":56,"column":55},"end":{"line":61,"column":1}},"line":56},"11":{"name":"(anonymous_11)","decl":{"start":{"line":63,"column":34},"end":{"line":63,"column":35}},"loc":{"start":{"line":63,"column":57},"end":{"line":68,"column":1}},"line":63}},"branchMap":{"0":{"loc":{"start":{"line":9,"column":2},"end":{"line":9,"column":72}},"type":"if","locations":[{"start":{"line":9,"column":2},"end":{"line":9,"column":72}},{"start":{},"end":{}}],"line":9},"1":{"loc":{"start":{"line":11,"column":2},"end":{"line":11,"column":83}},"type":"if","locations":[{"start":{"line":11,"column":2},"end":{"line":11,"column":83}},{"start":{},"end":{}}],"line":11},"2":{"loc":{"start":{"line":24,"column":2},"end":{"line":24,"column":95}},"type":"if","locations":[{"start":{"line":24,"column":2},"end":{"line":24,"column":95}},{"start":{},"end":{}}],"line":24},"3":{"loc":{"start":{"line":24,"column":6},"end":{"line":24,"column":34}},"type":"binary-expr","locations":[{"start":{"line":24,"column":6},"end":{"line":24,"column":12}},{"start":{"line":24,"column":16},"end":{"line":24,"column":34}}],"line":24},"4":{"loc":{"start":{"line":25,"column":2},"end":{"line":25,"column":82}},"type":"if","locations":[{"start":{"line":25,"column":2},"end":{"line":25,"column":82}},{"start":{},"end":{}}],"line":25},"5":{"loc":{"start":{"line":29,"column":6},"end":{"line":29,"column":70}},"type":"if","locations":[{"start":{"line":29,"column":6},"end":{"line":29,"column":70}},{"start":{},"end":{}}],"line":29},"6":{"loc":{"start":{"line":33,"column":33},"end":{"line":33,"column":51}},"type":"binary-expr","locations":[{"start":{"line":33,"column":33},"end":{"line":33,"column":46}},{"start":{"line":33,"column":50},"end":{"line":33,"column":51}}],"line":33},"7":{"loc":{"start":{"line":33,"column":56},"end":{"line":33,"column":74}},"type":"binary-expr","locations":[{"start":{"line":33,"column":56},"end":{"line":33,"column":69}},{"start":{"line":33,"column":73},"end":{"line":33,"column":74}}],"line":33},"8":{"loc":{"start":{"line":45,"column":2},"end":{"line":45,"column":89}},"type":"if","locations":[{"start":{"line":45,"column":2},"end":{"line":45,"column":89}},{"start":{},"end":{}}],"line":45},"9":{"loc":{"start":{"line":46,"column":2},"end":{"line":46,"column":89}},"type":"if","locations":[{"start":{"line":46,"column":2},"end":{"line":46,"column":89}},{"start":{},"end":{}}],"line":46},"10":{"loc":{"start":{"line":47,"column":2},"end":{"line":52,"column":3}},"type":"if","locations":[{"start":{"line":47,"column":2},"end":{"line":52,"column":3}},{"start":{},"end":{}}],"line":47},"11":{"loc":{"start":{"line":50,"column":13},"end":{"line":50,"column":107}},"type":"binary-expr","locations":[{"start":{"line":50,"column":13},"end":{"line":50,"column":33}},{"start":{"line":50,"column":37},"end":{"line":50,"column":57}},{"start":{"line":50,"column":61},"end":{"line":50,"column":82}},{"start":{"line":50,"column":86},"end":{"line":50,"column":107}}],"line":50},"12":{"loc":{"start":{"line":57,"column":2},"end":{"line":57,"column":72}},"type":"if","locations":[{"start":{"line":57,"column":2},"end":{"line":57,"column":72}},{"start":{},"end":{}}],"line":57},"13":{"loc":{"start":{"line":59,"column":2},"end":{"line":59,"column":83}},"type":"if","locations":[{"start":{"line":59,"column":2},"end":{"line":59,"column":83}},{"start":{},"end":{}}],"line":59},"14":{"loc":{"start":{"line":64,"column":2},"end":{"line":64,"column":72}},"type":"if","locations":[{"start":{"line":64,"column":2},"end":{"line":64,"column":72}},{"start":{},"end":{}}],"line":64},"15":{"loc":{"start":{"line":66,"column":2},"end":{"line":66,"column":83}},"type":"if","locations":[{"start":{"line":66,"column":2},"end":{"line":66,"column":83}},{"start":{},"end":{}}],"line":66}},"s":{"0":2,"1":25,"2":1,"3":24,"4":24,"5":2,"6":22,"7":2,"8":12,"9":2,"10":10,"11":1,"12":9,"13":35,"14":35,"15":3,"16":32,"17":9,"18":26,"19":2,"20":20,"21":40,"22":20,"23":5,"24":10,"25":20,"26":2,"27":4,"28":20,"29":2,"30":2,"31":4,"32":20,"33":14,"34":2,"35":7,"36":1,"37":6,"38":6,"39":1,"40":5,"41":2,"42":10,"43":1,"44":9,"45":9,"46":1,"47":8},"f":{"0":25,"1":12,"2":35,"3":26,"4":20,"5":40,"6":10,"7":4,"8":4,"9":14,"10":7,"11":10},"b":{"0":[1,24],"1":[2,22],"2":[2,10],"3":[12,12],"4":[1,9],"5":[3,32],"6":[26,1],"7":[26,2],"8":[5,15],"9":[2,18],"10":[2,18],"11":[4,1,1,1],"12":[1,6],"13":[1,5],"14":[1,9],"15":[1,8]},"inputSourceMap":null,"_coverageSchema":"1a1c01bbd47fc00a2c39e90264f33305004495a9","hash":"c2f5201fbaca839a3b5eacd82d3a901f8557d540"}
,"/Users/vijitkohli/UNI/seng3011/F14A_BRAVO/backend/src/supplementaryQol.js": {"path":"/Users/vijitkohli/UNI/seng3011/F14A_BRAVO/backend/src/supplementaryQol.js","statementMap":{"0":{"start":{"line":3,"column":19},"end":{"line":8,"column":1}},"1":{"start":{"line":10,"column":17},"end":{"line":10,"column":69}},"2":{"start":{"line":11,"column":20},"end":{"line":11,"column":35}},"3":{"start":{"line":14,"column":0},"end":{"line":14,"column":48}},"4":{"start":{"line":15,"column":19},"end":{"line":15,"column":99}},"5":{"start":{"line":16,"column":20},"end":{"line":16,"column":43}},"6":{"start":{"line":17,"column":16},"end":{"line":17,"column":18}},"7":{"start":{"line":18,"column":0},"end":{"line":20,"column":1}},"8":{"start":{"line":19,"column":1},"end":{"line":19,"column":28}},"9":{"start":{"line":21,"column":0},"end":{"line":21,"column":71}},"10":{"start":{"line":23,"column":16},"end":{"line":23,"column":18}},"11":{"start":{"line":25,"column":0},"end":{"line":56,"column":1}},"12":{"start":{"line":27,"column":13},"end":{"line":27,"column":66}},"13":{"start":{"line":28,"column":1},"end":{"line":28,"column":45}},"14":{"start":{"line":30,"column":13},"end":{"line":30,"column":29}},"15":{"start":{"line":31,"column":14},"end":{"line":31,"column":30}},"16":{"start":{"line":32,"column":14},"end":{"line":32,"column":21}},"17":{"start":{"line":34,"column":1},"end":{"line":37,"column":2}},"18":{"start":{"line":35,"column":2},"end":{"line":35,"column":56}},"19":{"start":{"line":36,"column":2},"end":{"line":36,"column":11}},"20":{"start":{"line":40,"column":13},"end":{"line":40,"column":14}},"21":{"start":{"line":41,"column":1},"end":{"line":54,"column":2}},"22":{"start":{"line":42,"column":15},"end":{"line":42,"column":36}},"23":{"start":{"line":43,"column":15},"end":{"line":43,"column":28}},"24":{"start":{"line":44,"column":2},"end":{"line":44,"column":46}},"25":{"start":{"line":44,"column":37},"end":{"line":44,"column":46}},"26":{"start":{"line":46,"column":2},"end":{"line":48,"column":3}},"27":{"start":{"line":47,"column":3},"end":{"line":47,"column":22}},"28":{"start":{"line":50,"column":2},"end":{"line":53,"column":3}},"29":{"start":{"line":51,"column":3},"end":{"line":51,"column":36}},"30":{"start":{"line":52,"column":3},"end":{"line":52,"column":11}},"31":{"start":{"line":55,"column":1},"end":{"line":55,"column":50}},"32":{"start":{"line":58,"column":0},"end":{"line":58,"column":64}},"33":{"start":{"line":59,"column":0},"end":{"line":59,"column":84}}},"fnMap":{},"branchMap":{"0":{"loc":{"start":{"line":34,"column":1},"end":{"line":37,"column":2}},"type":"if","locations":[{"start":{"line":34,"column":1},"end":{"line":37,"column":2}},{"start":{},"end":{}}],"line":34},"1":{"loc":{"start":{"line":44,"column":2},"end":{"line":44,"column":46}},"type":"if","locations":[{"start":{"line":44,"column":2},"end":{"line":44,"column":46}},{"start":{},"end":{}}],"line":44},"2":{"loc":{"start":{"line":44,"column":6},"end":{"line":44,"column":35}},"type":"binary-expr","locations":[{"start":{"line":44,"column":6},"end":{"line":44,"column":11}},{"start":{"line":44,"column":15},"end":{"line":44,"column":35}}],"line":44},"3":{"loc":{"start":{"line":46,"column":2},"end":{"line":48,"column":3}},"type":"if","locations":[{"start":{"line":46,"column":2},"end":{"line":48,"column":3}},{"start":{},"end":{}}],"line":46},"4":{"loc":{"start":{"line":50,"column":2},"end":{"line":53,"column":3}},"type":"if","locations":[{"start":{"line":50,"column":2},"end":{"line":53,"column":3}},{"start":{},"end":{}}],"line":50}},"s":{"0":0,"1":0,"2":0,"3":0,"4":0,"5":0,"6":0,"7":0,"8":0,"9":0,"10":0,"11":0,"12":0,"13":0,"14":0,"15":0,"16":0,"17":0,"18":0,"19":0,"20":0,"21":0,"22":0,"23":0,"24":0,"25":0,"26":0,"27":0,"28":0,"29":0,"30":0,"31":0,"32":0,"33":0},"f":{},"b":{"0":[0,0],"1":[0,0],"2":[0,0],"3":[0,0],"4":[0,0]},"inputSourceMap":null}
}
