{"/home/huzaifa/F14A_BRAVO/backend/src/db.js": {"path":"/home/huzaifa/F14A_BRAVO/backend/src/db.js","statementMap":{"0":{"start":{"line":3,"column":14},"end":{"line":3,"column":16}},"1":{"start":{"line":5,"column":27},"end":{"line":14,"column":1}},"2":{"start":{"line":6,"column":2},"end":{"line":6,"column":38}},"3":{"start":{"line":6,"column":19},"end":{"line":6,"column":38}},"4":{"start":{"line":7,"column":2},"end":{"line":13,"column":3}},"5":{"start":{"line":8,"column":17},"end":{"line":8,"column":54}},"6":{"start":{"line":9,"column":4},"end":{"line":9,"column":23}},"7":{"start":{"line":10,"column":4},"end":{"line":10,"column":16}},"8":{"start":{"line":12,"column":4},"end":{"line":12,"column":16}},"9":{"start":{"line":16,"column":31},"end":{"line":25,"column":1}},"10":{"start":{"line":17,"column":15},"end":{"line":17,"column":41}},"11":{"start":{"line":18,"column":18},"end":{"line":23,"column":3}},"12":{"start":{"line":20,"column":19},"end":{"line":20,"column":69}},"13":{"start":{"line":21,"column":6},"end":{"line":21,"column":31}},"14":{"start":{"line":24,"column":2},"end":{"line":24,"column":33}},"15":{"start":{"line":27,"column":27},"end":{"line":30,"column":1}},"16":{"start":{"line":28,"column":2},"end":{"line":28,"column":46}},"17":{"start":{"line":29,"column":2},"end":{"line":29,"column":21}}},"fnMap":{"0":{"name":"(anonymous_0)","decl":{"start":{"line":5,"column":27},"end":{"line":5,"column":28}},"loc":{"start":{"line":5,"column":43},"end":{"line":14,"column":1}},"line":5},"1":{"name":"(anonymous_1)","decl":{"start":{"line":16,"column":31},"end":{"line":16,"column":32}},"loc":{"start":{"line":16,"column":43},"end":{"line":25,"column":1}},"line":16},"2":{"name":"(anonymous_2)","decl":{"start":{"line":19,"column":13},"end":{"line":19,"column":14}},"loc":{"start":{"line":19,"column":28},"end":{"line":22,"column":5}},"line":19},"3":{"name":"(anonymous_3)","decl":{"start":{"line":27,"column":27},"end":{"line":27,"column":28}},"loc":{"start":{"line":27,"column":49},"end":{"line":30,"column":1}},"line":27}},"branchMap":{"0":{"loc":{"start":{"line":6,"column":2},"end":{"line":6,"column":38}},"type":"if","locations":[{"start":{"line":6,"column":2},"end":{"line":6,"column":38}},{"start":{},"end":{}}],"line":6}},"s":{"0":0,"1":0,"2":0,"3":0,"4":0,"5":0,"6":0,"7":0,"8":0,"9":0,"10":0,"11":0,"12":0,"13":0,"14":0,"15":0,"16":0,"17":0},"f":{"0":0,"1":0,"2":0,"3":0},"b":{"0":[0,0]},"inputSourceMap":null}
,"/home/huzaifa/F14A_BRAVO/backend/src/error.js": {"path":"/home/huzaifa/F14A_BRAVO/backend/src/error.js","statementMap":{"0":{"start":{"line":3,"column":4},"end":{"line":3,"column":19}},"1":{"start":{"line":4,"column":4},"end":{"line":4,"column":29}},"2":{"start":{"line":10,"column":4},"end":{"line":10,"column":19}},"3":{"start":{"line":11,"column":4},"end":{"line":11,"column":30}}},"fnMap":{"0":{"name":"(anonymous_0)","decl":{"start":{"line":2,"column":2},"end":{"line":2,"column":3}},"loc":{"start":{"line":2,"column":23},"end":{"line":5,"column":3}},"line":2},"1":{"name":"(anonymous_1)","decl":{"start":{"line":9,"column":2},"end":{"line":9,"column":3}},"loc":{"start":{"line":9,"column":23},"end":{"line":12,"column":3}},"line":9}},"branchMap":{},"s":{"0":29,"1":29,"2":0,"3":0},"f":{"0":29,"1":0},"b":{},"inputSourceMap":null,"_coverageSchema":"1a1c01bbd47fc00a2c39e90264f33305004495a9","hash":"96345cd0d5b0dbfcc048d55bdf2d24ee7bfa4c12"}
,"/home/huzaifa/F14A_BRAVO/backend/src/processing.js": {"path":"/home/huzaifa/F14A_BRAVO/backend/src/processing.js","statementMap":{"0":{"start":{"line":8,"column":13},"end":{"line":8,"column":65}},"1":{"start":{"line":8,"column":22},"end":{"line":8,"column":65}},"2":{"start":{"line":8,"column":43},"end":{"line":8,"column":48}},"3":{"start":{"line":10,"column":23},"end":{"line":17,"column":1}},"4":{"start":{"line":11,"column":2},"end":{"line":11,"column":37}},"5":{"start":{"line":11,"column":24},"end":{"line":11,"column":37}},"6":{"start":{"line":12,"column":17},"end":{"line":12,"column":69}},"7":{"start":{"line":12,"column":38},"end":{"line":12,"column":45}},"8":{"start":{"line":12,"column":63},"end":{"line":12,"column":68}},"9":{"start":{"line":13,"column":13},"end":{"line":13,"column":53}},"10":{"start":{"line":14,"column":13},"end":{"line":14,"column":53}},"11":{"start":{"line":15,"column":14},"end":{"line":15,"column":21}},"12":{"start":{"line":16,"column":2},"end":{"line":16,"column":85}},"13":{"start":{"line":16,"column":29},"end":{"line":16,"column":83}},"14":{"start":{"line":19,"column":18},"end":{"line":45,"column":1}},"15":{"start":{"line":20,"column":20},"end":{"line":20,"column":23}},"16":{"start":{"line":21,"column":12},"end":{"line":21,"column":29}},"17":{"start":{"line":23,"column":17},"end":{"line":23,"column":68}},"18":{"start":{"line":24,"column":18},"end":{"line":30,"column":3}},"19":{"start":{"line":32,"column":18},"end":{"line":32,"column":20}},"20":{"start":{"line":33,"column":2},"end":{"line":42,"column":3}},"21":{"start":{"line":33,"column":15},"end":{"line":33,"column":16}},"22":{"start":{"line":34,"column":18},"end":{"line":34,"column":20}},"23":{"start":{"line":35,"column":4},"end":{"line":40,"column":5}},"24":{"start":{"line":35,"column":17},"end":{"line":35,"column":18}},"25":{"start":{"line":36,"column":18},"end":{"line":36,"column":38}},"26":{"start":{"line":37,"column":6},"end":{"line":39,"column":7}},"27":{"start":{"line":38,"column":8},"end":{"line":38,"column":56}},"28":{"start":{"line":41,"column":4},"end":{"line":41,"column":47}},"29":{"start":{"line":44,"column":2},"end":{"line":44,"column":17}},"30":{"start":{"line":51,"column":14},"end":{"line":51,"column":66}},"31":{"start":{"line":51,"column":33},"end":{"line":51,"column":66}},"32":{"start":{"line":52,"column":14},"end":{"line":52,"column":48}},"33":{"start":{"line":52,"column":23},"end":{"line":52,"column":48}},"34":{"start":{"line":54,"column":18},"end":{"line":54,"column":66}},"35":{"start":{"line":54,"column":25},"end":{"line":54,"column":66}},"36":{"start":{"line":55,"column":22},"end":{"line":55,"column":72}},"37":{"start":{"line":55,"column":29},"end":{"line":55,"column":72}},"38":{"start":{"line":56,"column":16},"end":{"line":56,"column":49}},"39":{"start":{"line":56,"column":23},"end":{"line":56,"column":49}},"40":{"start":{"line":57,"column":18},"end":{"line":57,"column":69}},"41":{"start":{"line":57,"column":25},"end":{"line":57,"column":69}},"42":{"start":{"line":58,"column":20},"end":{"line":62,"column":1}},"43":{"start":{"line":59,"column":2},"end":{"line":59,"column":42}},"44":{"start":{"line":59,"column":13},"end":{"line":59,"column":42}},"45":{"start":{"line":60,"column":2},"end":{"line":60,"column":59}},"46":{"start":{"line":60,"column":14},"end":{"line":60,"column":59}},"47":{"start":{"line":61,"column":2},"end":{"line":61,"column":42}},"48":{"start":{"line":64,"column":25},"end":{"line":70,"column":1}},"49":{"start":{"line":65,"column":2},"end":{"line":65,"column":26}},"50":{"start":{"line":65,"column":13},"end":{"line":65,"column":26}},"51":{"start":{"line":66,"column":2},"end":{"line":66,"column":31}},"52":{"start":{"line":66,"column":13},"end":{"line":66,"column":31}},"53":{"start":{"line":67,"column":2},"end":{"line":67,"column":27}},"54":{"start":{"line":67,"column":13},"end":{"line":67,"column":27}},"55":{"start":{"line":68,"column":2},"end":{"line":68,"column":33}},"56":{"start":{"line":68,"column":14},"end":{"line":68,"column":33}},"57":{"start":{"line":69,"column":2},"end":{"line":69,"column":19}},"58":{"start":{"line":72,"column":31},"end":{"line":99,"column":1}},"59":{"start":{"line":73,"column":13},"end":{"line":73,"column":34}},"60":{"start":{"line":74,"column":13},"end":{"line":74,"column":42}},"61":{"start":{"line":75,"column":23},"end":{"line":75,"column":49}},"62":{"start":{"line":77,"column":16},"end":{"line":77,"column":79}},"63":{"start":{"line":78,"column":19},"end":{"line":78,"column":34}},"64":{"start":{"line":79,"column":23},"end":{"line":79,"column":47}},"65":{"start":{"line":80,"column":21},"end":{"line":80,"column":33}},"66":{"start":{"line":82,"column":22},"end":{"line":87,"column":3}},"67":{"start":{"line":89,"column":2},"end":{"line":98,"column":4}},"68":{"start":{"line":105,"column":31},"end":{"line":126,"column":1}},"69":{"start":{"line":106,"column":22},"end":{"line":106,"column":106}},"70":{"start":{"line":107,"column":17},"end":{"line":107,"column":68}},"71":{"start":{"line":109,"column":18},"end":{"line":109,"column":117}},"72":{"start":{"line":109,"column":52},"end":{"line":109,"column":115}},"73":{"start":{"line":111,"column":2},"end":{"line":116,"column":3}},"74":{"start":{"line":112,"column":4},"end":{"line":115,"column":5}},"75":{"start":{"line":113,"column":20},"end":{"line":113,"column":38}},"76":{"start":{"line":114,"column":6},"end":{"line":114,"column":40}},"77":{"start":{"line":118,"column":2},"end":{"line":125,"column":6}},"78":{"start":{"line":118,"column":32},"end":{"line":125,"column":3}},"79":{"start":{"line":132,"column":17},"end":{"line":132,"column":65}},"80":{"start":{"line":132,"column":30},"end":{"line":132,"column":65}},"81":{"start":{"line":134,"column":22},"end":{"line":137,"column":1}},"82":{"start":{"line":139,"column":30},"end":{"line":169,"column":1}},"83":{"start":{"line":140,"column":21},"end":{"line":140,"column":60}},"84":{"start":{"line":141,"column":18},"end":{"line":141,"column":43}},"85":{"start":{"line":142,"column":19},"end":{"line":142,"column":21}},"86":{"start":{"line":144,"column":2},"end":{"line":166,"column":3}},"87":{"start":{"line":145,"column":19},"end":{"line":145,"column":84}},"88":{"start":{"line":145,"column":30},"end":{"line":145,"column":84}},"89":{"start":{"line":145,"column":50},"end":{"line":145,"column":83}},"90":{"start":{"line":146,"column":17},"end":{"line":152,"column":5}},"91":{"start":{"line":153,"column":20},"end":{"line":153,"column":98}},"92":{"start":{"line":153,"column":79},"end":{"line":153,"column":97}},"93":{"start":{"line":154,"column":4},"end":{"line":157,"column":5}},"94":{"start":{"line":155,"column":6},"end":{"line":155,"column":30}},"95":{"start":{"line":156,"column":6},"end":{"line":156,"column":15}},"96":{"start":{"line":158,"column":18},"end":{"line":164,"column":5}},"97":{"start":{"line":159,"column":38},"end":{"line":159,"column":45}},"98":{"start":{"line":160,"column":46},"end":{"line":160,"column":53}},"99":{"start":{"line":161,"column":56},"end":{"line":161,"column":63}},"100":{"start":{"line":162,"column":38},"end":{"line":162,"column":45}},"101":{"start":{"line":163,"column":55},"end":{"line":163,"column":62}},"102":{"start":{"line":165,"column":4},"end":{"line":165,"column":53}},"103":{"start":{"line":168,"column":2},"end":{"line":168,"column":18}},"104":{"start":{"line":175,"column":31},"end":{"line":220,"column":1}},"105":{"start":{"line":176,"column":19},"end":{"line":176,"column":80}},"106":{"start":{"line":177,"column":2},"end":{"line":179,"column":3}},"107":{"start":{"line":178,"column":4},"end":{"line":178,"column":95}},"108":{"start":{"line":178,"column":38},"end":{"line":178,"column":95}},"109":{"start":{"line":181,"column":24},"end":{"line":188,"column":3}},"110":{"start":{"line":189,"column":2},"end":{"line":191,"column":3}},"111":{"start":{"line":190,"column":4},"end":{"line":190,"column":109}},"112":{"start":{"line":190,"column":46},"end":{"line":190,"column":109}},"113":{"start":{"line":193,"column":18},"end":{"line":193,"column":36}},"114":{"start":{"line":195,"column":23},"end":{"line":201,"column":3}},"115":{"start":{"line":196,"column":39},"end":{"line":196,"column":46}},"116":{"start":{"line":197,"column":47},"end":{"line":197,"column":54}},"117":{"start":{"line":198,"column":57},"end":{"line":198,"column":64}},"118":{"start":{"line":199,"column":39},"end":{"line":199,"column":46}},"119":{"start":{"line":200,"column":59},"end":{"line":200,"column":66}},"120":{"start":{"line":203,"column":17},"end":{"line":203,"column":53}},"121":{"start":{"line":204,"column":19},"end":{"line":204,"column":67}},"122":{"start":{"line":205,"column":18},"end":{"line":205,"column":49}},"123":{"start":{"line":207,"column":2},"end":{"line":217,"column":5}},"124":{"start":{"line":219,"column":2},"end":{"line":219,"column":59}}},"fnMap":{"0":{"name":"(anonymous_0)","decl":{"start":{"line":8,"column":13},"end":{"line":8,"column":14}},"loc":{"start":{"line":8,"column":22},"end":{"line":8,"column":65}},"line":8},"1":{"name":"(anonymous_1)","decl":{"start":{"line":8,"column":33},"end":{"line":8,"column":34}},"loc":{"start":{"line":8,"column":43},"end":{"line":8,"column":48}},"line":8},"2":{"name":"(anonymous_2)","decl":{"start":{"line":10,"column":23},"end":{"line":10,"column":24}},"loc":{"start":{"line":10,"column":34},"end":{"line":17,"column":1}},"line":10},"3":{"name":"(anonymous_3)","decl":{"start":{"line":12,"column":31},"end":{"line":12,"column":32}},"loc":{"start":{"line":12,"column":38},"end":{"line":12,"column":45}},"line":12},"4":{"name":"(anonymous_4)","decl":{"start":{"line":12,"column":53},"end":{"line":12,"column":54}},"loc":{"start":{"line":12,"column":63},"end":{"line":12,"column":68}},"line":12},"5":{"name":"(anonymous_5)","decl":{"start":{"line":16,"column":22},"end":{"line":16,"column":23}},"loc":{"start":{"line":16,"column":29},"end":{"line":16,"column":83}},"line":16},"6":{"name":"(anonymous_6)","decl":{"start":{"line":19,"column":18},"end":{"line":19,"column":19}},"loc":{"start":{"line":19,"column":27},"end":{"line":45,"column":1}},"line":19},"7":{"name":"(anonymous_7)","decl":{"start":{"line":51,"column":14},"end":{"line":51,"column":15}},"loc":{"start":{"line":51,"column":33},"end":{"line":51,"column":66}},"line":51},"8":{"name":"(anonymous_8)","decl":{"start":{"line":52,"column":14},"end":{"line":52,"column":15}},"loc":{"start":{"line":52,"column":23},"end":{"line":52,"column":48}},"line":52},"9":{"name":"(anonymous_9)","decl":{"start":{"line":54,"column":18},"end":{"line":54,"column":19}},"loc":{"start":{"line":54,"column":25},"end":{"line":54,"column":66}},"line":54},"10":{"name":"(anonymous_10)","decl":{"start":{"line":55,"column":22},"end":{"line":55,"column":23}},"loc":{"start":{"line":55,"column":29},"end":{"line":55,"column":72}},"line":55},"11":{"name":"(anonymous_11)","decl":{"start":{"line":56,"column":16},"end":{"line":56,"column":17}},"loc":{"start":{"line":56,"column":23},"end":{"line":56,"column":49}},"line":56},"12":{"name":"(anonymous_12)","decl":{"start":{"line":57,"column":18},"end":{"line":57,"column":19}},"loc":{"start":{"line":57,"column":25},"end":{"line":57,"column":69}},"line":57},"13":{"name":"(anonymous_13)","decl":{"start":{"line":58,"column":20},"end":{"line":58,"column":21}},"loc":{"start":{"line":58,"column":27},"end":{"line":62,"column":1}},"line":58},"14":{"name":"(anonymous_14)","decl":{"start":{"line":64,"column":25},"end":{"line":64,"column":26}},"loc":{"start":{"line":64,"column":32},"end":{"line":70,"column":1}},"line":64},"15":{"name":"(anonymous_15)","decl":{"start":{"line":72,"column":31},"end":{"line":72,"column":32}},"loc":{"start":{"line":72,"column":42},"end":{"line":99,"column":1}},"line":72},"16":{"name":"(anonymous_16)","decl":{"start":{"line":105,"column":31},"end":{"line":105,"column":32}},"loc":{"start":{"line":105,"column":44},"end":{"line":126,"column":1}},"line":105},"17":{"name":"(anonymous_17)","decl":{"start":{"line":109,"column":45},"end":{"line":109,"column":46}},"loc":{"start":{"line":109,"column":52},"end":{"line":109,"column":115}},"line":109},"18":{"name":"(anonymous_18)","decl":{"start":{"line":118,"column":21},"end":{"line":118,"column":22}},"loc":{"start":{"line":118,"column":32},"end":{"line":125,"column":3}},"line":118},"19":{"name":"(anonymous_19)","decl":{"start":{"line":132,"column":17},"end":{"line":132,"column":18}},"loc":{"start":{"line":132,"column":30},"end":{"line":132,"column":65}},"line":132},"20":{"name":"(anonymous_20)","decl":{"start":{"line":139,"column":30},"end":{"line":139,"column":31}},"loc":{"start":{"line":139,"column":53},"end":{"line":169,"column":1}},"line":139},"21":{"name":"(anonymous_21)","decl":{"start":{"line":145,"column":19},"end":{"line":145,"column":20}},"loc":{"start":{"line":145,"column":30},"end":{"line":145,"column":84}},"line":145},"22":{"name":"(anonymous_22)","decl":{"start":{"line":145,"column":43},"end":{"line":145,"column":44}},"loc":{"start":{"line":145,"column":50},"end":{"line":145,"column":83}},"line":145},"23":{"name":"(anonymous_23)","decl":{"start":{"line":153,"column":72},"end":{"line":153,"column":73}},"loc":{"start":{"line":153,"column":79},"end":{"line":153,"column":97}},"line":153},"24":{"name":"(anonymous_24)","decl":{"start":{"line":159,"column":31},"end":{"line":159,"column":32}},"loc":{"start":{"line":159,"column":38},"end":{"line":159,"column":45}},"line":159},"25":{"name":"(anonymous_25)","decl":{"start":{"line":160,"column":39},"end":{"line":160,"column":40}},"loc":{"start":{"line":160,"column":46},"end":{"line":160,"column":53}},"line":160},"26":{"name":"(anonymous_26)","decl":{"start":{"line":161,"column":49},"end":{"line":161,"column":50}},"loc":{"start":{"line":161,"column":56},"end":{"line":161,"column":63}},"line":161},"27":{"name":"(anonymous_27)","decl":{"start":{"line":162,"column":31},"end":{"line":162,"column":32}},"loc":{"start":{"line":162,"column":38},"end":{"line":162,"column":45}},"line":162},"28":{"name":"(anonymous_28)","decl":{"start":{"line":163,"column":48},"end":{"line":163,"column":49}},"loc":{"start":{"line":163,"column":55},"end":{"line":163,"column":62}},"line":163},"29":{"name":"(anonymous_29)","decl":{"start":{"line":175,"column":31},"end":{"line":175,"column":32}},"loc":{"start":{"line":175,"column":50},"end":{"line":220,"column":1}},"line":175},"30":{"name":"(anonymous_30)","decl":{"start":{"line":196,"column":32},"end":{"line":196,"column":33}},"loc":{"start":{"line":196,"column":39},"end":{"line":196,"column":46}},"line":196},"31":{"name":"(anonymous_31)","decl":{"start":{"line":197,"column":40},"end":{"line":197,"column":41}},"loc":{"start":{"line":197,"column":47},"end":{"line":197,"column":54}},"line":197},"32":{"name":"(anonymous_32)","decl":{"start":{"line":198,"column":50},"end":{"line":198,"column":51}},"loc":{"start":{"line":198,"column":57},"end":{"line":198,"column":64}},"line":198},"33":{"name":"(anonymous_33)","decl":{"start":{"line":199,"column":32},"end":{"line":199,"column":33}},"loc":{"start":{"line":199,"column":39},"end":{"line":199,"column":46}},"line":199},"34":{"name":"(anonymous_34)","decl":{"start":{"line":200,"column":52},"end":{"line":200,"column":53}},"loc":{"start":{"line":200,"column":59},"end":{"line":200,"column":66}},"line":200}},"branchMap":{"0":{"loc":{"start":{"line":11,"column":2},"end":{"line":11,"column":37}},"type":"if","locations":[{"start":{"line":11,"column":2},"end":{"line":11,"column":37}},{"start":{},"end":{}}],"line":11},"1":{"loc":{"start":{"line":16,"column":29},"end":{"line":16,"column":83}},"type":"binary-expr","locations":[{"start":{"line":16,"column":29},"end":{"line":16,"column":54}},{"start":{"line":16,"column":58},"end":{"line":16,"column":83}}],"line":16},"2":{"loc":{"start":{"line":37,"column":6},"end":{"line":39,"column":7}},"type":"if","locations":[{"start":{"line":37,"column":6},"end":{"line":39,"column":7}},{"start":{},"end":{}}],"line":37},"3":{"loc":{"start":{"line":37,"column":10},"end":{"line":37,"column":58}},"type":"binary-expr","locations":[{"start":{"line":37,"column":10},"end":{"line":37,"column":22}},{"start":{"line":37,"column":26},"end":{"line":37,"column":43}},{"start":{"line":37,"column":47},"end":{"line":37,"column":58}}],"line":37},"4":{"loc":{"start":{"line":59,"column":2},"end":{"line":59,"column":42}},"type":"if","locations":[{"start":{"line":59,"column":2},"end":{"line":59,"column":42}},{"start":{},"end":{}}],"line":59},"5":{"loc":{"start":{"line":60,"column":2},"end":{"line":60,"column":59}},"type":"if","locations":[{"start":{"line":60,"column":2},"end":{"line":60,"column":59}},{"start":{},"end":{}}],"line":60},"6":{"loc":{"start":{"line":65,"column":2},"end":{"line":65,"column":26}},"type":"if","locations":[{"start":{"line":65,"column":2},"end":{"line":65,"column":26}},{"start":{},"end":{}}],"line":65},"7":{"loc":{"start":{"line":66,"column":2},"end":{"line":66,"column":31}},"type":"if","locations":[{"start":{"line":66,"column":2},"end":{"line":66,"column":31}},{"start":{},"end":{}}],"line":66},"8":{"loc":{"start":{"line":67,"column":2},"end":{"line":67,"column":27}},"type":"if","locations":[{"start":{"line":67,"column":2},"end":{"line":67,"column":27}},{"start":{},"end":{}}],"line":67},"9":{"loc":{"start":{"line":68,"column":2},"end":{"line":68,"column":33}},"type":"if","locations":[{"start":{"line":68,"column":2},"end":{"line":68,"column":33}},{"start":{},"end":{}}],"line":68},"10":{"loc":{"start":{"line":77,"column":16},"end":{"line":77,"column":79}},"type":"binary-expr","locations":[{"start":{"line":77,"column":16},"end":{"line":77,"column":33}},{"start":{"line":77,"column":37},"end":{"line":77,"column":59}},{"start":{"line":77,"column":63},"end":{"line":77,"column":79}}],"line":77},"11":{"loc":{"start":{"line":78,"column":19},"end":{"line":78,"column":34}},"type":"cond-expr","locations":[{"start":{"line":78,"column":27},"end":{"line":78,"column":30}},{"start":{"line":78,"column":33},"end":{"line":78,"column":34}}],"line":78},"12":{"loc":{"start":{"line":84,"column":5},"end":{"line":84,"column":45}},"type":"cond-expr","locations":[{"start":{"line":84,"column":13},"end":{"line":84,"column":41}},{"start":{"line":84,"column":44},"end":{"line":84,"column":45}}],"line":84},"13":{"loc":{"start":{"line":92,"column":13},"end":{"line":92,"column":54}},"type":"cond-expr","locations":[{"start":{"line":92,"column":21},"end":{"line":92,"column":47}},{"start":{"line":92,"column":50},"end":{"line":92,"column":54}}],"line":92},"14":{"loc":{"start":{"line":93,"column":19},"end":{"line":93,"column":49}},"type":"cond-expr","locations":[{"start":{"line":93,"column":27},"end":{"line":93,"column":42}},{"start":{"line":93,"column":45},"end":{"line":93,"column":49}}],"line":93},"15":{"loc":{"start":{"line":120,"column":10},"end":{"line":120,"column":56}},"type":"cond-expr","locations":[{"start":{"line":120,"column":30},"end":{"line":120,"column":49}},{"start":{"line":120,"column":52},"end":{"line":120,"column":56}}],"line":120},"16":{"loc":{"start":{"line":121,"column":14},"end":{"line":121,"column":68}},"type":"cond-expr","locations":[{"start":{"line":121,"column":38},"end":{"line":121,"column":61}},{"start":{"line":121,"column":64},"end":{"line":121,"column":68}}],"line":121},"17":{"loc":{"start":{"line":122,"column":19},"end":{"line":122,"column":83}},"type":"cond-expr","locations":[{"start":{"line":122,"column":48},"end":{"line":122,"column":76}},{"start":{"line":122,"column":79},"end":{"line":122,"column":83}}],"line":122},"18":{"loc":{"start":{"line":123,"column":10},"end":{"line":123,"column":56}},"type":"cond-expr","locations":[{"start":{"line":123,"column":30},"end":{"line":123,"column":49}},{"start":{"line":123,"column":52},"end":{"line":123,"column":56}}],"line":123},"19":{"loc":{"start":{"line":124,"column":8},"end":{"line":124,"column":50}},"type":"cond-expr","locations":[{"start":{"line":124,"column":26},"end":{"line":124,"column":43}},{"start":{"line":124,"column":46},"end":{"line":124,"column":50}}],"line":124},"20":{"loc":{"start":{"line":140,"column":21},"end":{"line":140,"column":60}},"type":"cond-expr","locations":[{"start":{"line":140,"column":37},"end":{"line":140,"column":47}},{"start":{"line":140,"column":50},"end":{"line":140,"column":60}}],"line":140},"21":{"loc":{"start":{"line":154,"column":4},"end":{"line":157,"column":5}},"type":"if","locations":[{"start":{"line":154,"column":4},"end":{"line":157,"column":5}},{"start":{},"end":{}}],"line":154},"22":{"loc":{"start":{"line":163,"column":10},"end":{"line":163,"column":71}},"type":"cond-expr","locations":[{"start":{"line":163,"column":31},"end":{"line":163,"column":64}},{"start":{"line":163,"column":67},"end":{"line":163,"column":71}}],"line":163},"23":{"loc":{"start":{"line":178,"column":4},"end":{"line":178,"column":95}},"type":"if","locations":[{"start":{"line":178,"column":4},"end":{"line":178,"column":95}},{"start":{},"end":{}}],"line":178},"24":{"loc":{"start":{"line":190,"column":4},"end":{"line":190,"column":109}},"type":"if","locations":[{"start":{"line":190,"column":4},"end":{"line":190,"column":109}},{"start":{},"end":{}}],"line":190},"25":{"loc":{"start":{"line":200,"column":8},"end":{"line":200,"column":75}},"type":"cond-expr","locations":[{"start":{"line":200,"column":32},"end":{"line":200,"column":68}},{"start":{"line":200,"column":71},"end":{"line":200,"column":75}}],"line":200},"26":{"loc":{"start":{"line":210,"column":13},"end":{"line":210,"column":36}},"type":"binary-expr","locations":[{"start":{"line":210,"column":13},"end":{"line":210,"column":28}},{"start":{"line":210,"column":32},"end":{"line":210,"column":36}}],"line":210}},"s":{"0":1,"1":1219,"2":51399,"3":1,"4":190,"5":17,"6":173,"7":17108,"8":16935,"9":173,"10":173,"11":173,"12":173,"13":17108,"14":1,"15":38,"16":38,"17":38,"18":38,"19":38,"20":38,"21":38,"22":190,"23":190,"24":190,"25":17155,"26":17155,"27":17133,"28":190,"29":38,"30":1,"31":536,"32":1,"33":1435,"34":1,"35":108,"36":1,"37":108,"38":1,"39":104,"40":1,"41":108,"42":1,"43":108,"44":0,"45":108,"46":108,"47":0,"48":1,"49":104,"50":2,"51":102,"52":2,"53":100,"54":2,"55":98,"56":96,"57":2,"58":1,"59":108,"60":108,"61":108,"62":108,"63":108,"64":108,"65":108,"66":108,"67":108,"68":1,"69":38,"70":38,"71":38,"72":456,"73":38,"74":190,"75":17133,"76":17133,"77":38,"78":456,"79":1,"80":85665,"81":1,"82":1,"83":38,"84":38,"85":38,"86":38,"87":152,"88":760,"89":68532,"90":152,"91":152,"92":362,"93":152,"94":82,"95":82,"96":70,"97":3430,"98":3431,"99":3431,"100":3431,"101":3410,"102":70,"103":38,"104":1,"105":58,"106":58,"107":266,"108":11,"109":47,"110":47,"111":258,"112":9,"113":38,"114":38,"115":3430,"116":3431,"117":3431,"118":3431,"119":3410,"120":38,"121":38,"122":38,"123":38,"124":38},"f":{"0":1219,"1":51399,"2":190,"3":17108,"4":16935,"5":17108,"6":38,"7":536,"8":1435,"9":108,"10":108,"11":104,"12":108,"13":108,"14":104,"15":108,"16":38,"17":456,"18":456,"19":85665,"20":38,"21":760,"22":68532,"23":362,"24":3430,"25":3431,"26":3431,"27":3431,"28":3410,"29":58,"30":3430,"31":3431,"32":3431,"33":3431,"34":3410},"b":{"0":[17,173],"1":[17108,17108],"2":[17133,22],"3":[17155,17133,17133],"4":[0,108],"5":[108,0],"6":[2,102],"7":[2,100],"8":[2,98],"9":[96,2],"10":[108,104,104],"11":[104,4],"12":[104,4],"13":[104,4],"14":[104,4],"15":[137,319],"16":[137,319],"17":[137,319],"18":[137,319],"19":[135,321],"20":[2,36],"21":[82,70],"22":[68,2],"23":[11,255],"24":[9,249],"25":[36,2],"26":[38,36]},"inputSourceMap":null,"_coverageSchema":"1a1c01bbd47fc00a2c39e90264f33305004495a9","hash":"b978301c133739925afa9323e2e73e87ba194cfc"}
,"/home/huzaifa/F14A_BRAVO/backend/src/s3.js": {"path":"/home/huzaifa/F14A_BRAVO/backend/src/s3.js","statementMap":{"0":{"start":{"line":4,"column":11},"end":{"line":11,"column":2}},"1":{"start":{"line":13,"column":22},"end":{"line":13,"column":48}},"2":{"start":{"line":15,"column":21},"end":{"line":19,"column":1}},"3":{"start":{"line":16,"column":14},"end":{"line":16,"column":79}},"4":{"start":{"line":17,"column":15},"end":{"line":17,"column":49}},"5":{"start":{"line":18,"column":2},"end":{"line":18,"column":26}},"6":{"start":{"line":21,"column":21},"end":{"line":30,"column":1}},"7":{"start":{"line":22,"column":2},"end":{"line":29,"column":4}},"8":{"start":{"line":32,"column":22},"end":{"line":35,"column":1}},"9":{"start":{"line":33,"column":14},"end":{"line":33,"column":89}},"10":{"start":{"line":34,"column":2},"end":{"line":34,"column":52}},"11":{"start":{"line":34,"column":43},"end":{"line":34,"column":50}}},"fnMap":{"0":{"name":"(anonymous_0)","decl":{"start":{"line":15,"column":21},"end":{"line":15,"column":22}},"loc":{"start":{"line":15,"column":36},"end":{"line":19,"column":1}},"line":15},"1":{"name":"(anonymous_1)","decl":{"start":{"line":21,"column":21},"end":{"line":21,"column":22}},"loc":{"start":{"line":21,"column":42},"end":{"line":30,"column":1}},"line":21},"2":{"name":"(anonymous_2)","decl":{"start":{"line":32,"column":22},"end":{"line":32,"column":23}},"loc":{"start":{"line":32,"column":40},"end":{"line":35,"column":1}},"line":32},"3":{"name":"(anonymous_3)","decl":{"start":{"line":34,"column":34},"end":{"line":34,"column":35}},"loc":{"start":{"line":34,"column":43},"end":{"line":34,"column":50}},"line":34}},"branchMap":{"0":{"loc":{"start":{"line":5,"column":10},"end":{"line":5,"column":47}},"type":"binary-expr","locations":[{"start":{"line":5,"column":10},"end":{"line":5,"column":32}},{"start":{"line":5,"column":36},"end":{"line":5,"column":47}}],"line":5},"1":{"loc":{"start":{"line":34,"column":10},"end":{"line":34,"column":28}},"type":"binary-expr","locations":[{"start":{"line":34,"column":10},"end":{"line":34,"column":22}},{"start":{"line":34,"column":26},"end":{"line":34,"column":28}}],"line":34}},"s":{"0":0,"1":0,"2":0,"3":0,"4":0,"5":0,"6":0,"7":0,"8":0,"9":0,"10":0,"11":0},"f":{"0":0,"1":0,"2":0,"3":0},"b":{"0":[0,0],"1":[0,0]},"inputSourceMap":null}
,"/home/huzaifa/F14A_BRAVO/backend/src/score.js": {"path":"/home/huzaifa/F14A_BRAVO/backend/src/score.js","statementMap":{"0":{"start":{"line":8,"column":24},"end":{"line":21,"column":1}},"1":{"start":{"line":9,"column":2},"end":{"line":9,"column":72}},"2":{"start":{"line":9,"column":20},"end":{"line":9,"column":72}},"3":{"start":{"line":10,"column":14},"end":{"line":10,"column":44}},"4":{"start":{"line":11,"column":2},"end":{"line":11,"column":83}},"5":{"start":{"line":11,"column":12},"end":{"line":11,"column":83}},"6":{"start":{"line":12,"column":2},"end":{"line":20,"column":4}},"7":{"start":{"line":23,"column":29},"end":{"line":34,"column":1}},"8":{"start":{"line":24,"column":2},"end":{"line":24,"column":95}},"9":{"start":{"line":24,"column":36},"end":{"line":24,"column":95}},"10":{"start":{"line":25,"column":2},"end":{"line":25,"column":82}},"11":{"start":{"line":25,"column":25},"end":{"line":25,"column":82}},"12":{"start":{"line":26,"column":18},"end":{"line":32,"column":3}},"13":{"start":{"line":28,"column":18},"end":{"line":28,"column":41}},"14":{"start":{"line":29,"column":6},"end":{"line":29,"column":70}},"15":{"start":{"line":29,"column":16},"end":{"line":29,"column":70}},"16":{"start":{"line":30,"column":6},"end":{"line":30,"column":95}},"17":{"start":{"line":33,"column":2},"end":{"line":33,"column":77}},"18":{"start":{"line":33,"column":32},"end":{"line":33,"column":75}},"19":{"start":{"line":36,"column":26},"end":{"line":54,"column":1}},"20":{"start":{"line":37,"column":16},"end":{"line":44,"column":5}},"21":{"start":{"line":37,"column":56},"end":{"line":44,"column":3}},"22":{"start":{"line":45,"column":2},"end":{"line":45,"column":89}},"23":{"start":{"line":45,"column":30},"end":{"line":45,"column":89}},"24":{"start":{"line":45,"column":62},"end":{"line":45,"column":87}},"25":{"start":{"line":46,"column":2},"end":{"line":46,"column":89}},"26":{"start":{"line":46,"column":30},"end":{"line":46,"column":89}},"27":{"start":{"line":46,"column":62},"end":{"line":46,"column":87}},"28":{"start":{"line":47,"column":2},"end":{"line":52,"column":3}},"29":{"start":{"line":48,"column":47},"end":{"line":48,"column":53}},"30":{"start":{"line":49,"column":4},"end":{"line":51,"column":6}},"31":{"start":{"line":50,"column":13},"end":{"line":50,"column":107}},"32":{"start":{"line":53,"column":2},"end":{"line":53,"column":63}},"33":{"start":{"line":53,"column":32},"end":{"line":53,"column":61}},"34":{"start":{"line":56,"column":32},"end":{"line":61,"column":1}},"35":{"start":{"line":57,"column":2},"end":{"line":57,"column":72}},"36":{"start":{"line":57,"column":20},"end":{"line":57,"column":72}},"37":{"start":{"line":58,"column":14},"end":{"line":58,"column":44}},"38":{"start":{"line":59,"column":2},"end":{"line":59,"column":83}},"39":{"start":{"line":59,"column":12},"end":{"line":59,"column":83}},"40":{"start":{"line":60,"column":2},"end":{"line":60,"column":107}},"41":{"start":{"line":63,"column":34},"end":{"line":68,"column":1}},"42":{"start":{"line":64,"column":2},"end":{"line":64,"column":72}},"43":{"start":{"line":64,"column":20},"end":{"line":64,"column":72}},"44":{"start":{"line":65,"column":14},"end":{"line":65,"column":44}},"45":{"start":{"line":66,"column":2},"end":{"line":66,"column":83}},"46":{"start":{"line":66,"column":12},"end":{"line":66,"column":83}},"47":{"start":{"line":67,"column":2},"end":{"line":67,"column":105}}},"fnMap":{"0":{"name":"(anonymous_0)","decl":{"start":{"line":8,"column":24},"end":{"line":8,"column":25}},"loc":{"start":{"line":8,"column":47},"end":{"line":21,"column":1}},"line":8},"1":{"name":"(anonymous_1)","decl":{"start":{"line":23,"column":29},"end":{"line":23,"column":30}},"loc":{"start":{"line":23,"column":46},"end":{"line":34,"column":1}},"line":23},"2":{"name":"(anonymous_2)","decl":{"start":{"line":27,"column":14},"end":{"line":27,"column":15}},"loc":{"start":{"line":27,"column":30},"end":{"line":31,"column":5}},"line":27},"3":{"name":"(anonymous_3)","decl":{"start":{"line":33,"column":22},"end":{"line":33,"column":23}},"loc":{"start":{"line":33,"column":32},"end":{"line":33,"column":75}},"line":33},"4":{"name":"(anonymous_4)","decl":{"start":{"line":36,"column":26},"end":{"line":36,"column":27}},"loc":{"start":{"line":36,"column":64},"end":{"line":54,"column":1}},"line":36},"5":{"name":"(anonymous_5)","decl":{"start":{"line":37,"column":46},"end":{"line":37,"column":47}},"loc":{"start":{"line":37,"column":56},"end":{"line":44,"column":3}},"line":37},"6":{"name":"(anonymous_6)","decl":{"start":{"line":45,"column":55},"end":{"line":45,"column":56}},"loc":{"start":{"line":45,"column":62},"end":{"line":45,"column":87}},"line":45},"7":{"name":"(anonymous_7)","decl":{"start":{"line":46,"column":55},"end":{"line":46,"column":56}},"loc":{"start":{"line":46,"column":62},"end":{"line":46,"column":87}},"line":46},"8":{"name":"(anonymous_8)","decl":{"start":{"line":50,"column":6},"end":{"line":50,"column":7}},"loc":{"start":{"line":50,"column":13},"end":{"line":50,"column":107}},"line":50},"9":{"name":"(anonymous_9)","decl":{"start":{"line":53,"column":22},"end":{"line":53,"column":23}},"loc":{"start":{"line":53,"column":32},"end":{"line":53,"column":61}},"line":53},"10":{"name":"(anonymous_10)","decl":{"start":{"line":56,"column":32},"end":{"line":56,"column":33}},"loc":{"start":{"line":56,"column":55},"end":{"line":61,"column":1}},"line":56},"11":{"name":"(anonymous_11)","decl":{"start":{"line":63,"column":34},"end":{"line":63,"column":35}},"loc":{"start":{"line":63,"column":57},"end":{"line":68,"column":1}},"line":63}},"branchMap":{"0":{"loc":{"start":{"line":9,"column":2},"end":{"line":9,"column":72}},"type":"if","locations":[{"start":{"line":9,"column":2},"end":{"line":9,"column":72}},{"start":{},"end":{}}],"line":9},"1":{"loc":{"start":{"line":11,"column":2},"end":{"line":11,"column":83}},"type":"if","locations":[{"start":{"line":11,"column":2},"end":{"line":11,"column":83}},{"start":{},"end":{}}],"line":11},"2":{"loc":{"start":{"line":24,"column":2},"end":{"line":24,"column":95}},"type":"if","locations":[{"start":{"line":24,"column":2},"end":{"line":24,"column":95}},{"start":{},"end":{}}],"line":24},"3":{"loc":{"start":{"line":24,"column":6},"end":{"line":24,"column":34}},"type":"binary-expr","locations":[{"start":{"line":24,"column":6},"end":{"line":24,"column":12}},{"start":{"line":24,"column":16},"end":{"line":24,"column":34}}],"line":24},"4":{"loc":{"start":{"line":25,"column":2},"end":{"line":25,"column":82}},"type":"if","locations":[{"start":{"line":25,"column":2},"end":{"line":25,"column":82}},{"start":{},"end":{}}],"line":25},"5":{"loc":{"start":{"line":29,"column":6},"end":{"line":29,"column":70}},"type":"if","locations":[{"start":{"line":29,"column":6},"end":{"line":29,"column":70}},{"start":{},"end":{}}],"line":29},"6":{"loc":{"start":{"line":33,"column":33},"end":{"line":33,"column":51}},"type":"binary-expr","locations":[{"start":{"line":33,"column":33},"end":{"line":33,"column":46}},{"start":{"line":33,"column":50},"end":{"line":33,"column":51}}],"line":33},"7":{"loc":{"start":{"line":33,"column":56},"end":{"line":33,"column":74}},"type":"binary-expr","locations":[{"start":{"line":33,"column":56},"end":{"line":33,"column":69}},{"start":{"line":33,"column":73},"end":{"line":33,"column":74}}],"line":33},"8":{"loc":{"start":{"line":45,"column":2},"end":{"line":45,"column":89}},"type":"if","locations":[{"start":{"line":45,"column":2},"end":{"line":45,"column":89}},{"start":{},"end":{}}],"line":45},"9":{"loc":{"start":{"line":46,"column":2},"end":{"line":46,"column":89}},"type":"if","locations":[{"start":{"line":46,"column":2},"end":{"line":46,"column":89}},{"start":{},"end":{}}],"line":46},"10":{"loc":{"start":{"line":47,"column":2},"end":{"line":52,"column":3}},"type":"if","locations":[{"start":{"line":47,"column":2},"end":{"line":52,"column":3}},{"start":{},"end":{}}],"line":47},"11":{"loc":{"start":{"line":50,"column":13},"end":{"line":50,"column":107}},"type":"binary-expr","locations":[{"start":{"line":50,"column":13},"end":{"line":50,"column":33}},{"start":{"line":50,"column":37},"end":{"line":50,"column":57}},{"start":{"line":50,"column":61},"end":{"line":50,"column":82}},{"start":{"line":50,"column":86},"end":{"line":50,"column":107}}],"line":50},"12":{"loc":{"start":{"line":57,"column":2},"end":{"line":57,"column":72}},"type":"if","locations":[{"start":{"line":57,"column":2},"end":{"line":57,"column":72}},{"start":{},"end":{}}],"line":57},"13":{"loc":{"start":{"line":59,"column":2},"end":{"line":59,"column":83}},"type":"if","locations":[{"start":{"line":59,"column":2},"end":{"line":59,"column":83}},{"start":{},"end":{}}],"line":59},"14":{"loc":{"start":{"line":64,"column":2},"end":{"line":64,"column":72}},"type":"if","locations":[{"start":{"line":64,"column":2},"end":{"line":64,"column":72}},{"start":{},"end":{}}],"line":64},"15":{"loc":{"start":{"line":66,"column":2},"end":{"line":66,"column":83}},"type":"if","locations":[{"start":{"line":66,"column":2},"end":{"line":66,"column":83}},{"start":{},"end":{}}],"line":66}},"s":{"0":1,"1":9,"2":1,"3":8,"4":8,"5":1,"6":7,"7":1,"8":12,"9":2,"10":10,"11":1,"12":9,"13":35,"14":35,"15":3,"16":32,"17":9,"18":26,"19":1,"20":12,"21":24,"22":12,"23":4,"24":8,"25":12,"26":2,"27":4,"28":12,"29":2,"30":2,"31":4,"32":12,"33":6,"34":1,"35":7,"36":1,"37":6,"38":6,"39":1,"40":5,"41":1,"42":10,"43":1,"44":9,"45":9,"46":1,"47":8},"f":{"0":9,"1":12,"2":35,"3":26,"4":12,"5":24,"6":8,"7":4,"8":4,"9":6,"10":7,"11":10},"b":{"0":[1,8],"1":[1,7],"2":[2,10],"3":[12,12],"4":[1,9],"5":[3,32],"6":[26,1],"7":[26,2],"8":[4,8],"9":[2,10],"10":[2,10],"11":[4,1,1,1],"12":[1,6],"13":[1,5],"14":[1,9],"15":[1,8]},"inputSourceMap":null,"_coverageSchema":"1a1c01bbd47fc00a2c39e90264f33305004495a9","hash":"d8995f2ccdcb158d1433816bf9f4a9887995d1d6"}
}
