TN:
SF:src/capitals.js
FNF:0
FNH:0
DA:1,0
LF:1
LH:0
BRF:0
BRH:0
end_of_record
TN:
SF:src/checkQolCoverage.js
FN:6,(anonymous_0)
FN:19,(anonymous_1)
FN:20,(anonymous_2)
FN:34,(anonymous_3)
FNF:4
FNH:0
FNDA:0,(anonymous_0)
FNDA:0,(anonymous_1)
FNDA:0,(anonymous_2)
FNDA:0,(anonymous_3)
DA:3,0
DA:4,0
DA:5,0
DA:6,0
DA:8,0
DA:9,0
DA:11,0
DA:12,0
DA:13,0
DA:14,0
DA:15,0
DA:16,0
DA:18,0
DA:19,0
DA:20,0
DA:21,0
DA:22,0
DA:24,0
DA:25,0
DA:29,0
DA:30,0
DA:31,0
DA:32,0
DA:33,0
DA:34,0
LF:25
LH:0
BRDA:13,0,0,0
BRDA:13,0,1,0
BRDA:19,1,0,0
BRDA:19,1,1,0
BRDA:21,2,0,0
BRDA:21,2,1,0
BRDA:32,3,0,0
BRDA:32,3,1,0
BRF:8
BRH:0
end_of_record
TN:
SF:src/db.js
FN:20,(anonymous_0)
FN:51,(anonymous_1)
FN:56,(anonymous_2)
FN:63,(anonymous_3)
FN:64,(anonymous_4)
FN:68,(anonymous_5)
FN:72,(anonymous_6)
FNF:7
FNH:0
FNDA:0,(anonymous_0)
FNDA:0,(anonymous_1)
FNDA:0,(anonymous_2)
FNDA:0,(anonymous_3)
FNDA:0,(anonymous_4)
FNDA:0,(anonymous_5)
FNDA:0,(anonymous_6)
DA:5,0
DA:6,0
DA:7,0
DA:10,0
DA:11,0
DA:12,0
DA:14,0
DA:15,0
DA:18,0
DA:20,0
DA:21,0
DA:23,0
DA:24,0
DA:27,0
DA:28,0
DA:29,0
DA:31,0
DA:36,0
DA:37,0
DA:38,0
DA:39,0
DA:43,0
DA:44,0
DA:46,0
DA:47,0
DA:51,0
DA:52,0
DA:54,0
DA:55,0
DA:56,0
DA:60,0
DA:61,0
DA:62,0
DA:63,0
DA:64,0
DA:68,0
DA:69,0
DA:72,0
DA:73,0
DA:74,0
DA:76,0
DA:78,0
LF:42
LH:0
BRDA:10,0,0,0
BRDA:10,0,1,0
BRDA:14,1,0,0
BRDA:14,1,1,0
BRDA:21,2,0,0
BRDA:21,2,1,0
BRDA:27,3,0,0
BRDA:27,3,1,0
BRDA:36,4,0,0
BRDA:36,4,1,0
BRDA:38,5,0,0
BRDA:38,5,1,0
BRDA:43,6,0,0
BRDA:43,6,1,0
BRDA:54,7,0,0
BRDA:54,7,1,0
BRDA:60,8,0,0
BRDA:60,8,1,0
BRDA:61,9,0,0
BRDA:61,9,1,0
BRDA:73,10,0,0
BRDA:73,10,1,0
BRF:22
BRH:0
end_of_record
TN:
SF:src/error.js
FN:2,(anonymous_0)
FN:9,(anonymous_1)
FNF:2
FNH:1
FNDA:28,(anonymous_0)
FNDA:0,(anonymous_1)
DA:3,28
DA:4,28
DA:10,0
DA:11,0
LF:4
LH:2
BRF:0
BRH:0
end_of_record
TN:
SF:src/meteoScraper.js
FN:5,(anonymous_0)
FN:5,(anonymous_1)
FN:31,(anonymous_2)
FN:90,(anonymous_3)
FNF:4
FNH:0
FNDA:0,(anonymous_0)
FNDA:0,(anonymous_1)
FNDA:0,(anonymous_2)
FNDA:0,(anonymous_3)
DA:5,0
DA:7,0
DA:8,0
DA:9,0
DA:10,0
DA:11,0
DA:14,0
DA:15,0
DA:16,0
DA:17,0
DA:21,0
DA:22,0
DA:23,0
DA:24,0
DA:25,0
DA:27,0
DA:31,0
DA:32,0
DA:34,0
DA:36,0
DA:37,0
DA:39,0
DA:41,0
DA:42,0
DA:43,0
DA:44,0
DA:45,0
DA:46,0
DA:48,0
DA:49,0
DA:52,0
DA:53,0
DA:55,0
DA:62,0
DA:65,0
DA:66,0
DA:68,0
DA:69,0
DA:70,0
DA:73,0
DA:74,0
DA:76,0
DA:77,0
DA:78,0
DA:79,0
DA:81,0
DA:91,0
DA:92,0
DA:103,0
DA:104,0
DA:105,0
DA:108,0
DA:109,0
DA:111,0
DA:113,0
DA:114,0
DA:118,0
DA:119,0
DA:120,0
LF:59
LH:0
BRDA:15,0,0,0
BRDA:15,0,1,0
BRDA:22,1,0,0
BRDA:22,1,1,0
BRDA:41,2,0,0
BRDA:41,2,1,0
BRDA:44,3,0,0
BRDA:44,3,1,0
BRDA:113,4,0,0
BRDA:113,4,1,0
BRDA:113,5,0,0
BRDA:113,5,1,0
BRDA:119,6,0,0
BRDA:119,6,1,0
BRF:14
BRH:0
end_of_record
TN:
SF:src/observability.js
FN:22,shipToAxiom
FN:37,log
FN:51,(anonymous_2)
FN:52,(anonymous_3)
FN:53,(anonymous_4)
FN:82,recordLatency
FN:95,recordUpstream
FN:102,recordScoreComputed
FN:116,requestLogger
FN:121,(anonymous_9)
FN:147,errorLogger
FN:163,healthHandler
FN:174,metricsHandler
FNF:13
FNH:5
FNDA:0,shipToAxiom
FNDA:92,log
FNDA:92,(anonymous_2)
FNDA:0,(anonymous_3)
FNDA:0,(anonymous_4)
FNDA:92,recordLatency
FNDA:0,recordUpstream
FNDA:0,recordScoreComputed
FNDA:92,requestLogger
FNDA:92,(anonymous_9)
FNDA:0,errorLogger
FNDA:0,healthHandler
FNDA:0,metricsHandler
DA:13,2
DA:14,2
DA:15,2
DA:16,2
DA:23,0
DA:24,0
DA:38,92
DA:46,92
DA:47,92
DA:50,2
DA:51,92
DA:52,0
DA:53,0
DA:60,2
DA:83,92
DA:84,92
DA:85,92
DA:86,92
DA:88,0
DA:96,0
DA:97,0
DA:98,0
DA:99,0
DA:103,0
DA:104,0
DA:105,0
DA:106,0
DA:107,0
DA:108,0
DA:109,0
DA:117,92
DA:118,92
DA:119,92
DA:121,92
DA:122,92
DA:123,92
DA:124,92
DA:126,92
DA:127,92
DA:128,92
DA:129,92
DA:130,92
DA:132,92
DA:144,92
DA:148,0
DA:156,0
DA:164,0
DA:165,0
DA:175,0
DA:178,0
DA:182,0
LF:51
LH:28
BRDA:16,0,0,2
BRDA:16,0,1,0
BRDA:37,1,0,0
BRDA:47,2,0,0
BRDA:47,2,1,92
BRDA:47,3,0,92
BRDA:47,3,1,0
BRDA:86,4,0,92
BRDA:86,4,1,0
BRDA:96,5,0,0
BRDA:96,5,1,0
BRDA:97,6,0,0
BRDA:97,6,1,0
BRDA:104,7,0,0
BRDA:104,7,1,0
BRDA:105,8,0,0
BRDA:105,8,1,0
BRDA:106,9,0,0
BRDA:106,9,1,0
BRDA:107,10,0,0
BRDA:107,10,1,0
BRDA:127,11,0,92
BRDA:127,11,1,8
BRDA:128,12,0,92
BRDA:128,12,1,4
BRDA:129,13,0,18
BRDA:129,13,1,74
BRDA:140,14,0,92
BRDA:140,14,1,0
BRDA:153,15,0,0
BRDA:153,15,1,0
BRDA:154,16,0,0
BRDA:154,16,1,0
BRDA:175,17,0,0
BRDA:175,17,1,0
BRDA:178,18,0,0
BRDA:178,18,1,0
BRF:37
BRH:11
end_of_record
TN:
SF:src/processing.js
FN:36,(anonymous_0)
FN:36,(anonymous_1)
FN:38,(anonymous_2)
FN:40,(anonymous_3)
FN:40,(anonymous_4)
FN:44,(anonymous_5)
FN:47,(anonymous_6)
FN:82,(anonymous_7)
FN:83,(anonymous_8)
FN:86,(anonymous_9)
FN:87,(anonymous_10)
FN:88,(anonymous_11)
FN:89,(anonymous_12)
FN:90,(anonymous_13)
FN:97,(anonymous_14)
FN:102,(anonymous_15)
FN:111,(anonymous_16)
FN:155,(anonymous_17)
FN:159,(anonymous_18)
FN:168,(anonymous_19)
FN:183,(anonymous_20)
FN:190,(anonymous_21)
FN:196,(anonymous_22)
FN:196,(anonymous_23)
FN:205,(anonymous_24)
FN:211,(anonymous_25)
FN:212,(anonymous_26)
FN:213,(anonymous_27)
FN:214,(anonymous_28)
FN:215,(anonymous_29)
FN:216,(anonymous_30)
FN:229,(anonymous_31)
FN:262,(anonymous_32)
FN:265,(anonymous_33)
FN:266,(anonymous_34)
FN:307,(anonymous_35)
FN:318,(anonymous_36)
FN:338,(anonymous_37)
FN:339,(anonymous_38)
FN:340,(anonymous_39)
FN:341,(anonymous_40)
FN:342,(anonymous_41)
FN:343,(anonymous_42)
FNF:43
FNH:40
FNDA:1387,(anonymous_0)
FNDA:55959,(anonymous_1)
FNDA:222,(anonymous_2)
FNDA:18628,(anonymous_3)
FNDA:18423,(anonymous_4)
FNDA:18628,(anonymous_5)
FNDA:46,(anonymous_6)
FNDA:644,(anonymous_7)
FNDA:1679,(anonymous_8)
FNDA:130,(anonymous_9)
FNDA:130,(anonymous_10)
FNDA:104,(anonymous_11)
FNDA:130,(anonymous_12)
FNDA:130,(anonymous_13)
FNDA:0,(anonymous_14)
FNDA:104,(anonymous_15)
FNDA:130,(anonymous_16)
FNDA:46,(anonymous_17)
FNDA:552,(anonymous_18)
FNDA:552,(anonymous_19)
FNDA:93265,(anonymous_20)
FNDA:46,(anonymous_21)
FNDA:1104,(anonymous_22)
FNDA:74612,(anonymous_23)
FNDA:436,(anonymous_24)
FNDA:3810,(anonymous_25)
FNDA:3811,(anonymous_26)
FNDA:3811,(anonymous_27)
FNDA:3811,(anonymous_28)
FNDA:3410,(anonymous_29)
FNDA:0,(anonymous_30)
FNDA:46,(anonymous_31)
FNDA:230,(anonymous_32)
FNDA:20,(anonymous_33)
FNDA:20,(anonymous_34)
FNDA:46,(anonymous_35)
FNDA:64,(anonymous_36)
FNDA:3810,(anonymous_37)
FNDA:3811,(anonymous_38)
FNDA:3811,(anonymous_39)
FNDA:3811,(anonymous_40)
FNDA:3410,(anonymous_41)
FNDA:0,(anonymous_42)
DA:7,2
DA:13,2
DA:14,2
DA:15,2
DA:16,2
DA:17,2
DA:18,0
DA:19,2
DA:20,2
DA:21,0
DA:22,2
DA:23,2
DA:26,0
DA:36,55959
DA:38,2
DA:39,222
DA:40,18628
DA:41,205
DA:42,205
DA:43,205
DA:44,18628
DA:47,2
DA:48,46
DA:49,46
DA:51,46
DA:52,46
DA:61,46
DA:62,46
DA:63,276
DA:64,276
DA:65,276
DA:66,222
DA:67,18675
DA:68,18675
DA:69,18653
DA:72,222
DA:75,46
DA:82,644
DA:83,1679
DA:86,130
DA:87,130
DA:88,104
DA:89,130
DA:90,2
DA:91,130
DA:92,130
DA:93,0
DA:97,2
DA:98,0
DA:99,0
DA:102,2
DA:103,104
DA:104,102
DA:105,100
DA:106,98
DA:107,2
DA:111,2
DA:112,130
DA:113,130
DA:114,130
DA:116,130
DA:117,130
DA:120,130
DA:121,130
DA:122,130
DA:123,130
DA:124,130
DA:126,130
DA:138,130
DA:155,2
DA:156,46
DA:157,46
DA:159,552
DA:161,46
DA:162,276
DA:163,18653
DA:164,18653
DA:168,552
DA:183,93265
DA:185,2
DA:190,2
DA:191,46
DA:192,46
DA:193,46
DA:195,46
DA:196,74612
DA:197,184
DA:205,436
DA:206,184
DA:207,100
DA:208,100
DA:210,84
DA:211,3810
DA:212,3811
DA:213,3811
DA:214,3811
DA:215,3410
DA:216,0
DA:219,84
DA:222,46
DA:229,2
DA:230,46
DA:231,46
DA:234,46
DA:237,46
DA:238,46
DA:241,46
DA:242,46
DA:245,46
DA:246,46
DA:249,46
DA:250,46
DA:254,46
DA:262,230
DA:263,46
DA:264,46
DA:265,20
DA:266,20
DA:269,46
DA:295,2
DA:307,2
DA:308,46
DA:309,46
DA:310,4
DA:311,4
DA:318,2
DA:319,64
DA:320,64
DA:321,296
DA:324,53
DA:331,53
DA:332,248
DA:335,46
DA:337,46
DA:338,3810
DA:339,3811
DA:340,3811
DA:341,3811
DA:342,3410
DA:343,0
DA:347,46
DA:348,46
DA:349,46
DA:351,46
DA:352,46
DA:353,4
DA:356,46
DA:363,46
DA:364,46
DA:366,46
DA:378,46
LF:151
LH:143
BRDA:39,0,0,17
BRDA:39,0,1,205
BRDA:44,1,0,18628
BRDA:44,1,1,18628
BRDA:65,2,0,54
BRDA:65,2,1,222
BRDA:68,3,0,18653
BRDA:68,3,1,22
BRDA:68,4,0,18675
BRDA:68,4,1,18653
BRDA:68,4,2,18653
BRDA:91,5,0,0
BRDA:91,5,1,130
BRDA:92,6,0,130
BRDA:92,6,1,0
BRDA:103,7,0,2
BRDA:103,7,1,102
BRDA:104,8,0,2
BRDA:104,8,1,100
BRDA:105,9,0,2
BRDA:105,9,1,98
BRDA:106,10,0,96
BRDA:106,10,1,2
BRDA:116,11,0,130
BRDA:116,11,1,104
BRDA:116,11,2,104
BRDA:117,12,0,130
BRDA:117,12,1,0
BRDA:117,12,2,0
BRDA:120,13,0,104
BRDA:120,13,1,26
BRDA:121,14,0,0
BRDA:121,14,1,130
BRDA:128,15,0,104
BRDA:128,15,1,26
BRDA:129,16,0,0
BRDA:129,16,1,130
BRDA:141,17,0,104
BRDA:141,17,1,26
BRDA:142,18,0,104
BRDA:142,18,1,26
BRDA:143,19,0,0
BRDA:143,19,1,130
BRDA:170,20,0,157
BRDA:170,20,1,395
BRDA:171,21,0,157
BRDA:171,21,1,395
BRDA:172,22,0,157
BRDA:172,22,1,395
BRDA:173,23,0,157
BRDA:173,23,1,395
BRDA:174,24,0,135
BRDA:174,24,1,417
BRDA:175,25,0,0
BRDA:175,25,1,552
BRDA:191,26,0,2
BRDA:191,26,1,44
BRDA:206,27,0,100
BRDA:206,27,1,84
BRDA:215,28,0,68
BRDA:215,28,1,16
BRDA:216,29,0,0
BRDA:216,29,1,84
BRDA:230,30,0,46
BRDA:230,30,1,42
BRDA:231,31,0,46
BRDA:231,31,1,42
BRDA:234,32,0,4
BRDA:234,32,1,42
BRDA:237,33,0,46
BRDA:237,33,1,42
BRDA:238,34,0,4
BRDA:238,34,1,42
BRDA:241,35,0,46
BRDA:241,35,1,42
BRDA:242,36,0,4
BRDA:242,36,1,42
BRDA:245,37,0,46
BRDA:245,37,1,42
BRDA:246,38,0,4
BRDA:246,38,1,42
BRDA:249,39,0,46
BRDA:249,39,1,42
BRDA:250,40,0,4
BRDA:250,40,1,42
BRDA:264,41,0,4
BRDA:264,41,1,42
BRDA:308,42,0,46
BRDA:308,42,1,42
BRDA:309,43,0,42
BRDA:309,43,1,4
BRDA:321,44,0,11
BRDA:321,44,1,285
BRDA:332,45,0,7
BRDA:332,45,1,241
BRDA:342,46,0,36
BRDA:342,46,1,10
BRDA:343,47,0,0
BRDA:343,47,1,46
BRDA:352,48,0,4
BRDA:352,48,1,42
BRDA:369,49,0,46
BRDA:369,49,1,44
BRF:103
BRH:93
end_of_record
TN:
SF:src/s3.js
FN:19,(anonymous_0)
FN:34,(anonymous_1)
FN:54,(anonymous_2)
FN:60,(anonymous_3)
FNF:4
FNH:0
FNDA:0,(anonymous_0)
FNDA:0,(anonymous_1)
FNDA:0,(anonymous_2)
FNDA:0,(anonymous_3)
DA:8,0
DA:17,0
DA:19,0
DA:21,0
DA:22,0
DA:23,0
DA:24,0
DA:25,0
DA:26,0
DA:28,0
DA:29,0
DA:34,0
DA:36,0
DA:37,0
DA:38,0
DA:46,0
DA:48,0
DA:49,0
DA:54,0
DA:56,0
DA:57,0
DA:58,0
DA:59,0
DA:60,0
DA:62,0
DA:63,0
LF:26
LH:0
BRDA:9,0,0,0
BRDA:9,0,1,0
BRDA:60,1,0,0
BRDA:60,1,1,0
BRF:4
BRH:0
end_of_record
TN:
SF:src/score.js
FN:8,(anonymous_0)
FN:23,(anonymous_1)
FN:27,(anonymous_2)
FN:33,(anonymous_3)
FN:36,(anonymous_4)
FN:37,(anonymous_5)
FN:45,(anonymous_6)
FN:46,(anonymous_7)
FN:50,(anonymous_8)
FN:53,(anonymous_9)
FN:56,(anonymous_10)
FN:63,(anonymous_11)
FNF:12
FNH:12
FNDA:25,(anonymous_0)
FNDA:12,(anonymous_1)
FNDA:35,(anonymous_2)
FNDA:26,(anonymous_3)
FNDA:20,(anonymous_4)
FNDA:40,(anonymous_5)
FNDA:10,(anonymous_6)
FNDA:4,(anonymous_7)
FNDA:4,(anonymous_8)
FNDA:14,(anonymous_9)
FNDA:7,(anonymous_10)
FNDA:10,(anonymous_11)
DA:8,2
DA:9,25
DA:10,24
DA:11,24
DA:12,22
DA:23,2
DA:24,12
DA:25,10
DA:26,9
DA:28,35
DA:29,35
DA:30,32
DA:33,26
DA:36,2
DA:37,40
DA:45,20
DA:46,20
DA:47,20
DA:48,2
DA:49,2
DA:50,4
DA:53,20
DA:56,2
DA:57,7
DA:58,6
DA:59,6
DA:60,5
DA:63,2
DA:64,10
DA:65,9
DA:66,9
DA:67,8
LF:32
LH:32
BRDA:9,0,0,1
BRDA:9,0,1,24
BRDA:11,1,0,2
BRDA:11,1,1,22
BRDA:24,2,0,2
BRDA:24,2,1,10
BRDA:24,3,0,12
BRDA:24,3,1,12
BRDA:25,4,0,1
BRDA:25,4,1,9
BRDA:29,5,0,3
BRDA:29,5,1,32
BRDA:33,6,0,26
BRDA:33,6,1,1
BRDA:33,7,0,26
BRDA:33,7,1,2
BRDA:45,8,0,5
BRDA:45,8,1,15
BRDA:46,9,0,2
BRDA:46,9,1,18
BRDA:47,10,0,2
BRDA:47,10,1,18
BRDA:50,11,0,4
BRDA:50,11,1,1
BRDA:50,11,2,1
BRDA:50,11,3,1
BRDA:57,12,0,1
BRDA:57,12,1,6
BRDA:59,13,0,1
BRDA:59,13,1,5
BRDA:64,14,0,1
BRDA:64,14,1,9
BRDA:66,15,0,1
BRDA:66,15,1,8
BRF:34
BRH:34
end_of_record
TN:
SF:src/supplementaryQol.js
FNF:0
FNH:0
DA:3,0
DA:10,0
DA:11,0
DA:14,0
DA:15,0
DA:16,0
DA:17,0
DA:18,0
DA:19,0
DA:21,0
DA:23,0
DA:25,0
DA:27,0
DA:28,0
DA:30,0
DA:31,0
DA:32,0
DA:34,0
DA:35,0
DA:36,0
DA:40,0
DA:41,0
DA:42,0
DA:43,0
DA:44,0
DA:46,0
DA:47,0
DA:50,0
DA:51,0
DA:52,0
DA:55,0
DA:58,0
DA:59,0
LF:33
LH:0
BRDA:34,0,0,0
BRDA:34,0,1,0
BRDA:44,1,0,0
BRDA:44,1,1,0
BRDA:44,2,0,0
BRDA:44,2,1,0
BRDA:46,3,0,0
BRDA:46,3,1,0
BRDA:50,4,0,0
BRDA:50,4,1,0
BRF:10
BRH:0
end_of_record
