TN:
SF:src/db.js
FN:5,(anonymous_0)
FN:16,(anonymous_1)
FN:19,(anonymous_2)
FN:27,(anonymous_3)
FNF:4
FNH:0
FNDA:0,(anonymous_0)
FNDA:0,(anonymous_1)
FNDA:0,(anonymous_2)
FNDA:0,(anonymous_3)
DA:3,0
DA:5,0
DA:6,0
DA:7,0
DA:8,0
DA:9,0
DA:10,0
DA:12,0
DA:16,0
DA:17,0
DA:18,0
DA:20,0
DA:21,0
DA:24,0
DA:27,0
DA:28,0
DA:29,0
LF:17
LH:0
BRDA:6,0,0,0
BRDA:6,0,1,0
BRF:2
BRH:0
end_of_record
TN:
SF:src/error.js
FN:2,(anonymous_0)
FN:9,(anonymous_1)
FNF:2
FNH:1
FNDA:29,(anonymous_0)
FNDA:0,(anonymous_1)
DA:3,29
DA:4,29
DA:10,0
DA:11,0
LF:4
LH:2
BRF:0
BRH:0
end_of_record
TN:
SF:src/processing.js
FN:8,(anonymous_0)
FN:8,(anonymous_1)
FN:10,(anonymous_2)
FN:12,(anonymous_3)
FN:12,(anonymous_4)
FN:16,(anonymous_5)
FN:19,(anonymous_6)
FN:51,(anonymous_7)
FN:52,(anonymous_8)
FN:54,(anonymous_9)
FN:55,(anonymous_10)
FN:56,(anonymous_11)
FN:57,(anonymous_12)
FN:58,(anonymous_13)
FN:64,(anonymous_14)
FN:72,(anonymous_15)
FN:105,(anonymous_16)
FN:109,(anonymous_17)
FN:118,(anonymous_18)
FN:132,(anonymous_19)
FN:139,(anonymous_20)
FN:145,(anonymous_21)
FN:145,(anonymous_22)
FN:153,(anonymous_23)
FN:159,(anonymous_24)
FN:160,(anonymous_25)
FN:161,(anonymous_26)
FN:162,(anonymous_27)
FN:163,(anonymous_28)
FN:175,(anonymous_29)
FN:196,(anonymous_30)
FN:197,(anonymous_31)
FN:198,(anonymous_32)
FN:199,(anonymous_33)
FN:200,(anonymous_34)
FNF:35
FNH:35
FNDA:1219,(anonymous_0)
FNDA:51399,(anonymous_1)
FNDA:190,(anonymous_2)
FNDA:17108,(anonymous_3)
FNDA:16935,(anonymous_4)
FNDA:17108,(anonymous_5)
FNDA:38,(anonymous_6)
FNDA:536,(anonymous_7)
FNDA:1435,(anonymous_8)
FNDA:108,(anonymous_9)
FNDA:108,(anonymous_10)
FNDA:104,(anonymous_11)
FNDA:108,(anonymous_12)
FNDA:108,(anonymous_13)
FNDA:104,(anonymous_14)
FNDA:108,(anonymous_15)
FNDA:38,(anonymous_16)
FNDA:456,(anonymous_17)
FNDA:456,(anonymous_18)
FNDA:85665,(anonymous_19)
FNDA:38,(anonymous_20)
FNDA:760,(anonymous_21)
FNDA:68532,(anonymous_22)
FNDA:362,(anonymous_23)
FNDA:3430,(anonymous_24)
FNDA:3431,(anonymous_25)
FNDA:3431,(anonymous_26)
FNDA:3431,(anonymous_27)
FNDA:3410,(anonymous_28)
FNDA:58,(anonymous_29)
FNDA:3430,(anonymous_30)
FNDA:3431,(anonymous_31)
FNDA:3431,(anonymous_32)
FNDA:3431,(anonymous_33)
FNDA:3410,(anonymous_34)
DA:8,51399
DA:10,1
DA:11,190
DA:12,17108
DA:13,173
DA:14,173
DA:15,173
DA:16,17108
DA:19,1
DA:20,38
DA:21,38
DA:23,38
DA:24,38
DA:32,38
DA:33,38
DA:34,190
DA:35,190
DA:36,17155
DA:37,17155
DA:38,17133
DA:41,190
DA:44,38
DA:51,536
DA:52,1435
DA:54,108
DA:55,108
DA:56,104
DA:57,108
DA:58,1
DA:59,108
DA:60,108
DA:61,0
DA:64,1
DA:65,104
DA:66,102
DA:67,100
DA:68,98
DA:69,2
DA:72,1
DA:73,108
DA:74,108
DA:75,108
DA:77,108
DA:78,108
DA:79,108
DA:80,108
DA:82,108
DA:89,108
DA:105,1
DA:106,38
DA:107,38
DA:109,456
DA:111,38
DA:112,190
DA:113,17133
DA:114,17133
DA:118,456
DA:132,85665
DA:134,1
DA:139,1
DA:140,38
DA:141,38
DA:142,38
DA:144,38
DA:145,68532
DA:146,152
DA:153,362
DA:154,152
DA:155,82
DA:156,82
DA:158,70
DA:159,3430
DA:160,3431
DA:161,3431
DA:162,3431
DA:163,3410
DA:165,70
DA:168,38
DA:175,1
DA:176,58
DA:177,58
DA:178,266
DA:181,47
DA:189,47
DA:190,258
DA:193,38
DA:195,38
DA:196,3430
DA:197,3431
DA:198,3431
DA:199,3431
DA:200,3410
DA:203,38
DA:204,38
DA:205,38
DA:207,38
DA:219,38
LF:97
LH:96
BRDA:11,0,0,17
BRDA:11,0,1,173
BRDA:16,1,0,17108
BRDA:16,1,1,17108
BRDA:37,2,0,17133
BRDA:37,2,1,22
BRDA:37,3,0,17155
BRDA:37,3,1,17133
BRDA:37,3,2,17133
BRDA:59,4,0,0
BRDA:59,4,1,108
BRDA:60,5,0,108
BRDA:60,5,1,0
BRDA:65,6,0,2
BRDA:65,6,1,102
BRDA:66,7,0,2
BRDA:66,7,1,100
BRDA:67,8,0,2
BRDA:67,8,1,98
BRDA:68,9,0,96
BRDA:68,9,1,2
BRDA:77,10,0,108
BRDA:77,10,1,104
BRDA:77,10,2,104
BRDA:78,11,0,104
BRDA:78,11,1,4
BRDA:84,12,0,104
BRDA:84,12,1,4
BRDA:92,13,0,104
BRDA:92,13,1,4
BRDA:93,14,0,104
BRDA:93,14,1,4
BRDA:120,15,0,137
BRDA:120,15,1,319
BRDA:121,16,0,137
BRDA:121,16,1,319
BRDA:122,17,0,137
BRDA:122,17,1,319
BRDA:123,18,0,137
BRDA:123,18,1,319
BRDA:124,19,0,135
BRDA:124,19,1,321
BRDA:140,20,0,2
BRDA:140,20,1,36
BRDA:154,21,0,82
BRDA:154,21,1,70
BRDA:163,22,0,68
BRDA:163,22,1,2
BRDA:178,23,0,11
BRDA:178,23,1,255
BRDA:190,24,0,9
BRDA:190,24,1,249
BRDA:200,25,0,36
BRDA:200,25,1,2
BRDA:210,26,0,38
BRDA:210,26,1,36
BRF:56
BRH:54
end_of_record
TN:
SF:src/s3.js
FN:15,(anonymous_0)
FN:21,(anonymous_1)
FN:32,(anonymous_2)
FN:34,(anonymous_3)
FNF:4
FNH:0
FNDA:0,(anonymous_0)
FNDA:0,(anonymous_1)
FNDA:0,(anonymous_2)
FNDA:0,(anonymous_3)
DA:4,0
DA:13,0
DA:15,0
DA:16,0
DA:17,0
DA:18,0
DA:21,0
DA:22,0
DA:32,0
DA:33,0
DA:34,0
LF:11
LH:0
BRDA:5,0,0,0
BRDA:5,0,1,0
BRDA:34,1,0,0
BRDA:34,1,1,0
BRF:4
BRH:0
end_of_record
TN:
SF:src/score.js
FN:8,(anonymous_0)
FN:23,(anonymous_1)
FN:27,(anonymous_2)
FN:33,(anonymous_3)
FN:36,(anonymous_4)
FN:37,(anonymous_5)
FN:45,(anonymous_6)
FN:46,(anonymous_7)
FN:50,(anonymous_8)
FN:53,(anonymous_9)
FN:56,(anonymous_10)
FN:63,(anonymous_11)
FNF:12
FNH:12
FNDA:9,(anonymous_0)
FNDA:12,(anonymous_1)
FNDA:35,(anonymous_2)
FNDA:26,(anonymous_3)
FNDA:12,(anonymous_4)
FNDA:24,(anonymous_5)
FNDA:8,(anonymous_6)
FNDA:4,(anonymous_7)
FNDA:4,(anonymous_8)
FNDA:6,(anonymous_9)
FNDA:7,(anonymous_10)
FNDA:10,(anonymous_11)
DA:8,1
DA:9,9
DA:10,8
DA:11,8
DA:12,7
DA:23,1
DA:24,12
DA:25,10
DA:26,9
DA:28,35
DA:29,35
DA:30,32
DA:33,26
DA:36,1
DA:37,24
DA:45,12
DA:46,12
DA:47,12
DA:48,2
DA:49,2
DA:50,4
DA:53,12
DA:56,1
DA:57,7
DA:58,6
DA:59,6
DA:60,5
DA:63,1
DA:64,10
DA:65,9
DA:66,9
DA:67,8
LF:32
LH:32
BRDA:9,0,0,1
BRDA:9,0,1,8
BRDA:11,1,0,1
BRDA:11,1,1,7
BRDA:24,2,0,2
BRDA:24,2,1,10
BRDA:24,3,0,12
BRDA:24,3,1,12
BRDA:25,4,0,1
BRDA:25,4,1,9
BRDA:29,5,0,3
BRDA:29,5,1,32
BRDA:33,6,0,26
BRDA:33,6,1,1
BRDA:33,7,0,26
BRDA:33,7,1,2
BRDA:45,8,0,4
BRDA:45,8,1,8
BRDA:46,9,0,2
BRDA:46,9,1,10
BRDA:47,10,0,2
BRDA:47,10,1,10
BRDA:50,11,0,4
BRDA:50,11,1,1
BRDA:50,11,2,1
BRDA:50,11,3,1
BRDA:57,12,0,1
BRDA:57,12,1,6
BRDA:59,13,0,1
BRDA:59,13,1,5
BRDA:64,14,0,1
BRDA:64,14,1,9
BRDA:66,15,0,1
BRDA:66,15,1,8
BRF:34
BRH:34
end_of_record
